CRITICAL - 2022-03-14 01:34:50 --> Invalid file: welcome_message.php
#0 C:\xampp8\htdocs\hiddengem\system\View\View.php(198): CodeIgniter\Exceptions\FrameworkException::forInvalidFile('welcome_message...')
#1 C:\xampp8\htdocs\hiddengem\system\Common.php(1089): CodeIgniter\View\View->render('welcome_message', Array, true)
#2 C:\xampp8\htdocs\hiddengem\app\Views\layout\v_content.php(4): view('welcome_message')
#3 C:\xampp8\htdocs\hiddengem\system\View\View.php(210): include('C:\\xampp8\\htdoc...')
#4 C:\xampp8\htdocs\hiddengem\system\View\View.php(213): CodeIgniter\View\View->CodeIgniter\View\{closure}()
#5 C:\xampp8\htdocs\hiddengem\system\Common.php(1089): CodeIgniter\View\View->render('layout/v_conten...', Array, true)
#6 C:\xampp8\htdocs\hiddengem\app\Views\layout\v_wrapper.php(5): view('layout/v_conten...')
#7 C:\xampp8\htdocs\hiddengem\system\View\View.php(210): include('C:\\xampp8\\htdoc...')
#8 C:\xampp8\htdocs\hiddengem\system\View\View.php(213): CodeIgniter\View\View->CodeIgniter\View\{closure}()
#9 C:\xampp8\htdocs\hiddengem\system\Common.php(1089): CodeIgniter\View\View->render('layout/v_wrappe...', Array, true)
#10 C:\xampp8\htdocs\hiddengem\app\Controllers\Home.php(13): view('layout/v_wrappe...', Array)
#11 C:\xampp8\htdocs\hiddengem\system\CodeIgniter.php(832): App\Controllers\Home->index()
#12 C:\xampp8\htdocs\hiddengem\system\CodeIgniter.php(419): CodeIgniter\CodeIgniter->runController(Object(App\Controllers\Home))
#13 C:\xampp8\htdocs\hiddengem\system\CodeIgniter.php(326): CodeIgniter\CodeIgniter->handleRequest(NULL, Object(Config\Cache), false)
#14 C:\xampp8\htdocs\hiddengem\public\index.php(37): CodeIgniter\CodeIgniter->run()
#15 {main}
CRITICAL - 2022-03-14 01:35:21 --> Invalid file: welcome_message.php
#0 C:\xampp8\htdocs\hiddengem\system\View\View.php(198): CodeIgniter\Exceptions\FrameworkException::forInvalidFile('welcome_message...')
#1 C:\xampp8\htdocs\hiddengem\system\Common.php(1089): CodeIgniter\View\View->render('welcome_message', Array, true)
#2 C:\xampp8\htdocs\hiddengem\app\Views\layout\v_content.php(4): view('welcome_message')
#3 C:\xampp8\htdocs\hiddengem\system\View\View.php(210): include('C:\\xampp8\\htdoc...')
#4 C:\xampp8\htdocs\hiddengem\system\View\View.php(213): CodeIgniter\View\View->CodeIgniter\View\{closure}()
#5 C:\xampp8\htdocs\hiddengem\system\Common.php(1089): CodeIgniter\View\View->render('layout/v_conten...', Array, true)
#6 C:\xampp8\htdocs\hiddengem\app\Views\layout\v_wrapper.php(5): view('layout/v_conten...')
#7 C:\xampp8\htdocs\hiddengem\system\View\View.php(210): include('C:\\xampp8\\htdoc...')
#8 C:\xampp8\htdocs\hiddengem\system\View\View.php(213): CodeIgniter\View\View->CodeIgniter\View\{closure}()
#9 C:\xampp8\htdocs\hiddengem\system\Common.php(1089): CodeIgniter\View\View->render('layout/v_wrappe...', Array, true)
#10 C:\xampp8\htdocs\hiddengem\app\Controllers\Home.php(13): view('layout/v_wrappe...', Array)
#11 C:\xampp8\htdocs\hiddengem\system\CodeIgniter.php(832): App\Controllers\Home->index()
#12 C:\xampp8\htdocs\hiddengem\system\CodeIgniter.php(419): CodeIgniter\CodeIgniter->runController(Object(App\Controllers\Home))
#13 C:\xampp8\htdocs\hiddengem\system\CodeIgniter.php(326): CodeIgniter\CodeIgniter->handleRequest(NULL, Object(Config\Cache), false)
#14 C:\xampp8\htdocs\hiddengem\public\index.php(37): CodeIgniter\CodeIgniter->run()
#15 {main}
CRITICAL - 2022-03-14 01:38:36 --> Invalid file: about.php
#0 C:\xampp8\htdocs\hiddengem\system\View\View.php(198): CodeIgniter\Exceptions\FrameworkException::forInvalidFile('about.php')
#1 C:\xampp8\htdocs\hiddengem\system\Common.php(1089): CodeIgniter\View\View->render('about', Array, true)
#2 C:\xampp8\htdocs\hiddengem\app\Views\layout\v_content.php(4): view('about')
#3 C:\xampp8\htdocs\hiddengem\system\View\View.php(210): include('C:\\xampp8\\htdoc...')
#4 C:\xampp8\htdocs\hiddengem\system\View\View.php(213): CodeIgniter\View\View->CodeIgniter\View\{closure}()
#5 C:\xampp8\htdocs\hiddengem\system\Common.php(1089): CodeIgniter\View\View->render('layout/v_conten...', Array, true)
#6 C:\xampp8\htdocs\hiddengem\app\Views\layout\v_wrapper.php(5): view('layout/v_conten...')
#7 C:\xampp8\htdocs\hiddengem\system\View\View.php(210): include('C:\\xampp8\\htdoc...')
#8 C:\xampp8\htdocs\hiddengem\system\View\View.php(213): CodeIgniter\View\View->CodeIgniter\View\{closure}()
#9 C:\xampp8\htdocs\hiddengem\system\Common.php(1089): CodeIgniter\View\View->render('layout/v_wrappe...', Array, true)
#10 C:\xampp8\htdocs\hiddengem\app\Controllers\About.php(13): view('layout/v_wrappe...', Array)
#11 C:\xampp8\htdocs\hiddengem\system\CodeIgniter.php(832): App\Controllers\About->index()
#12 C:\xampp8\htdocs\hiddengem\system\CodeIgniter.php(419): CodeIgniter\CodeIgniter->runController(Object(App\Controllers\About))
#13 C:\xampp8\htdocs\hiddengem\system\CodeIgniter.php(326): CodeIgniter\CodeIgniter->handleRequest(NULL, Object(Config\Cache), false)
#14 C:\xampp8\htdocs\hiddengem\public\index.php(37): CodeIgniter\CodeIgniter->run()
#15 {main}
CRITICAL - 2022-03-14 01:45:50 --> Invalid file: layout/v_login.php
#0 C:\xampp8\htdocs\hiddengem\system\View\View.php(198): CodeIgniter\Exceptions\FrameworkException::forInvalidFile('layout/v_login....')
#1 C:\xampp8\htdocs\hiddengem\system\Common.php(1089): CodeIgniter\View\View->render('layout/v_login', Array, true)
#2 C:\xampp8\htdocs\hiddengem\app\Controllers\Login.php(23): view('layout/v_login', Array)
#3 C:\xampp8\htdocs\hiddengem\system\CodeIgniter.php(832): App\Controllers\Login->index()
#4 C:\xampp8\htdocs\hiddengem\system\CodeIgniter.php(419): CodeIgniter\CodeIgniter->runController(Object(App\Controllers\Login))
#5 C:\xampp8\htdocs\hiddengem\system\CodeIgniter.php(326): CodeIgniter\CodeIgniter->handleRequest(NULL, Object(Config\Cache), false)
#6 C:\xampp8\htdocs\hiddengem\public\index.php(37): CodeIgniter\CodeIgniter->run()
#7 {main}
