CRITICAL - 2022-04-19 03:09:09 --> Undefined property: App\Controllers\Explore::$input
#0 C:\xampp8\htdocs\hiddengem\app\Controllers\Explore.php(25): CodeIgniter\Debug\Exceptions->errorHandler(2, 'Undefined prope...', 'C:\\xampp8\\htdoc...', 25)
#1 C:\xampp8\htdocs\hiddengem\system\CodeIgniter.php(832): App\Controllers\Explore->index()
#2 C:\xampp8\htdocs\hiddengem\system\CodeIgniter.php(419): CodeIgniter\CodeIgniter->runController(Object(App\Controllers\Explore))
#3 C:\xampp8\htdocs\hiddengem\system\CodeIgniter.php(326): CodeIgniter\CodeIgniter->handleRequest(NULL, Object(Config\Cache), false)
#4 C:\xampp8\htdocs\hiddengem\public\index.php(37): CodeIgniter\CodeIgniter->run()
#5 {main}
CRITICAL - 2022-04-19 03:18:43 --> You must set the database table to be used with your query.
#0 C:\xampp8\htdocs\hiddengem\system\Model.php(545): CodeIgniter\Database\BaseConnection->table(NULL)
#1 C:\xampp8\htdocs\hiddengem\system\Model.php(722): CodeIgniter\Model->builder()
#2 C:\xampp8\htdocs\hiddengem\app\Controllers\Explore.php(27): CodeIgniter\Model->__call('like', Array)
#3 C:\xampp8\htdocs\hiddengem\system\CodeIgniter.php(832): App\Controllers\Explore->index()
#4 C:\xampp8\htdocs\hiddengem\system\CodeIgniter.php(419): CodeIgniter\CodeIgniter->runController(Object(App\Controllers\Explore))
#5 C:\xampp8\htdocs\hiddengem\system\CodeIgniter.php(326): CodeIgniter\CodeIgniter->handleRequest(NULL, Object(Config\Cache), false)
#6 C:\xampp8\htdocs\hiddengem\public\index.php(37): CodeIgniter\CodeIgniter->run()
#7 {main}
CRITICAL - 2022-04-19 03:19:04 --> You must set the database table to be used with your query.
#0 C:\xampp8\htdocs\hiddengem\system\Model.php(545): CodeIgniter\Database\BaseConnection->table(NULL)
#1 C:\xampp8\htdocs\hiddengem\system\Model.php(722): CodeIgniter\Model->builder()
#2 C:\xampp8\htdocs\hiddengem\app\Controllers\Explore.php(27): CodeIgniter\Model->__call('like', Array)
#3 C:\xampp8\htdocs\hiddengem\system\CodeIgniter.php(832): App\Controllers\Explore->index()
#4 C:\xampp8\htdocs\hiddengem\system\CodeIgniter.php(419): CodeIgniter\CodeIgniter->runController(Object(App\Controllers\Explore))
#5 C:\xampp8\htdocs\hiddengem\system\CodeIgniter.php(326): CodeIgniter\CodeIgniter->handleRequest(NULL, Object(Config\Cache), false)
#6 C:\xampp8\htdocs\hiddengem\public\index.php(37): CodeIgniter\CodeIgniter->run()
#7 {main}
CRITICAL - 2022-04-19 03:20:49 --> You must set the database table to be used with your query.
#0 C:\xampp8\htdocs\hiddengem\system\Model.php(545): CodeIgniter\Database\BaseConnection->table(NULL)
#1 C:\xampp8\htdocs\hiddengem\system\Model.php(722): CodeIgniter\Model->builder()
#2 C:\xampp8\htdocs\hiddengem\app\Controllers\Explore.php(24): CodeIgniter\Model->__call('like', Array)
#3 C:\xampp8\htdocs\hiddengem\system\CodeIgniter.php(832): App\Controllers\Explore->index()
#4 C:\xampp8\htdocs\hiddengem\system\CodeIgniter.php(419): CodeIgniter\CodeIgniter->runController(Object(App\Controllers\Explore))
#5 C:\xampp8\htdocs\hiddengem\system\CodeIgniter.php(326): CodeIgniter\CodeIgniter->handleRequest(NULL, Object(Config\Cache), false)
#6 C:\xampp8\htdocs\hiddengem\public\index.php(37): CodeIgniter\CodeIgniter->run()
#7 {main}
CRITICAL - 2022-04-19 03:22:12 --> You must set the database table to be used with your query.
#0 C:\xampp8\htdocs\hiddengem\system\Model.php(545): CodeIgniter\Database\BaseConnection->table(NULL)
#1 C:\xampp8\htdocs\hiddengem\system\Model.php(722): CodeIgniter\Model->builder()
#2 C:\xampp8\htdocs\hiddengem\app\Controllers\Explore.php(27): CodeIgniter\Model->__call('like', Array)
#3 C:\xampp8\htdocs\hiddengem\system\CodeIgniter.php(832): App\Controllers\Explore->index()
#4 C:\xampp8\htdocs\hiddengem\system\CodeIgniter.php(419): CodeIgniter\CodeIgniter->runController(Object(App\Controllers\Explore))
#5 C:\xampp8\htdocs\hiddengem\system\CodeIgniter.php(326): CodeIgniter\CodeIgniter->handleRequest(NULL, Object(Config\Cache), false)
#6 C:\xampp8\htdocs\hiddengem\public\index.php(37): CodeIgniter\CodeIgniter->run()
#7 {main}
CRITICAL - 2022-04-19 03:22:24 --> You must set the database table to be used with your query.
#0 C:\xampp8\htdocs\hiddengem\system\Model.php(545): CodeIgniter\Database\BaseConnection->table(NULL)
#1 C:\xampp8\htdocs\hiddengem\system\Model.php(722): CodeIgniter\Model->builder()
#2 C:\xampp8\htdocs\hiddengem\app\Controllers\Explore.php(27): CodeIgniter\Model->__call('like', Array)
#3 C:\xampp8\htdocs\hiddengem\system\CodeIgniter.php(832): App\Controllers\Explore->index()
#4 C:\xampp8\htdocs\hiddengem\system\CodeIgniter.php(419): CodeIgniter\CodeIgniter->runController(Object(App\Controllers\Explore))
#5 C:\xampp8\htdocs\hiddengem\system\CodeIgniter.php(326): CodeIgniter\CodeIgniter->handleRequest(NULL, Object(Config\Cache), false)
#6 C:\xampp8\htdocs\hiddengem\public\index.php(37): CodeIgniter\CodeIgniter->run()
#7 {main}
CRITICAL - 2022-04-19 03:23:37 --> You must set the database table to be used with your query.
#0 C:\xampp8\htdocs\hiddengem\system\Model.php(545): CodeIgniter\Database\BaseConnection->table(NULL)
#1 C:\xampp8\htdocs\hiddengem\system\Model.php(722): CodeIgniter\Model->builder()
#2 C:\xampp8\htdocs\hiddengem\app\Controllers\Explore.php(27): CodeIgniter\Model->__call('like', Array)
#3 C:\xampp8\htdocs\hiddengem\system\CodeIgniter.php(832): App\Controllers\Explore->index()
#4 C:\xampp8\htdocs\hiddengem\system\CodeIgniter.php(419): CodeIgniter\CodeIgniter->runController(Object(App\Controllers\Explore))
#5 C:\xampp8\htdocs\hiddengem\system\CodeIgniter.php(326): CodeIgniter\CodeIgniter->handleRequest(NULL, Object(Config\Cache), false)
#6 C:\xampp8\htdocs\hiddengem\public\index.php(37): CodeIgniter\CodeIgniter->run()
#7 {main}
CRITICAL - 2022-04-19 03:24:20 --> You must set the database table to be used with your query.
#0 C:\xampp8\htdocs\hiddengem\system\Model.php(545): CodeIgniter\Database\BaseConnection->table(NULL)
#1 C:\xampp8\htdocs\hiddengem\system\Model.php(722): CodeIgniter\Model->builder()
#2 C:\xampp8\htdocs\hiddengem\app\Controllers\Explore.php(27): CodeIgniter\Model->__call('like', Array)
#3 C:\xampp8\htdocs\hiddengem\system\CodeIgniter.php(832): App\Controllers\Explore->index()
#4 C:\xampp8\htdocs\hiddengem\system\CodeIgniter.php(419): CodeIgniter\CodeIgniter->runController(Object(App\Controllers\Explore))
#5 C:\xampp8\htdocs\hiddengem\system\CodeIgniter.php(326): CodeIgniter\CodeIgniter->handleRequest(NULL, Object(Config\Cache), false)
#6 C:\xampp8\htdocs\hiddengem\public\index.php(37): CodeIgniter\CodeIgniter->run()
#7 {main}
CRITICAL - 2022-04-19 03:30:20 --> You must set the database table to be used with your query.
#0 C:\xampp8\htdocs\hiddengem\system\Model.php(545): CodeIgniter\Database\BaseConnection->table(NULL)
#1 C:\xampp8\htdocs\hiddengem\system\Model.php(722): CodeIgniter\Model->builder()
#2 C:\xampp8\htdocs\hiddengem\app\Controllers\Explore.php(27): CodeIgniter\Model->__call('like', Array)
#3 C:\xampp8\htdocs\hiddengem\system\CodeIgniter.php(832): App\Controllers\Explore->index()
#4 C:\xampp8\htdocs\hiddengem\system\CodeIgniter.php(419): CodeIgniter\CodeIgniter->runController(Object(App\Controllers\Explore))
#5 C:\xampp8\htdocs\hiddengem\system\CodeIgniter.php(326): CodeIgniter\CodeIgniter->handleRequest(NULL, Object(Config\Cache), false)
#6 C:\xampp8\htdocs\hiddengem\public\index.php(37): CodeIgniter\CodeIgniter->run()
#7 {main}
CRITICAL - 2022-04-19 03:30:51 --> You must set the database table to be used with your query.
#0 C:\xampp8\htdocs\hiddengem\system\Model.php(545): CodeIgniter\Database\BaseConnection->table(NULL)
#1 C:\xampp8\htdocs\hiddengem\system\Model.php(722): CodeIgniter\Model->builder()
#2 C:\xampp8\htdocs\hiddengem\app\Controllers\Explore.php(27): CodeIgniter\Model->__call('like', Array)
#3 C:\xampp8\htdocs\hiddengem\system\CodeIgniter.php(832): App\Controllers\Explore->index()
#4 C:\xampp8\htdocs\hiddengem\system\CodeIgniter.php(419): CodeIgniter\CodeIgniter->runController(Object(App\Controllers\Explore))
#5 C:\xampp8\htdocs\hiddengem\system\CodeIgniter.php(326): CodeIgniter\CodeIgniter->handleRequest(NULL, Object(Config\Cache), false)
#6 C:\xampp8\htdocs\hiddengem\public\index.php(37): CodeIgniter\CodeIgniter->run()
#7 {main}
CRITICAL - 2022-04-19 03:33:17 --> You must set the database table to be used with your query.
#0 C:\xampp8\htdocs\hiddengem\system\Model.php(545): CodeIgniter\Database\BaseConnection->table(NULL)
#1 C:\xampp8\htdocs\hiddengem\system\Model.php(722): CodeIgniter\Model->builder()
#2 C:\xampp8\htdocs\hiddengem\app\Controllers\Explore.php(27): CodeIgniter\Model->__call('like', Array)
#3 C:\xampp8\htdocs\hiddengem\system\CodeIgniter.php(832): App\Controllers\Explore->index()
#4 C:\xampp8\htdocs\hiddengem\system\CodeIgniter.php(419): CodeIgniter\CodeIgniter->runController(Object(App\Controllers\Explore))
#5 C:\xampp8\htdocs\hiddengem\system\CodeIgniter.php(326): CodeIgniter\CodeIgniter->handleRequest(NULL, Object(Config\Cache), false)
#6 C:\xampp8\htdocs\hiddengem\public\index.php(37): CodeIgniter\CodeIgniter->run()
#7 {main}
CRITICAL - 2022-04-19 03:33:20 --> You must set the database table to be used with your query.
#0 C:\xampp8\htdocs\hiddengem\system\Model.php(545): CodeIgniter\Database\BaseConnection->table(NULL)
#1 C:\xampp8\htdocs\hiddengem\system\Model.php(722): CodeIgniter\Model->builder()
#2 C:\xampp8\htdocs\hiddengem\app\Controllers\Explore.php(27): CodeIgniter\Model->__call('like', Array)
#3 C:\xampp8\htdocs\hiddengem\system\CodeIgniter.php(832): App\Controllers\Explore->index()
#4 C:\xampp8\htdocs\hiddengem\system\CodeIgniter.php(419): CodeIgniter\CodeIgniter->runController(Object(App\Controllers\Explore))
#5 C:\xampp8\htdocs\hiddengem\system\CodeIgniter.php(326): CodeIgniter\CodeIgniter->handleRequest(NULL, Object(Config\Cache), false)
#6 C:\xampp8\htdocs\hiddengem\public\index.php(37): CodeIgniter\CodeIgniter->run()
#7 {main}
CRITICAL - 2022-04-19 03:34:13 --> You must set the database table to be used with your query.
#0 C:\xampp8\htdocs\hiddengem\system\Model.php(545): CodeIgniter\Database\BaseConnection->table(NULL)
#1 C:\xampp8\htdocs\hiddengem\system\Model.php(722): CodeIgniter\Model->builder()
#2 C:\xampp8\htdocs\hiddengem\app\Controllers\Explore.php(27): CodeIgniter\Model->__call('like', Array)
#3 C:\xampp8\htdocs\hiddengem\system\CodeIgniter.php(832): App\Controllers\Explore->index()
#4 C:\xampp8\htdocs\hiddengem\system\CodeIgniter.php(419): CodeIgniter\CodeIgniter->runController(Object(App\Controllers\Explore))
#5 C:\xampp8\htdocs\hiddengem\system\CodeIgniter.php(326): CodeIgniter\CodeIgniter->handleRequest(NULL, Object(Config\Cache), false)
#6 C:\xampp8\htdocs\hiddengem\public\index.php(37): CodeIgniter\CodeIgniter->run()
#7 {main}
CRITICAL - 2022-04-19 03:36:06 --> You must set the database table to be used with your query.
#0 C:\xampp8\htdocs\hiddengem\system\Model.php(545): CodeIgniter\Database\BaseConnection->table(NULL)
#1 C:\xampp8\htdocs\hiddengem\system\Model.php(722): CodeIgniter\Model->builder()
#2 C:\xampp8\htdocs\hiddengem\app\Controllers\Explore.php(27): CodeIgniter\Model->__call('like', Array)
#3 C:\xampp8\htdocs\hiddengem\system\CodeIgniter.php(832): App\Controllers\Explore->index()
#4 C:\xampp8\htdocs\hiddengem\system\CodeIgniter.php(419): CodeIgniter\CodeIgniter->runController(Object(App\Controllers\Explore))
#5 C:\xampp8\htdocs\hiddengem\system\CodeIgniter.php(326): CodeIgniter\CodeIgniter->handleRequest(NULL, Object(Config\Cache), false)
#6 C:\xampp8\htdocs\hiddengem\public\index.php(37): CodeIgniter\CodeIgniter->run()
#7 {main}
CRITICAL - 2022-04-19 03:38:32 --> You must set the database table to be used with your query.
#0 C:\xampp8\htdocs\hiddengem\system\Model.php(545): CodeIgniter\Database\BaseConnection->table(NULL)
#1 C:\xampp8\htdocs\hiddengem\system\Model.php(722): CodeIgniter\Model->builder()
#2 C:\xampp8\htdocs\hiddengem\app\Controllers\Explore.php(27): CodeIgniter\Model->__call('like', Array)
#3 C:\xampp8\htdocs\hiddengem\system\CodeIgniter.php(832): App\Controllers\Explore->index()
#4 C:\xampp8\htdocs\hiddengem\system\CodeIgniter.php(419): CodeIgniter\CodeIgniter->runController(Object(App\Controllers\Explore))
#5 C:\xampp8\htdocs\hiddengem\system\CodeIgniter.php(326): CodeIgniter\CodeIgniter->handleRequest(NULL, Object(Config\Cache), false)
#6 C:\xampp8\htdocs\hiddengem\public\index.php(37): CodeIgniter\CodeIgniter->run()
#7 {main}
CRITICAL - 2022-04-19 03:38:52 --> You must set the database table to be used with your query.
#0 C:\xampp8\htdocs\hiddengem\system\Model.php(545): CodeIgniter\Database\BaseConnection->table(NULL)
#1 C:\xampp8\htdocs\hiddengem\system\Model.php(722): CodeIgniter\Model->builder()
#2 C:\xampp8\htdocs\hiddengem\app\Controllers\Explore.php(27): CodeIgniter\Model->__call('like', Array)
#3 C:\xampp8\htdocs\hiddengem\system\CodeIgniter.php(832): App\Controllers\Explore->index()
#4 C:\xampp8\htdocs\hiddengem\system\CodeIgniter.php(419): CodeIgniter\CodeIgniter->runController(Object(App\Controllers\Explore))
#5 C:\xampp8\htdocs\hiddengem\system\CodeIgniter.php(326): CodeIgniter\CodeIgniter->handleRequest(NULL, Object(Config\Cache), false)
#6 C:\xampp8\htdocs\hiddengem\public\index.php(37): CodeIgniter\CodeIgniter->run()
#7 {main}
CRITICAL - 2022-04-19 03:43:55 --> You must set the database table to be used with your query.
#0 C:\xampp8\htdocs\hiddengem\system\Model.php(545): CodeIgniter\Database\BaseConnection->table(NULL)
#1 C:\xampp8\htdocs\hiddengem\system\Model.php(722): CodeIgniter\Model->builder()
#2 C:\xampp8\htdocs\hiddengem\app\Controllers\Explore.php(27): CodeIgniter\Model->__call('like', Array)
#3 C:\xampp8\htdocs\hiddengem\system\CodeIgniter.php(832): App\Controllers\Explore->index()
#4 C:\xampp8\htdocs\hiddengem\system\CodeIgniter.php(419): CodeIgniter\CodeIgniter->runController(Object(App\Controllers\Explore))
#5 C:\xampp8\htdocs\hiddengem\system\CodeIgniter.php(326): CodeIgniter\CodeIgniter->handleRequest(NULL, Object(Config\Cache), false)
#6 C:\xampp8\htdocs\hiddengem\public\index.php(37): CodeIgniter\CodeIgniter->run()
#7 {main}
CRITICAL - 2022-04-19 03:45:12 --> You must set the database table to be used with your query.
#0 C:\xampp8\htdocs\hiddengem\system\Model.php(545): CodeIgniter\Database\BaseConnection->table(NULL)
#1 C:\xampp8\htdocs\hiddengem\system\Model.php(722): CodeIgniter\Model->builder()
#2 C:\xampp8\htdocs\hiddengem\app\Controllers\Explore.php(27): CodeIgniter\Model->__call('like', Array)
#3 C:\xampp8\htdocs\hiddengem\system\CodeIgniter.php(832): App\Controllers\Explore->index()
#4 C:\xampp8\htdocs\hiddengem\system\CodeIgniter.php(419): CodeIgniter\CodeIgniter->runController(Object(App\Controllers\Explore))
#5 C:\xampp8\htdocs\hiddengem\system\CodeIgniter.php(326): CodeIgniter\CodeIgniter->handleRequest(NULL, Object(Config\Cache), false)
#6 C:\xampp8\htdocs\hiddengem\public\index.php(37): CodeIgniter\CodeIgniter->run()
#7 {main}
CRITICAL - 2022-04-19 03:49:51 --> You must set the database table to be used with your query.
#0 C:\xampp8\htdocs\hiddengem\system\Model.php(545): CodeIgniter\Database\BaseConnection->table(NULL)
#1 C:\xampp8\htdocs\hiddengem\system\Model.php(722): CodeIgniter\Model->builder()
#2 C:\xampp8\htdocs\hiddengem\app\Controllers\Explore.php(27): CodeIgniter\Model->__call('where', Array)
#3 C:\xampp8\htdocs\hiddengem\system\CodeIgniter.php(832): App\Controllers\Explore->index()
#4 C:\xampp8\htdocs\hiddengem\system\CodeIgniter.php(419): CodeIgniter\CodeIgniter->runController(Object(App\Controllers\Explore))
#5 C:\xampp8\htdocs\hiddengem\system\CodeIgniter.php(326): CodeIgniter\CodeIgniter->handleRequest(NULL, Object(Config\Cache), false)
#6 C:\xampp8\htdocs\hiddengem\public\index.php(37): CodeIgniter\CodeIgniter->run()
#7 {main}
CRITICAL - 2022-04-19 03:50:02 --> You must set the database table to be used with your query.
#0 C:\xampp8\htdocs\hiddengem\system\Model.php(545): CodeIgniter\Database\BaseConnection->table(NULL)
#1 C:\xampp8\htdocs\hiddengem\system\Model.php(722): CodeIgniter\Model->builder()
#2 C:\xampp8\htdocs\hiddengem\app\Controllers\Explore.php(27): CodeIgniter\Model->__call('where', Array)
#3 C:\xampp8\htdocs\hiddengem\system\CodeIgniter.php(832): App\Controllers\Explore->index()
#4 C:\xampp8\htdocs\hiddengem\system\CodeIgniter.php(419): CodeIgniter\CodeIgniter->runController(Object(App\Controllers\Explore))
#5 C:\xampp8\htdocs\hiddengem\system\CodeIgniter.php(326): CodeIgniter\CodeIgniter->handleRequest(NULL, Object(Config\Cache), false)
#6 C:\xampp8\htdocs\hiddengem\public\index.php(37): CodeIgniter\CodeIgniter->run()
#7 {main}
CRITICAL - 2022-04-19 03:50:11 --> You must set the database table to be used with your query.
#0 C:\xampp8\htdocs\hiddengem\system\Model.php(545): CodeIgniter\Database\BaseConnection->table(NULL)
#1 C:\xampp8\htdocs\hiddengem\system\Model.php(722): CodeIgniter\Model->builder()
#2 C:\xampp8\htdocs\hiddengem\app\Controllers\Explore.php(27): CodeIgniter\Model->__call('where', Array)
#3 C:\xampp8\htdocs\hiddengem\system\CodeIgniter.php(832): App\Controllers\Explore->index()
#4 C:\xampp8\htdocs\hiddengem\system\CodeIgniter.php(419): CodeIgniter\CodeIgniter->runController(Object(App\Controllers\Explore))
#5 C:\xampp8\htdocs\hiddengem\system\CodeIgniter.php(326): CodeIgniter\CodeIgniter->handleRequest(NULL, Object(Config\Cache), false)
#6 C:\xampp8\htdocs\hiddengem\public\index.php(37): CodeIgniter\CodeIgniter->run()
#7 {main}
CRITICAL - 2022-04-19 03:50:47 --> You must set the database table to be used with your query.
#0 C:\xampp8\htdocs\hiddengem\system\Model.php(545): CodeIgniter\Database\BaseConnection->table(NULL)
#1 C:\xampp8\htdocs\hiddengem\system\Model.php(722): CodeIgniter\Model->builder()
#2 C:\xampp8\htdocs\hiddengem\app\Controllers\Explore.php(27): CodeIgniter\Model->__call('where', Array)
#3 C:\xampp8\htdocs\hiddengem\system\CodeIgniter.php(832): App\Controllers\Explore->index()
#4 C:\xampp8\htdocs\hiddengem\system\CodeIgniter.php(419): CodeIgniter\CodeIgniter->runController(Object(App\Controllers\Explore))
#5 C:\xampp8\htdocs\hiddengem\system\CodeIgniter.php(326): CodeIgniter\CodeIgniter->handleRequest(NULL, Object(Config\Cache), false)
#6 C:\xampp8\htdocs\hiddengem\public\index.php(37): CodeIgniter\CodeIgniter->run()
#7 {main}
CRITICAL - 2022-04-19 03:50:55 --> You must set the database table to be used with your query.
#0 C:\xampp8\htdocs\hiddengem\system\Model.php(545): CodeIgniter\Database\BaseConnection->table(NULL)
#1 C:\xampp8\htdocs\hiddengem\system\Model.php(722): CodeIgniter\Model->builder()
#2 C:\xampp8\htdocs\hiddengem\app\Controllers\Explore.php(27): CodeIgniter\Model->__call('where', Array)
#3 C:\xampp8\htdocs\hiddengem\system\CodeIgniter.php(832): App\Controllers\Explore->index()
#4 C:\xampp8\htdocs\hiddengem\system\CodeIgniter.php(419): CodeIgniter\CodeIgniter->runController(Object(App\Controllers\Explore))
#5 C:\xampp8\htdocs\hiddengem\system\CodeIgniter.php(326): CodeIgniter\CodeIgniter->handleRequest(NULL, Object(Config\Cache), false)
#6 C:\xampp8\htdocs\hiddengem\public\index.php(37): CodeIgniter\CodeIgniter->run()
#7 {main}
CRITICAL - 2022-04-19 03:53:17 --> You must set the database table to be used with your query.
#0 C:\xampp8\htdocs\hiddengem\system\Model.php(545): CodeIgniter\Database\BaseConnection->table(NULL)
#1 C:\xampp8\htdocs\hiddengem\system\Model.php(722): CodeIgniter\Model->builder()
#2 C:\xampp8\htdocs\hiddengem\app\Controllers\Explore.php(27): CodeIgniter\Model->__call('where', Array)
#3 C:\xampp8\htdocs\hiddengem\system\CodeIgniter.php(832): App\Controllers\Explore->index()
#4 C:\xampp8\htdocs\hiddengem\system\CodeIgniter.php(419): CodeIgniter\CodeIgniter->runController(Object(App\Controllers\Explore))
#5 C:\xampp8\htdocs\hiddengem\system\CodeIgniter.php(326): CodeIgniter\CodeIgniter->handleRequest(NULL, Object(Config\Cache), false)
#6 C:\xampp8\htdocs\hiddengem\public\index.php(37): CodeIgniter\CodeIgniter->run()
#7 {main}
CRITICAL - 2022-04-19 03:53:28 --> You must set the database table to be used with your query.
#0 C:\xampp8\htdocs\hiddengem\system\Model.php(545): CodeIgniter\Database\BaseConnection->table(NULL)
#1 C:\xampp8\htdocs\hiddengem\system\Model.php(722): CodeIgniter\Model->builder()
#2 C:\xampp8\htdocs\hiddengem\app\Controllers\Explore.php(27): CodeIgniter\Model->__call('where', Array)
#3 C:\xampp8\htdocs\hiddengem\system\CodeIgniter.php(832): App\Controllers\Explore->index()
#4 C:\xampp8\htdocs\hiddengem\system\CodeIgniter.php(419): CodeIgniter\CodeIgniter->runController(Object(App\Controllers\Explore))
#5 C:\xampp8\htdocs\hiddengem\system\CodeIgniter.php(326): CodeIgniter\CodeIgniter->handleRequest(NULL, Object(Config\Cache), false)
#6 C:\xampp8\htdocs\hiddengem\public\index.php(37): CodeIgniter\CodeIgniter->run()
#7 {main}
CRITICAL - 2022-04-19 03:55:03 --> You must set the database table to be used with your query.
#0 C:\xampp8\htdocs\hiddengem\system\Model.php(545): CodeIgniter\Database\BaseConnection->table(NULL)
#1 C:\xampp8\htdocs\hiddengem\system\Model.php(722): CodeIgniter\Model->builder()
#2 C:\xampp8\htdocs\hiddengem\app\Controllers\Explore.php(27): CodeIgniter\Model->__call('where', Array)
#3 C:\xampp8\htdocs\hiddengem\system\CodeIgniter.php(832): App\Controllers\Explore->index()
#4 C:\xampp8\htdocs\hiddengem\system\CodeIgniter.php(419): CodeIgniter\CodeIgniter->runController(Object(App\Controllers\Explore))
#5 C:\xampp8\htdocs\hiddengem\system\CodeIgniter.php(326): CodeIgniter\CodeIgniter->handleRequest(NULL, Object(Config\Cache), false)
#6 C:\xampp8\htdocs\hiddengem\public\index.php(37): CodeIgniter\CodeIgniter->run()
#7 {main}
CRITICAL - 2022-04-19 03:56:59 --> You must set the database table to be used with your query.
#0 C:\xampp8\htdocs\hiddengem\system\Model.php(545): CodeIgniter\Database\BaseConnection->table(NULL)
#1 C:\xampp8\htdocs\hiddengem\system\Model.php(722): CodeIgniter\Model->builder()
#2 C:\xampp8\htdocs\hiddengem\app\Controllers\Explore.php(29): CodeIgniter\Model->__call('where', Array)
#3 C:\xampp8\htdocs\hiddengem\system\CodeIgniter.php(832): App\Controllers\Explore->index()
#4 C:\xampp8\htdocs\hiddengem\system\CodeIgniter.php(419): CodeIgniter\CodeIgniter->runController(Object(App\Controllers\Explore))
#5 C:\xampp8\htdocs\hiddengem\system\CodeIgniter.php(326): CodeIgniter\CodeIgniter->handleRequest(NULL, Object(Config\Cache), false)
#6 C:\xampp8\htdocs\hiddengem\public\index.php(37): CodeIgniter\CodeIgniter->run()
#7 {main}
CRITICAL - 2022-04-19 03:57:08 --> You must set the database table to be used with your query.
#0 C:\xampp8\htdocs\hiddengem\system\Model.php(545): CodeIgniter\Database\BaseConnection->table(NULL)
#1 C:\xampp8\htdocs\hiddengem\system\Model.php(722): CodeIgniter\Model->builder()
#2 C:\xampp8\htdocs\hiddengem\app\Controllers\Explore.php(29): CodeIgniter\Model->__call('where', Array)
#3 C:\xampp8\htdocs\hiddengem\system\CodeIgniter.php(832): App\Controllers\Explore->index()
#4 C:\xampp8\htdocs\hiddengem\system\CodeIgniter.php(419): CodeIgniter\CodeIgniter->runController(Object(App\Controllers\Explore))
#5 C:\xampp8\htdocs\hiddengem\system\CodeIgniter.php(326): CodeIgniter\CodeIgniter->handleRequest(NULL, Object(Config\Cache), false)
#6 C:\xampp8\htdocs\hiddengem\public\index.php(37): CodeIgniter\CodeIgniter->run()
#7 {main}
CRITICAL - 2022-04-19 04:00:45 --> You must set the database table to be used with your query.
#0 C:\xampp8\htdocs\hiddengem\system\Model.php(545): CodeIgniter\Database\BaseConnection->table(NULL)
#1 C:\xampp8\htdocs\hiddengem\system\Model.php(722): CodeIgniter\Model->builder()
#2 C:\xampp8\htdocs\hiddengem\app\Controllers\Explore.php(27): CodeIgniter\Model->__call('where', Array)
#3 C:\xampp8\htdocs\hiddengem\system\CodeIgniter.php(832): App\Controllers\Explore->index()
#4 C:\xampp8\htdocs\hiddengem\system\CodeIgniter.php(419): CodeIgniter\CodeIgniter->runController(Object(App\Controllers\Explore))
#5 C:\xampp8\htdocs\hiddengem\system\CodeIgniter.php(326): CodeIgniter\CodeIgniter->handleRequest(NULL, Object(Config\Cache), false)
#6 C:\xampp8\htdocs\hiddengem\public\index.php(37): CodeIgniter\CodeIgniter->run()
#7 {main}
CRITICAL - 2022-04-19 04:02:47 --> You must set the database table to be used with your query.
#0 C:\xampp8\htdocs\hiddengem\system\Model.php(545): CodeIgniter\Database\BaseConnection->table(NULL)
#1 C:\xampp8\htdocs\hiddengem\system\Model.php(722): CodeIgniter\Model->builder()
#2 C:\xampp8\htdocs\hiddengem\app\Controllers\Explore.php(26): CodeIgniter\Model->__call('where', Array)
#3 C:\xampp8\htdocs\hiddengem\system\CodeIgniter.php(832): App\Controllers\Explore->index()
#4 C:\xampp8\htdocs\hiddengem\system\CodeIgniter.php(419): CodeIgniter\CodeIgniter->runController(Object(App\Controllers\Explore))
#5 C:\xampp8\htdocs\hiddengem\system\CodeIgniter.php(326): CodeIgniter\CodeIgniter->handleRequest(NULL, Object(Config\Cache), false)
#6 C:\xampp8\htdocs\hiddengem\public\index.php(37): CodeIgniter\CodeIgniter->run()
#7 {main}
CRITICAL - 2022-04-19 04:04:53 --> You must set the database table to be used with your query.
#0 C:\xampp8\htdocs\hiddengem\system\Model.php(545): CodeIgniter\Database\BaseConnection->table(NULL)
#1 C:\xampp8\htdocs\hiddengem\system\Model.php(722): CodeIgniter\Model->builder()
#2 C:\xampp8\htdocs\hiddengem\app\Controllers\Explore.php(26): CodeIgniter\Model->__call('like', Array)
#3 C:\xampp8\htdocs\hiddengem\system\CodeIgniter.php(832): App\Controllers\Explore->index()
#4 C:\xampp8\htdocs\hiddengem\system\CodeIgniter.php(419): CodeIgniter\CodeIgniter->runController(Object(App\Controllers\Explore))
#5 C:\xampp8\htdocs\hiddengem\system\CodeIgniter.php(326): CodeIgniter\CodeIgniter->handleRequest(NULL, Object(Config\Cache), false)
#6 C:\xampp8\htdocs\hiddengem\public\index.php(37): CodeIgniter\CodeIgniter->run()
#7 {main}
CRITICAL - 2022-04-19 04:18:42 --> Too few arguments to function App\Models\ExploreModel::tampil_post(), 0 passed in C:\xampp8\htdocs\hiddengem\app\Controllers\Explore.php on line 23 and exactly 1 expected
#0 C:\xampp8\htdocs\hiddengem\app\Controllers\Explore.php(23): App\Models\ExploreModel->tampil_post()
#1 C:\xampp8\htdocs\hiddengem\system\CodeIgniter.php(832): App\Controllers\Explore->index()
#2 C:\xampp8\htdocs\hiddengem\system\CodeIgniter.php(419): CodeIgniter\CodeIgniter->runController(Object(App\Controllers\Explore))
#3 C:\xampp8\htdocs\hiddengem\system\CodeIgniter.php(326): CodeIgniter\CodeIgniter->handleRequest(NULL, Object(Config\Cache), false)
#4 C:\xampp8\htdocs\hiddengem\public\index.php(37): CodeIgniter\CodeIgniter->run()
#5 {main}
