CRITICAL - 2022-04-03 01:20:57 --> Undefined property: App\Controllers\Komentar::$db
#0 C:\xampp8\htdocs\hiddengem\app\Controllers\Komentar.php(10): CodeIgniter\Debug\Exceptions->errorHandler(2, 'Undefined prope...', 'C:\\xampp8\\htdoc...', 10)
#1 C:\xampp8\htdocs\hiddengem\system\CodeIgniter.php(832): App\Controllers\Komentar->index()
#2 C:\xampp8\htdocs\hiddengem\system\CodeIgniter.php(419): CodeIgniter\CodeIgniter->runController(Object(App\Controllers\Komentar))
#3 C:\xampp8\htdocs\hiddengem\system\CodeIgniter.php(326): CodeIgniter\CodeIgniter->handleRequest(NULL, Object(Config\Cache), false)
#4 C:\xampp8\htdocs\hiddengem\public\index.php(37): CodeIgniter\CodeIgniter->run()
#5 {main}
CRITICAL - 2022-04-03 01:58:43 --> Undefined property: App\Controllers\Komentar::$db
#0 C:\xampp8\htdocs\hiddengem\app\Controllers\Komentar.php(10): CodeIgniter\Debug\Exceptions->errorHandler(2, 'Undefined prope...', 'C:\\xampp8\\htdoc...', 10)
#1 C:\xampp8\htdocs\hiddengem\system\CodeIgniter.php(832): App\Controllers\Komentar->index()
#2 C:\xampp8\htdocs\hiddengem\system\CodeIgniter.php(419): CodeIgniter\CodeIgniter->runController(Object(App\Controllers\Komentar))
#3 C:\xampp8\htdocs\hiddengem\system\CodeIgniter.php(326): CodeIgniter\CodeIgniter->handleRequest(NULL, Object(Config\Cache), false)
#4 C:\xampp8\htdocs\hiddengem\public\index.php(37): CodeIgniter\CodeIgniter->run()
#5 {main}
ERROR - 2022-04-03 21:35:19 --> Column 'id_postingan' in where clause is ambiguous
CRITICAL - 2022-04-03 21:35:19 --> Column 'id_postingan' in where clause is ambiguous
#0 C:\xampp8\htdocs\hiddengem\system\Database\MySQLi\Connection.php(292): mysqli->query('SELECT *\nFROM `...', 0)
#1 C:\xampp8\htdocs\hiddengem\system\Database\BaseConnection.php(670): CodeIgniter\Database\MySQLi\Connection->execute('SELECT *\nFROM `...')
#2 C:\xampp8\htdocs\hiddengem\system\Database\BaseConnection.php(598): CodeIgniter\Database\BaseConnection->simpleQuery('SELECT *\nFROM `...')
#3 C:\xampp8\htdocs\hiddengem\system\Database\BaseBuilder.php(1455): CodeIgniter\Database\BaseConnection->query('SELECT *\nFROM `...', Array, false)
#4 C:\xampp8\htdocs\hiddengem\app\Models\KomentarModel.php(15): CodeIgniter\Database\BaseBuilder->get()
#5 C:\xampp8\htdocs\hiddengem\app\Controllers\Explore.php(22): App\Models\KomentarModel->tampil_komentar()
#6 C:\xampp8\htdocs\hiddengem\system\CodeIgniter.php(832): App\Controllers\Explore->index()
#7 C:\xampp8\htdocs\hiddengem\system\CodeIgniter.php(419): CodeIgniter\CodeIgniter->runController(Object(App\Controllers\Explore))
#8 C:\xampp8\htdocs\hiddengem\system\CodeIgniter.php(326): CodeIgniter\CodeIgniter->handleRequest(NULL, Object(Config\Cache), false)
#9 C:\xampp8\htdocs\hiddengem\public\index.php(37): CodeIgniter\CodeIgniter->run()
#10 {main}
CRITICAL - 2022-04-03 21:36:21 --> Undefined array key "isi_komentar"
#0 C:\xampp8\htdocs\hiddengem\app\Views\v_explore.php(130): CodeIgniter\Debug\Exceptions->errorHandler(2, 'Undefined array...', 'C:\\xampp8\\htdoc...', 130)
#1 C:\xampp8\htdocs\hiddengem\system\View\View.php(210): include('C:\\xampp8\\htdoc...')
#2 C:\xampp8\htdocs\hiddengem\system\View\View.php(213): CodeIgniter\View\View->CodeIgniter\View\{closure}()
#3 C:\xampp8\htdocs\hiddengem\system\Common.php(1089): CodeIgniter\View\View->render('v_explore', Array, true)
#4 C:\xampp8\htdocs\hiddengem\app\Views\layout\v_content.php(4): view('v_explore')
#5 C:\xampp8\htdocs\hiddengem\system\View\View.php(210): include('C:\\xampp8\\htdoc...')
#6 C:\xampp8\htdocs\hiddengem\system\View\View.php(213): CodeIgniter\View\View->CodeIgniter\View\{closure}()
#7 C:\xampp8\htdocs\hiddengem\system\Common.php(1089): CodeIgniter\View\View->render('layout/v_conten...', Array, true)
#8 C:\xampp8\htdocs\hiddengem\app\Views\layout\v_wrapper.php(5): view('layout/v_conten...')
#9 C:\xampp8\htdocs\hiddengem\system\View\View.php(210): include('C:\\xampp8\\htdoc...')
#10 C:\xampp8\htdocs\hiddengem\system\View\View.php(213): CodeIgniter\View\View->CodeIgniter\View\{closure}()
#11 C:\xampp8\htdocs\hiddengem\system\Common.php(1089): CodeIgniter\View\View->render('layout/v_wrappe...', Array, true)
#12 C:\xampp8\htdocs\hiddengem\app\Controllers\Explore.php(24): view('layout/v_wrappe...', Array)
#13 C:\xampp8\htdocs\hiddengem\system\CodeIgniter.php(832): App\Controllers\Explore->index()
#14 C:\xampp8\htdocs\hiddengem\system\CodeIgniter.php(419): CodeIgniter\CodeIgniter->runController(Object(App\Controllers\Explore))
#15 C:\xampp8\htdocs\hiddengem\system\CodeIgniter.php(326): CodeIgniter\CodeIgniter->handleRequest(NULL, Object(Config\Cache), false)
#16 C:\xampp8\htdocs\hiddengem\public\index.php(37): CodeIgniter\CodeIgniter->run()
#17 {main}
CRITICAL - 2022-04-03 21:37:21 --> Undefined array key "isi_komentar"
#0 C:\xampp8\htdocs\hiddengem\app\Views\v_explore.php(130): CodeIgniter\Debug\Exceptions->errorHandler(2, 'Undefined array...', 'C:\\xampp8\\htdoc...', 130)
#1 C:\xampp8\htdocs\hiddengem\system\View\View.php(210): include('C:\\xampp8\\htdoc...')
#2 C:\xampp8\htdocs\hiddengem\system\View\View.php(213): CodeIgniter\View\View->CodeIgniter\View\{closure}()
#3 C:\xampp8\htdocs\hiddengem\system\Common.php(1089): CodeIgniter\View\View->render('v_explore', Array, true)
#4 C:\xampp8\htdocs\hiddengem\app\Views\layout\v_content.php(4): view('v_explore')
#5 C:\xampp8\htdocs\hiddengem\system\View\View.php(210): include('C:\\xampp8\\htdoc...')
#6 C:\xampp8\htdocs\hiddengem\system\View\View.php(213): CodeIgniter\View\View->CodeIgniter\View\{closure}()
#7 C:\xampp8\htdocs\hiddengem\system\Common.php(1089): CodeIgniter\View\View->render('layout/v_conten...', Array, true)
#8 C:\xampp8\htdocs\hiddengem\app\Views\layout\v_wrapper.php(5): view('layout/v_conten...')
#9 C:\xampp8\htdocs\hiddengem\system\View\View.php(210): include('C:\\xampp8\\htdoc...')
#10 C:\xampp8\htdocs\hiddengem\system\View\View.php(213): CodeIgniter\View\View->CodeIgniter\View\{closure}()
#11 C:\xampp8\htdocs\hiddengem\system\Common.php(1089): CodeIgniter\View\View->render('layout/v_wrappe...', Array, true)
#12 C:\xampp8\htdocs\hiddengem\app\Controllers\Explore.php(24): view('layout/v_wrappe...', Array)
#13 C:\xampp8\htdocs\hiddengem\system\CodeIgniter.php(832): App\Controllers\Explore->index()
#14 C:\xampp8\htdocs\hiddengem\system\CodeIgniter.php(419): CodeIgniter\CodeIgniter->runController(Object(App\Controllers\Explore))
#15 C:\xampp8\htdocs\hiddengem\system\CodeIgniter.php(326): CodeIgniter\CodeIgniter->handleRequest(NULL, Object(Config\Cache), false)
#16 C:\xampp8\htdocs\hiddengem\public\index.php(37): CodeIgniter\CodeIgniter->run()
#17 {main}
CRITICAL - 2022-04-03 21:37:40 --> Undefined array key "id_komentar"
#0 C:\xampp8\htdocs\hiddengem\app\Views\v_explore.php(130): CodeIgniter\Debug\Exceptions->errorHandler(2, 'Undefined array...', 'C:\\xampp8\\htdoc...', 130)
#1 C:\xampp8\htdocs\hiddengem\system\View\View.php(210): include('C:\\xampp8\\htdoc...')
#2 C:\xampp8\htdocs\hiddengem\system\View\View.php(213): CodeIgniter\View\View->CodeIgniter\View\{closure}()
#3 C:\xampp8\htdocs\hiddengem\system\Common.php(1089): CodeIgniter\View\View->render('v_explore', Array, true)
#4 C:\xampp8\htdocs\hiddengem\app\Views\layout\v_content.php(4): view('v_explore')
#5 C:\xampp8\htdocs\hiddengem\system\View\View.php(210): include('C:\\xampp8\\htdoc...')
#6 C:\xampp8\htdocs\hiddengem\system\View\View.php(213): CodeIgniter\View\View->CodeIgniter\View\{closure}()
#7 C:\xampp8\htdocs\hiddengem\system\Common.php(1089): CodeIgniter\View\View->render('layout/v_conten...', Array, true)
#8 C:\xampp8\htdocs\hiddengem\app\Views\layout\v_wrapper.php(5): view('layout/v_conten...')
#9 C:\xampp8\htdocs\hiddengem\system\View\View.php(210): include('C:\\xampp8\\htdoc...')
#10 C:\xampp8\htdocs\hiddengem\system\View\View.php(213): CodeIgniter\View\View->CodeIgniter\View\{closure}()
#11 C:\xampp8\htdocs\hiddengem\system\Common.php(1089): CodeIgniter\View\View->render('layout/v_wrappe...', Array, true)
#12 C:\xampp8\htdocs\hiddengem\app\Controllers\Explore.php(24): view('layout/v_wrappe...', Array)
#13 C:\xampp8\htdocs\hiddengem\system\CodeIgniter.php(832): App\Controllers\Explore->index()
#14 C:\xampp8\htdocs\hiddengem\system\CodeIgniter.php(419): CodeIgniter\CodeIgniter->runController(Object(App\Controllers\Explore))
#15 C:\xampp8\htdocs\hiddengem\system\CodeIgniter.php(326): CodeIgniter\CodeIgniter->handleRequest(NULL, Object(Config\Cache), false)
#16 C:\xampp8\htdocs\hiddengem\public\index.php(37): CodeIgniter\CodeIgniter->run()
#17 {main}
CRITICAL - 2022-04-03 21:37:48 --> Undefined array key ""
#0 C:\xampp8\htdocs\hiddengem\app\Views\v_explore.php(130): CodeIgniter\Debug\Exceptions->errorHandler(2, 'Undefined array...', 'C:\\xampp8\\htdoc...', 130)
#1 C:\xampp8\htdocs\hiddengem\system\View\View.php(210): include('C:\\xampp8\\htdoc...')
#2 C:\xampp8\htdocs\hiddengem\system\View\View.php(213): CodeIgniter\View\View->CodeIgniter\View\{closure}()
#3 C:\xampp8\htdocs\hiddengem\system\Common.php(1089): CodeIgniter\View\View->render('v_explore', Array, true)
#4 C:\xampp8\htdocs\hiddengem\app\Views\layout\v_content.php(4): view('v_explore')
#5 C:\xampp8\htdocs\hiddengem\system\View\View.php(210): include('C:\\xampp8\\htdoc...')
#6 C:\xampp8\htdocs\hiddengem\system\View\View.php(213): CodeIgniter\View\View->CodeIgniter\View\{closure}()
#7 C:\xampp8\htdocs\hiddengem\system\Common.php(1089): CodeIgniter\View\View->render('layout/v_conten...', Array, true)
#8 C:\xampp8\htdocs\hiddengem\app\Views\layout\v_wrapper.php(5): view('layout/v_conten...')
#9 C:\xampp8\htdocs\hiddengem\system\View\View.php(210): include('C:\\xampp8\\htdoc...')
#10 C:\xampp8\htdocs\hiddengem\system\View\View.php(213): CodeIgniter\View\View->CodeIgniter\View\{closure}()
#11 C:\xampp8\htdocs\hiddengem\system\Common.php(1089): CodeIgniter\View\View->render('layout/v_wrappe...', Array, true)
#12 C:\xampp8\htdocs\hiddengem\app\Controllers\Explore.php(24): view('layout/v_wrappe...', Array)
#13 C:\xampp8\htdocs\hiddengem\system\CodeIgniter.php(832): App\Controllers\Explore->index()
#14 C:\xampp8\htdocs\hiddengem\system\CodeIgniter.php(419): CodeIgniter\CodeIgniter->runController(Object(App\Controllers\Explore))
#15 C:\xampp8\htdocs\hiddengem\system\CodeIgniter.php(326): CodeIgniter\CodeIgniter->handleRequest(NULL, Object(Config\Cache), false)
#16 C:\xampp8\htdocs\hiddengem\public\index.php(37): CodeIgniter\CodeIgniter->run()
#17 {main}
CRITICAL - 2022-04-03 21:37:55 --> Array to string conversion
#0 C:\xampp8\htdocs\hiddengem\app\Views\v_explore.php(130): CodeIgniter\Debug\Exceptions->errorHandler(2, 'Array to string...', 'C:\\xampp8\\htdoc...', 130)
#1 C:\xampp8\htdocs\hiddengem\system\View\View.php(210): include('C:\\xampp8\\htdoc...')
#2 C:\xampp8\htdocs\hiddengem\system\View\View.php(213): CodeIgniter\View\View->CodeIgniter\View\{closure}()
#3 C:\xampp8\htdocs\hiddengem\system\Common.php(1089): CodeIgniter\View\View->render('v_explore', Array, true)
#4 C:\xampp8\htdocs\hiddengem\app\Views\layout\v_content.php(4): view('v_explore')
#5 C:\xampp8\htdocs\hiddengem\system\View\View.php(210): include('C:\\xampp8\\htdoc...')
#6 C:\xampp8\htdocs\hiddengem\system\View\View.php(213): CodeIgniter\View\View->CodeIgniter\View\{closure}()
#7 C:\xampp8\htdocs\hiddengem\system\Common.php(1089): CodeIgniter\View\View->render('layout/v_conten...', Array, true)
#8 C:\xampp8\htdocs\hiddengem\app\Views\layout\v_wrapper.php(5): view('layout/v_conten...')
#9 C:\xampp8\htdocs\hiddengem\system\View\View.php(210): include('C:\\xampp8\\htdoc...')
#10 C:\xampp8\htdocs\hiddengem\system\View\View.php(213): CodeIgniter\View\View->CodeIgniter\View\{closure}()
#11 C:\xampp8\htdocs\hiddengem\system\Common.php(1089): CodeIgniter\View\View->render('layout/v_wrappe...', Array, true)
#12 C:\xampp8\htdocs\hiddengem\app\Controllers\Explore.php(24): view('layout/v_wrappe...', Array)
#13 C:\xampp8\htdocs\hiddengem\system\CodeIgniter.php(832): App\Controllers\Explore->index()
#14 C:\xampp8\htdocs\hiddengem\system\CodeIgniter.php(419): CodeIgniter\CodeIgniter->runController(Object(App\Controllers\Explore))
#15 C:\xampp8\htdocs\hiddengem\system\CodeIgniter.php(326): CodeIgniter\CodeIgniter->handleRequest(NULL, Object(Config\Cache), false)
#16 C:\xampp8\htdocs\hiddengem\public\index.php(37): CodeIgniter\CodeIgniter->run()
#17 {main}
CRITICAL - 2022-04-03 21:38:07 --> Undefined array key "isi_komentar"
#0 C:\xampp8\htdocs\hiddengem\app\Views\v_explore.php(130): CodeIgniter\Debug\Exceptions->errorHandler(2, 'Undefined array...', 'C:\\xampp8\\htdoc...', 130)
#1 C:\xampp8\htdocs\hiddengem\system\View\View.php(210): include('C:\\xampp8\\htdoc...')
#2 C:\xampp8\htdocs\hiddengem\system\View\View.php(213): CodeIgniter\View\View->CodeIgniter\View\{closure}()
#3 C:\xampp8\htdocs\hiddengem\system\Common.php(1089): CodeIgniter\View\View->render('v_explore', Array, true)
#4 C:\xampp8\htdocs\hiddengem\app\Views\layout\v_content.php(4): view('v_explore')
#5 C:\xampp8\htdocs\hiddengem\system\View\View.php(210): include('C:\\xampp8\\htdoc...')
#6 C:\xampp8\htdocs\hiddengem\system\View\View.php(213): CodeIgniter\View\View->CodeIgniter\View\{closure}()
#7 C:\xampp8\htdocs\hiddengem\system\Common.php(1089): CodeIgniter\View\View->render('layout/v_conten...', Array, true)
#8 C:\xampp8\htdocs\hiddengem\app\Views\layout\v_wrapper.php(5): view('layout/v_conten...')
#9 C:\xampp8\htdocs\hiddengem\system\View\View.php(210): include('C:\\xampp8\\htdoc...')
#10 C:\xampp8\htdocs\hiddengem\system\View\View.php(213): CodeIgniter\View\View->CodeIgniter\View\{closure}()
#11 C:\xampp8\htdocs\hiddengem\system\Common.php(1089): CodeIgniter\View\View->render('layout/v_wrappe...', Array, true)
#12 C:\xampp8\htdocs\hiddengem\app\Controllers\Explore.php(24): view('layout/v_wrappe...', Array)
#13 C:\xampp8\htdocs\hiddengem\system\CodeIgniter.php(832): App\Controllers\Explore->index()
#14 C:\xampp8\htdocs\hiddengem\system\CodeIgniter.php(419): CodeIgniter\CodeIgniter->runController(Object(App\Controllers\Explore))
#15 C:\xampp8\htdocs\hiddengem\system\CodeIgniter.php(326): CodeIgniter\CodeIgniter->handleRequest(NULL, Object(Config\Cache), false)
#16 C:\xampp8\htdocs\hiddengem\public\index.php(37): CodeIgniter\CodeIgniter->run()
#17 {main}
CRITICAL - 2022-04-03 21:38:50 --> Undefined array key "isi_komentar"
#0 C:\xampp8\htdocs\hiddengem\app\Views\v_explore.php(130): CodeIgniter\Debug\Exceptions->errorHandler(2, 'Undefined array...', 'C:\\xampp8\\htdoc...', 130)
#1 C:\xampp8\htdocs\hiddengem\system\View\View.php(210): include('C:\\xampp8\\htdoc...')
#2 C:\xampp8\htdocs\hiddengem\system\View\View.php(213): CodeIgniter\View\View->CodeIgniter\View\{closure}()
#3 C:\xampp8\htdocs\hiddengem\system\Common.php(1089): CodeIgniter\View\View->render('v_explore', Array, true)
#4 C:\xampp8\htdocs\hiddengem\app\Views\layout\v_content.php(4): view('v_explore')
#5 C:\xampp8\htdocs\hiddengem\system\View\View.php(210): include('C:\\xampp8\\htdoc...')
#6 C:\xampp8\htdocs\hiddengem\system\View\View.php(213): CodeIgniter\View\View->CodeIgniter\View\{closure}()
#7 C:\xampp8\htdocs\hiddengem\system\Common.php(1089): CodeIgniter\View\View->render('layout/v_conten...', Array, true)
#8 C:\xampp8\htdocs\hiddengem\app\Views\layout\v_wrapper.php(5): view('layout/v_conten...')
#9 C:\xampp8\htdocs\hiddengem\system\View\View.php(210): include('C:\\xampp8\\htdoc...')
#10 C:\xampp8\htdocs\hiddengem\system\View\View.php(213): CodeIgniter\View\View->CodeIgniter\View\{closure}()
#11 C:\xampp8\htdocs\hiddengem\system\Common.php(1089): CodeIgniter\View\View->render('layout/v_wrappe...', Array, true)
#12 C:\xampp8\htdocs\hiddengem\app\Controllers\Explore.php(24): view('layout/v_wrappe...', Array)
#13 C:\xampp8\htdocs\hiddengem\system\CodeIgniter.php(832): App\Controllers\Explore->index()
#14 C:\xampp8\htdocs\hiddengem\system\CodeIgniter.php(419): CodeIgniter\CodeIgniter->runController(Object(App\Controllers\Explore))
#15 C:\xampp8\htdocs\hiddengem\system\CodeIgniter.php(326): CodeIgniter\CodeIgniter->handleRequest(NULL, Object(Config\Cache), false)
#16 C:\xampp8\htdocs\hiddengem\public\index.php(37): CodeIgniter\CodeIgniter->run()
#17 {main}
ERROR - 2022-04-03 21:46:06 --> Column 'id_postingan' in where clause is ambiguous
CRITICAL - 2022-04-03 21:46:06 --> Column 'id_postingan' in where clause is ambiguous
#0 C:\xampp8\htdocs\hiddengem\system\Database\MySQLi\Connection.php(292): mysqli->query('SELECT *\nFROM `...', 0)
#1 C:\xampp8\htdocs\hiddengem\system\Database\BaseConnection.php(670): CodeIgniter\Database\MySQLi\Connection->execute('SELECT *\nFROM `...')
#2 C:\xampp8\htdocs\hiddengem\system\Database\BaseConnection.php(598): CodeIgniter\Database\BaseConnection->simpleQuery('SELECT *\nFROM `...')
#3 C:\xampp8\htdocs\hiddengem\system\Database\BaseBuilder.php(1455): CodeIgniter\Database\BaseConnection->query('SELECT *\nFROM `...', Array, false)
#4 C:\xampp8\htdocs\hiddengem\app\Models\KomentarModel.php(16): CodeIgniter\Database\BaseBuilder->get()
#5 C:\xampp8\htdocs\hiddengem\app\Controllers\Explore.php(22): App\Models\KomentarModel->tampil_komentar()
#6 C:\xampp8\htdocs\hiddengem\system\CodeIgniter.php(832): App\Controllers\Explore->index()
#7 C:\xampp8\htdocs\hiddengem\system\CodeIgniter.php(419): CodeIgniter\CodeIgniter->runController(Object(App\Controllers\Explore))
#8 C:\xampp8\htdocs\hiddengem\system\CodeIgniter.php(326): CodeIgniter\CodeIgniter->handleRequest(NULL, Object(Config\Cache), false)
#9 C:\xampp8\htdocs\hiddengem\public\index.php(37): CodeIgniter\CodeIgniter->run()
#10 {main}
CRITICAL - 2022-04-03 21:59:27 --> Too few arguments to function App\Controllers\Explore::index(), 0 passed in C:\xampp8\htdocs\hiddengem\system\CodeIgniter.php on line 832 and exactly 1 expected
#0 C:\xampp8\htdocs\hiddengem\system\CodeIgniter.php(832): App\Controllers\Explore->index()
#1 C:\xampp8\htdocs\hiddengem\system\CodeIgniter.php(419): CodeIgniter\CodeIgniter->runController(Object(App\Controllers\Explore))
#2 C:\xampp8\htdocs\hiddengem\system\CodeIgniter.php(326): CodeIgniter\CodeIgniter->handleRequest(NULL, Object(Config\Cache), false)
#3 C:\xampp8\htdocs\hiddengem\public\index.php(37): CodeIgniter\CodeIgniter->run()
#4 {main}
CRITICAL - 2022-04-03 21:59:59 --> Too few arguments to function App\Controllers\Explore::index(), 0 passed in C:\xampp8\htdocs\hiddengem\system\CodeIgniter.php on line 832 and exactly 1 expected
#0 C:\xampp8\htdocs\hiddengem\system\CodeIgniter.php(832): App\Controllers\Explore->index()
#1 C:\xampp8\htdocs\hiddengem\system\CodeIgniter.php(419): CodeIgniter\CodeIgniter->runController(Object(App\Controllers\Explore))
#2 C:\xampp8\htdocs\hiddengem\system\CodeIgniter.php(326): CodeIgniter\CodeIgniter->handleRequest(NULL, Object(Config\Cache), false)
#3 C:\xampp8\htdocs\hiddengem\public\index.php(37): CodeIgniter\CodeIgniter->run()
#4 {main}
CRITICAL - 2022-04-03 22:13:12 --> Too few arguments to function App\Models\KomentarModel::tampil_komentar(), 0 passed in C:\xampp8\htdocs\hiddengem\app\Controllers\Explore.php on line 22 and exactly 1 expected
#0 C:\xampp8\htdocs\hiddengem\app\Controllers\Explore.php(22): App\Models\KomentarModel->tampil_komentar()
#1 C:\xampp8\htdocs\hiddengem\system\CodeIgniter.php(832): App\Controllers\Explore->index()
#2 C:\xampp8\htdocs\hiddengem\system\CodeIgniter.php(419): CodeIgniter\CodeIgniter->runController(Object(App\Controllers\Explore))
#3 C:\xampp8\htdocs\hiddengem\system\CodeIgniter.php(326): CodeIgniter\CodeIgniter->handleRequest(NULL, Object(Config\Cache), false)
#4 C:\xampp8\htdocs\hiddengem\public\index.php(37): CodeIgniter\CodeIgniter->run()
#5 {main}
CRITICAL - 2022-04-03 22:16:47 --> Too few arguments to function App\Models\KomentarModel::tampil_komentar(), 0 passed in C:\xampp8\htdocs\hiddengem\app\Controllers\Explore.php on line 22 and exactly 1 expected
#0 C:\xampp8\htdocs\hiddengem\app\Controllers\Explore.php(22): App\Models\KomentarModel->tampil_komentar()
#1 C:\xampp8\htdocs\hiddengem\system\CodeIgniter.php(832): App\Controllers\Explore->index()
#2 C:\xampp8\htdocs\hiddengem\system\CodeIgniter.php(419): CodeIgniter\CodeIgniter->runController(Object(App\Controllers\Explore))
#3 C:\xampp8\htdocs\hiddengem\system\CodeIgniter.php(326): CodeIgniter\CodeIgniter->handleRequest(NULL, Object(Config\Cache), false)
#4 C:\xampp8\htdocs\hiddengem\public\index.php(37): CodeIgniter\CodeIgniter->run()
#5 {main}
