<<<<<<< HEAD
CRITICAL - 2022-04-04 01:29:28 --> file_get_contents(https://www.tokopedia.com/blog/travel-surga-dunia-indonesia-yang-jarang-diketahui/): Failed to open stream: HTTP request failed!
#0 [internal function]: CodeIgniter\Debug\Exceptions->errorHandler(2, 'file_get_conten...', 'C:\\xampp\\htdocs...', 82)
#1 C:\xampp\htdocs\hiddengem\public\scrapper\simple_html_dom.php(82): file_get_contents('https://www.tok...', false, NULL, 0, 600000)
#2 C:\xampp\htdocs\hiddengem\app\Views\v_blog.php(20): file_get_html('https://www.tok...')
#3 C:\xampp\htdocs\hiddengem\system\View\View.php(210): include('C:\\xampp\\htdocs...')
#4 C:\xampp\htdocs\hiddengem\system\View\View.php(213): CodeIgniter\View\View->CodeIgniter\View\{closure}()
#5 C:\xampp\htdocs\hiddengem\system\Common.php(1089): CodeIgniter\View\View->render('v_blog', Array, true)
#6 C:\xampp\htdocs\hiddengem\app\Views\layout\v_content.php(4): view('v_blog')
#7 C:\xampp\htdocs\hiddengem\system\View\View.php(210): include('C:\\xampp\\htdocs...')
#8 C:\xampp\htdocs\hiddengem\system\View\View.php(213): CodeIgniter\View\View->CodeIgniter\View\{closure}()
#9 C:\xampp\htdocs\hiddengem\system\Common.php(1089): CodeIgniter\View\View->render('layout/v_conten...', Array, true)
#10 C:\xampp\htdocs\hiddengem\app\Views\layout\v_wrapper.php(5): view('layout/v_conten...')
#11 C:\xampp\htdocs\hiddengem\system\View\View.php(210): include('C:\\xampp\\htdocs...')
#12 C:\xampp\htdocs\hiddengem\system\View\View.php(213): CodeIgniter\View\View->CodeIgniter\View\{closure}()
#13 C:\xampp\htdocs\hiddengem\system\Common.php(1089): CodeIgniter\View\View->render('layout/v_wrappe...', Array, true)
#14 C:\xampp\htdocs\hiddengem\app\Controllers\Blog.php(13): view('layout/v_wrappe...', Array)
#15 C:\xampp\htdocs\hiddengem\system\CodeIgniter.php(832): App\Controllers\Blog->index()
#16 C:\xampp\htdocs\hiddengem\system\CodeIgniter.php(419): CodeIgniter\CodeIgniter->runController(Object(App\Controllers\Blog))
#17 C:\xampp\htdocs\hiddengem\system\CodeIgniter.php(326): CodeIgniter\CodeIgniter->handleRequest(NULL, Object(Config\Cache), false)
#18 C:\xampp\htdocs\hiddengem\public\index.php(37): CodeIgniter\CodeIgniter->run()
#19 {main}
ERROR - 2022-04-04 01:29:29 --> Table 'hiddengem.postingan' doesn't exist
CRITICAL - 2022-04-04 01:29:29 --> Table 'hiddengem.postingan' doesn't exist
#0 C:\xampp\htdocs\hiddengem\system\Database\MySQLi\Connection.php(292): mysqli->query('SELECT *\nFROM `...', 0)
#1 C:\xampp\htdocs\hiddengem\system\Database\BaseConnection.php(670): CodeIgniter\Database\MySQLi\Connection->execute('SELECT *\nFROM `...')
#2 C:\xampp\htdocs\hiddengem\system\Database\BaseConnection.php(598): CodeIgniter\Database\BaseConnection->simpleQuery('SELECT *\nFROM `...')
#3 C:\xampp\htdocs\hiddengem\system\Database\BaseBuilder.php(1455): CodeIgniter\Database\BaseConnection->query('SELECT *\nFROM `...', Array, false)
#4 C:\xampp\htdocs\hiddengem\app\Models\ExploreModel.php(14): CodeIgniter\Database\BaseBuilder->get()
#5 C:\xampp\htdocs\hiddengem\app\Controllers\Explore.php(21): App\Models\ExploreModel->tampil_post()
#6 C:\xampp\htdocs\hiddengem\system\CodeIgniter.php(832): App\Controllers\Explore->index()
#7 C:\xampp\htdocs\hiddengem\system\CodeIgniter.php(419): CodeIgniter\CodeIgniter->runController(Object(App\Controllers\Explore))
#8 C:\xampp\htdocs\hiddengem\system\CodeIgniter.php(326): CodeIgniter\CodeIgniter->handleRequest(NULL, Object(Config\Cache), false)
#9 C:\xampp\htdocs\hiddengem\public\index.php(37): CodeIgniter\CodeIgniter->run()
#10 {main}
=======
CRITICAL - 2022-04-04 01:57:06 --> Undefined array key "range"
#0 C:\xampp8\htdocs\hiddengem\app\Views\v_explore.php(65): CodeIgniter\Debug\Exceptions->errorHandler(2, 'Undefined array...', 'C:\\xampp8\\htdoc...', 65)
#1 C:\xampp8\htdocs\hiddengem\system\View\View.php(210): include('C:\\xampp8\\htdoc...')
#2 C:\xampp8\htdocs\hiddengem\system\View\View.php(213): CodeIgniter\View\View->CodeIgniter\View\{closure}()
#3 C:\xampp8\htdocs\hiddengem\system\Common.php(1089): CodeIgniter\View\View->render('v_explore', Array, true)
#4 C:\xampp8\htdocs\hiddengem\app\Views\layout\v_content.php(4): view('v_explore')
#5 C:\xampp8\htdocs\hiddengem\system\View\View.php(210): include('C:\\xampp8\\htdoc...')
#6 C:\xampp8\htdocs\hiddengem\system\View\View.php(213): CodeIgniter\View\View->CodeIgniter\View\{closure}()
#7 C:\xampp8\htdocs\hiddengem\system\Common.php(1089): CodeIgniter\View\View->render('layout/v_conten...', Array, true)
#8 C:\xampp8\htdocs\hiddengem\app\Views\layout\v_wrapper.php(5): view('layout/v_conten...')
#9 C:\xampp8\htdocs\hiddengem\system\View\View.php(210): include('C:\\xampp8\\htdoc...')
#10 C:\xampp8\htdocs\hiddengem\system\View\View.php(213): CodeIgniter\View\View->CodeIgniter\View\{closure}()
#11 C:\xampp8\htdocs\hiddengem\system\Common.php(1089): CodeIgniter\View\View->render('layout/v_wrappe...', Array, true)
#12 C:\xampp8\htdocs\hiddengem\app\Controllers\Explore.php(24): view('layout/v_wrappe...', Array)
#13 C:\xampp8\htdocs\hiddengem\system\CodeIgniter.php(832): App\Controllers\Explore->index()
#14 C:\xampp8\htdocs\hiddengem\system\CodeIgniter.php(419): CodeIgniter\CodeIgniter->runController(Object(App\Controllers\Explore))
#15 C:\xampp8\htdocs\hiddengem\system\CodeIgniter.php(326): CodeIgniter\CodeIgniter->handleRequest(NULL, Object(Config\Cache), false)
#16 C:\xampp8\htdocs\hiddengem\public\index.php(37): CodeIgniter\CodeIgniter->run()
#17 {main}
>>>>>>> a3103eee3c7787861ab0739403acdcacfd515320
