CRITICAL - 2022-04-10 00:28:15 --> file_get_contents(https://www.tokopedia.com/blog/travel-surga-dunia-indonesia-yang-jarang-diketahui/): Failed to open stream: HTTP request failed!
#0 [internal function]: CodeIgniter\Debug\Exceptions->errorHandler(2, 'file_get_conten...', 'C:\\xampp\\htdocs...', 82)
#1 C:\xampp\htdocs\hiddengem\public\scrapper\simple_html_dom.php(82): file_get_contents('https://www.tok...', false, NULL, 0, 600000)
#2 C:\xampp\htdocs\hiddengem\app\Views\v_blog.php(31): file_get_html('https://www.tok...')
#3 C:\xampp\htdocs\hiddengem\system\View\View.php(210): include('C:\\xampp\\htdocs...')
#4 C:\xampp\htdocs\hiddengem\system\View\View.php(213): CodeIgniter\View\View->CodeIgniter\View\{closure}()
#5 C:\xampp\htdocs\hiddengem\system\Common.php(1089): CodeIgniter\View\View->render('v_blog', Array, true)
#6 C:\xampp\htdocs\hiddengem\app\Views\layout\v_content.php(4): view('v_blog')
#7 C:\xampp\htdocs\hiddengem\system\View\View.php(210): include('C:\\xampp\\htdocs...')
#8 C:\xampp\htdocs\hiddengem\system\View\View.php(213): CodeIgniter\View\View->CodeIgniter\View\{closure}()
#9 C:\xampp\htdocs\hiddengem\system\Common.php(1089): CodeIgniter\View\View->render('layout/v_conten...', Array, true)
#10 C:\xampp\htdocs\hiddengem\app\Views\layout\v_wrapper.php(5): view('layout/v_conten...')
#11 C:\xampp\htdocs\hiddengem\system\View\View.php(210): include('C:\\xampp\\htdocs...')
#12 C:\xampp\htdocs\hiddengem\system\View\View.php(213): CodeIgniter\View\View->CodeIgniter\View\{closure}()
#13 C:\xampp\htdocs\hiddengem\system\Common.php(1089): CodeIgniter\View\View->render('layout/v_wrappe...', Array, true)
#14 C:\xampp\htdocs\hiddengem\app\Controllers\Blog.php(13): view('layout/v_wrappe...', Array)
#15 C:\xampp\htdocs\hiddengem\system\CodeIgniter.php(832): App\Controllers\Blog->index()
#16 C:\xampp\htdocs\hiddengem\system\CodeIgniter.php(419): CodeIgniter\CodeIgniter->runController(Object(App\Controllers\Blog))
#17 C:\xampp\htdocs\hiddengem\system\CodeIgniter.php(326): CodeIgniter\CodeIgniter->handleRequest(NULL, Object(Config\Cache), false)
#18 C:\xampp\htdocs\hiddengem\public\index.php(37): CodeIgniter\CodeIgniter->run()
#19 {main}
CRITICAL - 2022-04-10 00:42:05 --> file_get_contents(https://www.tokopedia.com/blog/travel-surga-dunia-indonesia-yang-jarang-diketahui/): Failed to open stream: HTTP request failed!
#0 [internal function]: CodeIgniter\Debug\Exceptions->errorHandler(2, 'file_get_conten...', 'C:\\xampp\\htdocs...', 82)
#1 C:\xampp\htdocs\hiddengem\public\scrapper\simple_html_dom.php(82): file_get_contents('https://www.tok...', false, NULL, 0, 600000)
#2 C:\xampp\htdocs\hiddengem\app\Views\v_blog.php(31): file_get_html('https://www.tok...')
#3 C:\xampp\htdocs\hiddengem\system\View\View.php(210): include('C:\\xampp\\htdocs...')
#4 C:\xampp\htdocs\hiddengem\system\View\View.php(213): CodeIgniter\View\View->CodeIgniter\View\{closure}()
#5 C:\xampp\htdocs\hiddengem\system\Common.php(1089): CodeIgniter\View\View->render('v_blog', Array, true)
#6 C:\xampp\htdocs\hiddengem\app\Views\layout\v_content.php(4): view('v_blog')
#7 C:\xampp\htdocs\hiddengem\system\View\View.php(210): include('C:\\xampp\\htdocs...')
#8 C:\xampp\htdocs\hiddengem\system\View\View.php(213): CodeIgniter\View\View->CodeIgniter\View\{closure}()
#9 C:\xampp\htdocs\hiddengem\system\Common.php(1089): CodeIgniter\View\View->render('layout/v_conten...', Array, true)
#10 C:\xampp\htdocs\hiddengem\app\Views\layout\v_wrapper.php(5): view('layout/v_conten...')
#11 C:\xampp\htdocs\hiddengem\system\View\View.php(210): include('C:\\xampp\\htdocs...')
#12 C:\xampp\htdocs\hiddengem\system\View\View.php(213): CodeIgniter\View\View->CodeIgniter\View\{closure}()
#13 C:\xampp\htdocs\hiddengem\system\Common.php(1089): CodeIgniter\View\View->render('layout/v_wrappe...', Array, true)
#14 C:\xampp\htdocs\hiddengem\app\Controllers\Blog.php(13): view('layout/v_wrappe...', Array)
#15 C:\xampp\htdocs\hiddengem\system\CodeIgniter.php(832): App\Controllers\Blog->index()
#16 C:\xampp\htdocs\hiddengem\system\CodeIgniter.php(419): CodeIgniter\CodeIgniter->runController(Object(App\Controllers\Blog))
#17 C:\xampp\htdocs\hiddengem\system\CodeIgniter.php(326): CodeIgniter\CodeIgniter->handleRequest(NULL, Object(Config\Cache), false)
#18 C:\xampp\htdocs\hiddengem\public\index.php(37): CodeIgniter\CodeIgniter->run()
#19 {main}
CRITICAL - 2022-04-10 00:45:11 --> file_get_contents(https://www.tokopedia.com/blog/travel-surga-dunia-indonesia-yang-jarang-diketahui/): Failed to open stream: HTTP request failed!
#0 [internal function]: CodeIgniter\Debug\Exceptions->errorHandler(2, 'file_get_conten...', 'C:\\xampp\\htdocs...', 82)
#1 C:\xampp\htdocs\hiddengem\public\scrapper\simple_html_dom.php(82): file_get_contents('https://www.tok...', false, NULL, 0, 600000)
#2 C:\xampp\htdocs\hiddengem\app\Views\v_blog.php(31): file_get_html('https://www.tok...')
#3 C:\xampp\htdocs\hiddengem\system\View\View.php(210): include('C:\\xampp\\htdocs...')
#4 C:\xampp\htdocs\hiddengem\system\View\View.php(213): CodeIgniter\View\View->CodeIgniter\View\{closure}()
#5 C:\xampp\htdocs\hiddengem\system\Common.php(1089): CodeIgniter\View\View->render('v_blog', Array, true)
#6 C:\xampp\htdocs\hiddengem\app\Views\layout\v_content.php(4): view('v_blog')
#7 C:\xampp\htdocs\hiddengem\system\View\View.php(210): include('C:\\xampp\\htdocs...')
#8 C:\xampp\htdocs\hiddengem\system\View\View.php(213): CodeIgniter\View\View->CodeIgniter\View\{closure}()
#9 C:\xampp\htdocs\hiddengem\system\Common.php(1089): CodeIgniter\View\View->render('layout/v_conten...', Array, true)
#10 C:\xampp\htdocs\hiddengem\app\Views\layout\v_wrapper.php(5): view('layout/v_conten...')
#11 C:\xampp\htdocs\hiddengem\system\View\View.php(210): include('C:\\xampp\\htdocs...')
#12 C:\xampp\htdocs\hiddengem\system\View\View.php(213): CodeIgniter\View\View->CodeIgniter\View\{closure}()
#13 C:\xampp\htdocs\hiddengem\system\Common.php(1089): CodeIgniter\View\View->render('layout/v_wrappe...', Array, true)
#14 C:\xampp\htdocs\hiddengem\app\Controllers\Blog.php(13): view('layout/v_wrappe...', Array)
#15 C:\xampp\htdocs\hiddengem\system\CodeIgniter.php(832): App\Controllers\Blog->index()
#16 C:\xampp\htdocs\hiddengem\system\CodeIgniter.php(419): CodeIgniter\CodeIgniter->runController(Object(App\Controllers\Blog))
#17 C:\xampp\htdocs\hiddengem\system\CodeIgniter.php(326): CodeIgniter\CodeIgniter->handleRequest(NULL, Object(Config\Cache), false)
#18 C:\xampp\htdocs\hiddengem\public\index.php(37): CodeIgniter\CodeIgniter->run()
#19 {main}
