CRITICAL - 2022-04-22 02:22:23 --> syntax error, unexpected token ";"
#0 C:\xampp8\htdocs\hiddengem\system\View\View.php(213): CodeIgniter\View\View->CodeIgniter\View\{closure}()
#1 C:\xampp8\htdocs\hiddengem\system\Common.php(1089): CodeIgniter\View\View->render('v_blog', Array, true)
#2 C:\xampp8\htdocs\hiddengem\app\Views\layout\v_content.php(4): view('v_blog')
#3 C:\xampp8\htdocs\hiddengem\system\View\View.php(210): include('C:\\xampp8\\htdoc...')
#4 C:\xampp8\htdocs\hiddengem\system\View\View.php(213): CodeIgniter\View\View->CodeIgniter\View\{closure}()
#5 C:\xampp8\htdocs\hiddengem\system\Common.php(1089): CodeIgniter\View\View->render('layout/v_conten...', Array, true)
#6 C:\xampp8\htdocs\hiddengem\app\Views\layout\v_wrapper.php(5): view('layout/v_conten...')
#7 C:\xampp8\htdocs\hiddengem\system\View\View.php(210): include('C:\\xampp8\\htdoc...')
#8 C:\xampp8\htdocs\hiddengem\system\View\View.php(213): CodeIgniter\View\View->CodeIgniter\View\{closure}()
#9 C:\xampp8\htdocs\hiddengem\system\Common.php(1089): CodeIgniter\View\View->render('layout/v_wrappe...', Array, true)
#10 C:\xampp8\htdocs\hiddengem\app\Controllers\Blog.php(22): view('layout/v_wrappe...', Array)
#11 C:\xampp8\htdocs\hiddengem\system\CodeIgniter.php(832): App\Controllers\Blog->index()
#12 C:\xampp8\htdocs\hiddengem\system\CodeIgniter.php(419): CodeIgniter\CodeIgniter->runController(Object(App\Controllers\Blog))
#13 C:\xampp8\htdocs\hiddengem\system\CodeIgniter.php(326): CodeIgniter\CodeIgniter->handleRequest(NULL, Object(Config\Cache), false)
#14 C:\xampp8\htdocs\hiddengem\public\index.php(37): CodeIgniter\CodeIgniter->run()
#15 {main}
CRITICAL - 2022-04-22 02:22:35 --> syntax error, unexpected identifier "curl_setopt"
#0 C:\xampp8\htdocs\hiddengem\system\View\View.php(213): CodeIgniter\View\View->CodeIgniter\View\{closure}()
#1 C:\xampp8\htdocs\hiddengem\system\Common.php(1089): CodeIgniter\View\View->render('v_blog', Array, true)
#2 C:\xampp8\htdocs\hiddengem\app\Views\layout\v_content.php(4): view('v_blog')
#3 C:\xampp8\htdocs\hiddengem\system\View\View.php(210): include('C:\\xampp8\\htdoc...')
#4 C:\xampp8\htdocs\hiddengem\system\View\View.php(213): CodeIgniter\View\View->CodeIgniter\View\{closure}()
#5 C:\xampp8\htdocs\hiddengem\system\Common.php(1089): CodeIgniter\View\View->render('layout/v_conten...', Array, true)
#6 C:\xampp8\htdocs\hiddengem\app\Views\layout\v_wrapper.php(5): view('layout/v_conten...')
#7 C:\xampp8\htdocs\hiddengem\system\View\View.php(210): include('C:\\xampp8\\htdoc...')
#8 C:\xampp8\htdocs\hiddengem\system\View\View.php(213): CodeIgniter\View\View->CodeIgniter\View\{closure}()
#9 C:\xampp8\htdocs\hiddengem\system\Common.php(1089): CodeIgniter\View\View->render('layout/v_wrappe...', Array, true)
#10 C:\xampp8\htdocs\hiddengem\app\Controllers\Blog.php(22): view('layout/v_wrappe...', Array)
#11 C:\xampp8\htdocs\hiddengem\system\CodeIgniter.php(832): App\Controllers\Blog->index()
#12 C:\xampp8\htdocs\hiddengem\system\CodeIgniter.php(419): CodeIgniter\CodeIgniter->runController(Object(App\Controllers\Blog))
#13 C:\xampp8\htdocs\hiddengem\system\CodeIgniter.php(326): CodeIgniter\CodeIgniter->handleRequest(NULL, Object(Config\Cache), false)
#14 C:\xampp8\htdocs\hiddengem\public\index.php(37): CodeIgniter\CodeIgniter->run()
#15 {main}
CRITICAL - 2022-04-22 02:23:08 --> syntax error, unexpected identifier "curl_setopt"
#0 C:\xampp8\htdocs\hiddengem\system\View\View.php(213): CodeIgniter\View\View->CodeIgniter\View\{closure}()
#1 C:\xampp8\htdocs\hiddengem\system\Common.php(1089): CodeIgniter\View\View->render('v_blog', Array, true)
#2 C:\xampp8\htdocs\hiddengem\app\Views\layout\v_content.php(4): view('v_blog')
#3 C:\xampp8\htdocs\hiddengem\system\View\View.php(210): include('C:\\xampp8\\htdoc...')
#4 C:\xampp8\htdocs\hiddengem\system\View\View.php(213): CodeIgniter\View\View->CodeIgniter\View\{closure}()
#5 C:\xampp8\htdocs\hiddengem\system\Common.php(1089): CodeIgniter\View\View->render('layout/v_conten...', Array, true)
#6 C:\xampp8\htdocs\hiddengem\app\Views\layout\v_wrapper.php(5): view('layout/v_conten...')
#7 C:\xampp8\htdocs\hiddengem\system\View\View.php(210): include('C:\\xampp8\\htdoc...')
#8 C:\xampp8\htdocs\hiddengem\system\View\View.php(213): CodeIgniter\View\View->CodeIgniter\View\{closure}()
#9 C:\xampp8\htdocs\hiddengem\system\Common.php(1089): CodeIgniter\View\View->render('layout/v_wrappe...', Array, true)
#10 C:\xampp8\htdocs\hiddengem\app\Controllers\Blog.php(22): view('layout/v_wrappe...', Array)
#11 C:\xampp8\htdocs\hiddengem\system\CodeIgniter.php(832): App\Controllers\Blog->index()
#12 C:\xampp8\htdocs\hiddengem\system\CodeIgniter.php(419): CodeIgniter\CodeIgniter->runController(Object(App\Controllers\Blog))
#13 C:\xampp8\htdocs\hiddengem\system\CodeIgniter.php(326): CodeIgniter\CodeIgniter->handleRequest(NULL, Object(Config\Cache), false)
#14 C:\xampp8\htdocs\hiddengem\public\index.php(37): CodeIgniter\CodeIgniter->run()
#15 {main}
CRITICAL - 2022-04-22 02:34:07 --> get_meta_tags(): SSL: An existing connection was forcibly closed by the remote host
#0 [internal function]: CodeIgniter\Debug\Exceptions->errorHandler(2, 'get_meta_tags()...', 'C:\\xampp8\\htdoc...', 24)
#1 C:\xampp8\htdocs\hiddengem\app\Views\v_blog.php(24): get_meta_tags('https://rahadia...')
#2 C:\xampp8\htdocs\hiddengem\system\View\View.php(210): include('C:\\xampp8\\htdoc...')
#3 C:\xampp8\htdocs\hiddengem\system\View\View.php(213): CodeIgniter\View\View->CodeIgniter\View\{closure}()
#4 C:\xampp8\htdocs\hiddengem\system\Common.php(1089): CodeIgniter\View\View->render('v_blog', Array, true)
#5 C:\xampp8\htdocs\hiddengem\app\Views\layout\v_content.php(4): view('v_blog')
#6 C:\xampp8\htdocs\hiddengem\system\View\View.php(210): include('C:\\xampp8\\htdoc...')
#7 C:\xampp8\htdocs\hiddengem\system\View\View.php(213): CodeIgniter\View\View->CodeIgniter\View\{closure}()
#8 C:\xampp8\htdocs\hiddengem\system\Common.php(1089): CodeIgniter\View\View->render('layout/v_conten...', Array, true)
#9 C:\xampp8\htdocs\hiddengem\app\Views\layout\v_wrapper.php(5): view('layout/v_conten...')
#10 C:\xampp8\htdocs\hiddengem\system\View\View.php(210): include('C:\\xampp8\\htdoc...')
#11 C:\xampp8\htdocs\hiddengem\system\View\View.php(213): CodeIgniter\View\View->CodeIgniter\View\{closure}()
#12 C:\xampp8\htdocs\hiddengem\system\Common.php(1089): CodeIgniter\View\View->render('layout/v_wrappe...', Array, true)
#13 C:\xampp8\htdocs\hiddengem\app\Controllers\Blog.php(22): view('layout/v_wrappe...', Array)
#14 C:\xampp8\htdocs\hiddengem\system\CodeIgniter.php(832): App\Controllers\Blog->index()
#15 C:\xampp8\htdocs\hiddengem\system\CodeIgniter.php(419): CodeIgniter\CodeIgniter->runController(Object(App\Controllers\Blog))
#16 C:\xampp8\htdocs\hiddengem\system\CodeIgniter.php(326): CodeIgniter\CodeIgniter->handleRequest(NULL, Object(Config\Cache), false)
#17 C:\xampp8\htdocs\hiddengem\public\index.php(37): CodeIgniter\CodeIgniter->run()
#18 {main}
CRITICAL - 2022-04-22 02:34:30 --> Undefined array key "keyword"
#0 C:\xampp8\htdocs\hiddengem\app\Views\v_blog.php(29): CodeIgniter\Debug\Exceptions->errorHandler(2, 'Undefined array...', 'C:\\xampp8\\htdoc...', 29)
#1 C:\xampp8\htdocs\hiddengem\system\View\View.php(210): include('C:\\xampp8\\htdoc...')
#2 C:\xampp8\htdocs\hiddengem\system\View\View.php(213): CodeIgniter\View\View->CodeIgniter\View\{closure}()
#3 C:\xampp8\htdocs\hiddengem\system\Common.php(1089): CodeIgniter\View\View->render('v_blog', Array, true)
#4 C:\xampp8\htdocs\hiddengem\app\Views\layout\v_content.php(4): view('v_blog')
#5 C:\xampp8\htdocs\hiddengem\system\View\View.php(210): include('C:\\xampp8\\htdoc...')
#6 C:\xampp8\htdocs\hiddengem\system\View\View.php(213): CodeIgniter\View\View->CodeIgniter\View\{closure}()
#7 C:\xampp8\htdocs\hiddengem\system\Common.php(1089): CodeIgniter\View\View->render('layout/v_conten...', Array, true)
#8 C:\xampp8\htdocs\hiddengem\app\Views\layout\v_wrapper.php(5): view('layout/v_conten...')
#9 C:\xampp8\htdocs\hiddengem\system\View\View.php(210): include('C:\\xampp8\\htdoc...')
#10 C:\xampp8\htdocs\hiddengem\system\View\View.php(213): CodeIgniter\View\View->CodeIgniter\View\{closure}()
#11 C:\xampp8\htdocs\hiddengem\system\Common.php(1089): CodeIgniter\View\View->render('layout/v_wrappe...', Array, true)
#12 C:\xampp8\htdocs\hiddengem\app\Controllers\Blog.php(22): view('layout/v_wrappe...', Array)
#13 C:\xampp8\htdocs\hiddengem\system\CodeIgniter.php(832): App\Controllers\Blog->index()
#14 C:\xampp8\htdocs\hiddengem\system\CodeIgniter.php(419): CodeIgniter\CodeIgniter->runController(Object(App\Controllers\Blog))
#15 C:\xampp8\htdocs\hiddengem\system\CodeIgniter.php(326): CodeIgniter\CodeIgniter->handleRequest(NULL, Object(Config\Cache), false)
#16 C:\xampp8\htdocs\hiddengem\public\index.php(37): CodeIgniter\CodeIgniter->run()
#17 {main}
CRITICAL - 2022-04-22 04:12:18 --> require_once(C:\xampp8\htdocs\hiddengem\app\Viewshttp://localhost/hiddengem/public/scrapper/simple_html_dom.php): Failed to open stream: No such file or directory
#0 C:\xampp8\htdocs\hiddengem\app\Views\v_blog.php(28): CodeIgniter\Debug\Exceptions->errorHandler(2, 'require_once(C:...', 'C:\\xampp8\\htdoc...', 28)
#1 C:\xampp8\htdocs\hiddengem\app\Views\v_blog.php(28): require_once()
#2 C:\xampp8\htdocs\hiddengem\system\View\View.php(210): include('C:\\xampp8\\htdoc...')
#3 C:\xampp8\htdocs\hiddengem\system\View\View.php(213): CodeIgniter\View\View->CodeIgniter\View\{closure}()
#4 C:\xampp8\htdocs\hiddengem\system\Common.php(1089): CodeIgniter\View\View->render('v_blog', Array, true)
#5 C:\xampp8\htdocs\hiddengem\app\Views\layout\v_content.php(4): view('v_blog')
#6 C:\xampp8\htdocs\hiddengem\system\View\View.php(210): include('C:\\xampp8\\htdoc...')
#7 C:\xampp8\htdocs\hiddengem\system\View\View.php(213): CodeIgniter\View\View->CodeIgniter\View\{closure}()
#8 C:\xampp8\htdocs\hiddengem\system\Common.php(1089): CodeIgniter\View\View->render('layout/v_conten...', Array, true)
#9 C:\xampp8\htdocs\hiddengem\app\Views\layout\v_wrapper.php(5): view('layout/v_conten...')
#10 C:\xampp8\htdocs\hiddengem\system\View\View.php(210): include('C:\\xampp8\\htdoc...')
#11 C:\xampp8\htdocs\hiddengem\system\View\View.php(213): CodeIgniter\View\View->CodeIgniter\View\{closure}()
#12 C:\xampp8\htdocs\hiddengem\system\Common.php(1089): CodeIgniter\View\View->render('layout/v_wrappe...', Array, true)
#13 C:\xampp8\htdocs\hiddengem\app\Controllers\Blog.php(22): view('layout/v_wrappe...', Array)
#14 C:\xampp8\htdocs\hiddengem\system\CodeIgniter.php(832): App\Controllers\Blog->index()
#15 C:\xampp8\htdocs\hiddengem\system\CodeIgniter.php(419): CodeIgniter\CodeIgniter->runController(Object(App\Controllers\Blog))
#16 C:\xampp8\htdocs\hiddengem\system\CodeIgniter.php(326): CodeIgniter\CodeIgniter->handleRequest(NULL, Object(Config\Cache), false)
#17 C:\xampp8\htdocs\hiddengem\public\index.php(37): CodeIgniter\CodeIgniter->run()
#18 {main}
CRITICAL - 2022-04-22 04:12:37 --> require_once(): http:// wrapper is disabled in the server configuration by allow_url_include=0
#0 C:\xampp8\htdocs\hiddengem\app\Views\v_blog.php(28): CodeIgniter\Debug\Exceptions->errorHandler(2, 'require_once():...', 'C:\\xampp8\\htdoc...', 28)
#1 C:\xampp8\htdocs\hiddengem\app\Views\v_blog.php(28): require_once()
#2 C:\xampp8\htdocs\hiddengem\system\View\View.php(210): include('C:\\xampp8\\htdoc...')
#3 C:\xampp8\htdocs\hiddengem\system\View\View.php(213): CodeIgniter\View\View->CodeIgniter\View\{closure}()
#4 C:\xampp8\htdocs\hiddengem\system\Common.php(1089): CodeIgniter\View\View->render('v_blog', Array, true)
#5 C:\xampp8\htdocs\hiddengem\app\Views\layout\v_content.php(4): view('v_blog')
#6 C:\xampp8\htdocs\hiddengem\system\View\View.php(210): include('C:\\xampp8\\htdoc...')
#7 C:\xampp8\htdocs\hiddengem\system\View\View.php(213): CodeIgniter\View\View->CodeIgniter\View\{closure}()
#8 C:\xampp8\htdocs\hiddengem\system\Common.php(1089): CodeIgniter\View\View->render('layout/v_conten...', Array, true)
#9 C:\xampp8\htdocs\hiddengem\app\Views\layout\v_wrapper.php(5): view('layout/v_conten...')
#10 C:\xampp8\htdocs\hiddengem\system\View\View.php(210): include('C:\\xampp8\\htdoc...')
#11 C:\xampp8\htdocs\hiddengem\system\View\View.php(213): CodeIgniter\View\View->CodeIgniter\View\{closure}()
#12 C:\xampp8\htdocs\hiddengem\system\Common.php(1089): CodeIgniter\View\View->render('layout/v_wrappe...', Array, true)
#13 C:\xampp8\htdocs\hiddengem\app\Controllers\Blog.php(22): view('layout/v_wrappe...', Array)
#14 C:\xampp8\htdocs\hiddengem\system\CodeIgniter.php(832): App\Controllers\Blog->index()
#15 C:\xampp8\htdocs\hiddengem\system\CodeIgniter.php(419): CodeIgniter\CodeIgniter->runController(Object(App\Controllers\Blog))
#16 C:\xampp8\htdocs\hiddengem\system\CodeIgniter.php(326): CodeIgniter\CodeIgniter->handleRequest(NULL, Object(Config\Cache), false)
#17 C:\xampp8\htdocs\hiddengem\public\index.php(37): CodeIgniter\CodeIgniter->run()
#18 {main}
CRITICAL - 2022-04-22 04:14:33 --> require_once(): http:// wrapper is disabled in the server configuration by allow_url_include=0
#0 C:\xampp8\htdocs\hiddengem\app\Views\v_blog.php(28): CodeIgniter\Debug\Exceptions->errorHandler(2, 'require_once():...', 'C:\\xampp8\\htdoc...', 28)
#1 C:\xampp8\htdocs\hiddengem\app\Views\v_blog.php(28): require_once()
#2 C:\xampp8\htdocs\hiddengem\system\View\View.php(210): include('C:\\xampp8\\htdoc...')
#3 C:\xampp8\htdocs\hiddengem\system\View\View.php(213): CodeIgniter\View\View->CodeIgniter\View\{closure}()
#4 C:\xampp8\htdocs\hiddengem\system\Common.php(1089): CodeIgniter\View\View->render('v_blog', Array, true)
#5 C:\xampp8\htdocs\hiddengem\app\Views\layout\v_content.php(4): view('v_blog')
#6 C:\xampp8\htdocs\hiddengem\system\View\View.php(210): include('C:\\xampp8\\htdoc...')
#7 C:\xampp8\htdocs\hiddengem\system\View\View.php(213): CodeIgniter\View\View->CodeIgniter\View\{closure}()
#8 C:\xampp8\htdocs\hiddengem\system\Common.php(1089): CodeIgniter\View\View->render('layout/v_conten...', Array, true)
#9 C:\xampp8\htdocs\hiddengem\app\Views\layout\v_wrapper.php(5): view('layout/v_conten...')
#10 C:\xampp8\htdocs\hiddengem\system\View\View.php(210): include('C:\\xampp8\\htdoc...')
#11 C:\xampp8\htdocs\hiddengem\system\View\View.php(213): CodeIgniter\View\View->CodeIgniter\View\{closure}()
#12 C:\xampp8\htdocs\hiddengem\system\Common.php(1089): CodeIgniter\View\View->render('layout/v_wrappe...', Array, true)
#13 C:\xampp8\htdocs\hiddengem\app\Controllers\Blog.php(22): view('layout/v_wrappe...', Array)
#14 C:\xampp8\htdocs\hiddengem\system\CodeIgniter.php(832): App\Controllers\Blog->index()
#15 C:\xampp8\htdocs\hiddengem\system\CodeIgniter.php(419): CodeIgniter\CodeIgniter->runController(Object(App\Controllers\Blog))
#16 C:\xampp8\htdocs\hiddengem\system\CodeIgniter.php(326): CodeIgniter\CodeIgniter->handleRequest(NULL, Object(Config\Cache), false)
#17 C:\xampp8\htdocs\hiddengem\public\index.php(37): CodeIgniter\CodeIgniter->run()
#18 {main}
CRITICAL - 2022-04-22 04:15:10 --> require_once(/scrapper/simple_html_dom.php): Failed to open stream: No such file or directory
#0 C:\xampp8\htdocs\hiddengem\app\Views\v_blog.php(28): CodeIgniter\Debug\Exceptions->errorHandler(2, 'require_once(/s...', 'C:\\xampp8\\htdoc...', 28)
#1 C:\xampp8\htdocs\hiddengem\app\Views\v_blog.php(28): require_once()
#2 C:\xampp8\htdocs\hiddengem\system\View\View.php(210): include('C:\\xampp8\\htdoc...')
#3 C:\xampp8\htdocs\hiddengem\system\View\View.php(213): CodeIgniter\View\View->CodeIgniter\View\{closure}()
#4 C:\xampp8\htdocs\hiddengem\system\Common.php(1089): CodeIgniter\View\View->render('v_blog', Array, true)
#5 C:\xampp8\htdocs\hiddengem\app\Views\layout\v_content.php(4): view('v_blog')
#6 C:\xampp8\htdocs\hiddengem\system\View\View.php(210): include('C:\\xampp8\\htdoc...')
#7 C:\xampp8\htdocs\hiddengem\system\View\View.php(213): CodeIgniter\View\View->CodeIgniter\View\{closure}()
#8 C:\xampp8\htdocs\hiddengem\system\Common.php(1089): CodeIgniter\View\View->render('layout/v_conten...', Array, true)
#9 C:\xampp8\htdocs\hiddengem\app\Views\layout\v_wrapper.php(5): view('layout/v_conten...')
#10 C:\xampp8\htdocs\hiddengem\system\View\View.php(210): include('C:\\xampp8\\htdoc...')
#11 C:\xampp8\htdocs\hiddengem\system\View\View.php(213): CodeIgniter\View\View->CodeIgniter\View\{closure}()
#12 C:\xampp8\htdocs\hiddengem\system\Common.php(1089): CodeIgniter\View\View->render('layout/v_wrappe...', Array, true)
#13 C:\xampp8\htdocs\hiddengem\app\Controllers\Blog.php(22): view('layout/v_wrappe...', Array)
#14 C:\xampp8\htdocs\hiddengem\system\CodeIgniter.php(832): App\Controllers\Blog->index()
#15 C:\xampp8\htdocs\hiddengem\system\CodeIgniter.php(419): CodeIgniter\CodeIgniter->runController(Object(App\Controllers\Blog))
#16 C:\xampp8\htdocs\hiddengem\system\CodeIgniter.php(326): CodeIgniter\CodeIgniter->handleRequest(NULL, Object(Config\Cache), false)
#17 C:\xampp8\htdocs\hiddengem\public\index.php(37): CodeIgniter\CodeIgniter->run()
#18 {main}
CRITICAL - 2022-04-22 04:15:36 --> require_once(../../public/scrapper/simple_html_dom.php): Failed to open stream: No such file or directory
#0 C:\xampp8\htdocs\hiddengem\app\Views\v_blog.php(28): CodeIgniter\Debug\Exceptions->errorHandler(2, 'require_once(.....', 'C:\\xampp8\\htdoc...', 28)
#1 C:\xampp8\htdocs\hiddengem\app\Views\v_blog.php(28): require_once()
#2 C:\xampp8\htdocs\hiddengem\system\View\View.php(210): include('C:\\xampp8\\htdoc...')
#3 C:\xampp8\htdocs\hiddengem\system\View\View.php(213): CodeIgniter\View\View->CodeIgniter\View\{closure}()
#4 C:\xampp8\htdocs\hiddengem\system\Common.php(1089): CodeIgniter\View\View->render('v_blog', Array, true)
#5 C:\xampp8\htdocs\hiddengem\app\Views\layout\v_content.php(4): view('v_blog')
#6 C:\xampp8\htdocs\hiddengem\system\View\View.php(210): include('C:\\xampp8\\htdoc...')
#7 C:\xampp8\htdocs\hiddengem\system\View\View.php(213): CodeIgniter\View\View->CodeIgniter\View\{closure}()
#8 C:\xampp8\htdocs\hiddengem\system\Common.php(1089): CodeIgniter\View\View->render('layout/v_conten...', Array, true)
#9 C:\xampp8\htdocs\hiddengem\app\Views\layout\v_wrapper.php(5): view('layout/v_conten...')
#10 C:\xampp8\htdocs\hiddengem\system\View\View.php(210): include('C:\\xampp8\\htdoc...')
#11 C:\xampp8\htdocs\hiddengem\system\View\View.php(213): CodeIgniter\View\View->CodeIgniter\View\{closure}()
#12 C:\xampp8\htdocs\hiddengem\system\Common.php(1089): CodeIgniter\View\View->render('layout/v_wrappe...', Array, true)
#13 C:\xampp8\htdocs\hiddengem\app\Controllers\Blog.php(22): view('layout/v_wrappe...', Array)
#14 C:\xampp8\htdocs\hiddengem\system\CodeIgniter.php(832): App\Controllers\Blog->index()
#15 C:\xampp8\htdocs\hiddengem\system\CodeIgniter.php(419): CodeIgniter\CodeIgniter->runController(Object(App\Controllers\Blog))
#16 C:\xampp8\htdocs\hiddengem\system\CodeIgniter.php(326): CodeIgniter\CodeIgniter->handleRequest(NULL, Object(Config\Cache), false)
#17 C:\xampp8\htdocs\hiddengem\public\index.php(37): CodeIgniter\CodeIgniter->run()
#18 {main}
CRITICAL - 2022-04-22 04:19:04 --> require_once(): http:// wrapper is disabled in the server configuration by allow_url_include=0
#0 C:\xampp8\htdocs\hiddengem\app\Views\v_blog.php(28): CodeIgniter\Debug\Exceptions->errorHandler(2, 'require_once():...', 'C:\\xampp8\\htdoc...', 28)
#1 C:\xampp8\htdocs\hiddengem\app\Views\v_blog.php(28): require_once()
#2 C:\xampp8\htdocs\hiddengem\system\View\View.php(210): include('C:\\xampp8\\htdoc...')
#3 C:\xampp8\htdocs\hiddengem\system\View\View.php(213): CodeIgniter\View\View->CodeIgniter\View\{closure}()
#4 C:\xampp8\htdocs\hiddengem\system\Common.php(1089): CodeIgniter\View\View->render('v_blog', Array, true)
#5 C:\xampp8\htdocs\hiddengem\app\Views\layout\v_content.php(4): view('v_blog')
#6 C:\xampp8\htdocs\hiddengem\system\View\View.php(210): include('C:\\xampp8\\htdoc...')
#7 C:\xampp8\htdocs\hiddengem\system\View\View.php(213): CodeIgniter\View\View->CodeIgniter\View\{closure}()
#8 C:\xampp8\htdocs\hiddengem\system\Common.php(1089): CodeIgniter\View\View->render('layout/v_conten...', Array, true)
#9 C:\xampp8\htdocs\hiddengem\app\Views\layout\v_wrapper.php(5): view('layout/v_conten...')
#10 C:\xampp8\htdocs\hiddengem\system\View\View.php(210): include('C:\\xampp8\\htdoc...')
#11 C:\xampp8\htdocs\hiddengem\system\View\View.php(213): CodeIgniter\View\View->CodeIgniter\View\{closure}()
#12 C:\xampp8\htdocs\hiddengem\system\Common.php(1089): CodeIgniter\View\View->render('layout/v_wrappe...', Array, true)
#13 C:\xampp8\htdocs\hiddengem\app\Controllers\Blog.php(22): view('layout/v_wrappe...', Array)
#14 C:\xampp8\htdocs\hiddengem\system\CodeIgniter.php(832): App\Controllers\Blog->index()
#15 C:\xampp8\htdocs\hiddengem\system\CodeIgniter.php(419): CodeIgniter\CodeIgniter->runController(Object(App\Controllers\Blog))
#16 C:\xampp8\htdocs\hiddengem\system\CodeIgniter.php(326): CodeIgniter\CodeIgniter->handleRequest(NULL, Object(Config\Cache), false)
#17 C:\xampp8\htdocs\hiddengem\public\index.php(37): CodeIgniter\CodeIgniter->run()
#18 {main}
CRITICAL - 2022-04-22 04:19:35 --> require_once(): http:// wrapper is disabled in the server configuration by allow_url_include=0
#0 C:\xampp8\htdocs\hiddengem\app\Views\v_blog.php(28): CodeIgniter\Debug\Exceptions->errorHandler(2, 'require_once():...', 'C:\\xampp8\\htdoc...', 28)
#1 C:\xampp8\htdocs\hiddengem\app\Views\v_blog.php(28): require_once()
#2 C:\xampp8\htdocs\hiddengem\system\View\View.php(210): include('C:\\xampp8\\htdoc...')
#3 C:\xampp8\htdocs\hiddengem\system\View\View.php(213): CodeIgniter\View\View->CodeIgniter\View\{closure}()
#4 C:\xampp8\htdocs\hiddengem\system\Common.php(1089): CodeIgniter\View\View->render('v_blog', Array, true)
#5 C:\xampp8\htdocs\hiddengem\app\Views\layout\v_content.php(4): view('v_blog')
#6 C:\xampp8\htdocs\hiddengem\system\View\View.php(210): include('C:\\xampp8\\htdoc...')
#7 C:\xampp8\htdocs\hiddengem\system\View\View.php(213): CodeIgniter\View\View->CodeIgniter\View\{closure}()
#8 C:\xampp8\htdocs\hiddengem\system\Common.php(1089): CodeIgniter\View\View->render('layout/v_conten...', Array, true)
#9 C:\xampp8\htdocs\hiddengem\app\Views\layout\v_wrapper.php(5): view('layout/v_conten...')
#10 C:\xampp8\htdocs\hiddengem\system\View\View.php(210): include('C:\\xampp8\\htdoc...')
#11 C:\xampp8\htdocs\hiddengem\system\View\View.php(213): CodeIgniter\View\View->CodeIgniter\View\{closure}()
#12 C:\xampp8\htdocs\hiddengem\system\Common.php(1089): CodeIgniter\View\View->render('layout/v_wrappe...', Array, true)
#13 C:\xampp8\htdocs\hiddengem\app\Controllers\Blog.php(22): view('layout/v_wrappe...', Array)
#14 C:\xampp8\htdocs\hiddengem\system\CodeIgniter.php(832): App\Controllers\Blog->index()
#15 C:\xampp8\htdocs\hiddengem\system\CodeIgniter.php(419): CodeIgniter\CodeIgniter->runController(Object(App\Controllers\Blog))
#16 C:\xampp8\htdocs\hiddengem\system\CodeIgniter.php(326): CodeIgniter\CodeIgniter->handleRequest(NULL, Object(Config\Cache), false)
#17 C:\xampp8\htdocs\hiddengem\public\index.php(37): CodeIgniter\CodeIgniter->run()
#18 {main}
CRITICAL - 2022-04-22 04:19:48 --> require_once(): http:// wrapper is disabled in the server configuration by allow_url_include=0
#0 C:\xampp8\htdocs\hiddengem\app\Views\v_blog.php(28): CodeIgniter\Debug\Exceptions->errorHandler(2, 'require_once():...', 'C:\\xampp8\\htdoc...', 28)
#1 C:\xampp8\htdocs\hiddengem\app\Views\v_blog.php(28): require_once()
#2 C:\xampp8\htdocs\hiddengem\system\View\View.php(210): include('C:\\xampp8\\htdoc...')
#3 C:\xampp8\htdocs\hiddengem\system\View\View.php(213): CodeIgniter\View\View->CodeIgniter\View\{closure}()
#4 C:\xampp8\htdocs\hiddengem\system\Common.php(1089): CodeIgniter\View\View->render('v_blog', Array, true)
#5 C:\xampp8\htdocs\hiddengem\app\Views\layout\v_content.php(4): view('v_blog')
#6 C:\xampp8\htdocs\hiddengem\system\View\View.php(210): include('C:\\xampp8\\htdoc...')
#7 C:\xampp8\htdocs\hiddengem\system\View\View.php(213): CodeIgniter\View\View->CodeIgniter\View\{closure}()
#8 C:\xampp8\htdocs\hiddengem\system\Common.php(1089): CodeIgniter\View\View->render('layout/v_conten...', Array, true)
#9 C:\xampp8\htdocs\hiddengem\app\Views\layout\v_wrapper.php(5): view('layout/v_conten...')
#10 C:\xampp8\htdocs\hiddengem\system\View\View.php(210): include('C:\\xampp8\\htdoc...')
#11 C:\xampp8\htdocs\hiddengem\system\View\View.php(213): CodeIgniter\View\View->CodeIgniter\View\{closure}()
#12 C:\xampp8\htdocs\hiddengem\system\Common.php(1089): CodeIgniter\View\View->render('layout/v_wrappe...', Array, true)
#13 C:\xampp8\htdocs\hiddengem\app\Controllers\Blog.php(22): view('layout/v_wrappe...', Array)
#14 C:\xampp8\htdocs\hiddengem\system\CodeIgniter.php(832): App\Controllers\Blog->index()
#15 C:\xampp8\htdocs\hiddengem\system\CodeIgniter.php(419): CodeIgniter\CodeIgniter->runController(Object(App\Controllers\Blog))
#16 C:\xampp8\htdocs\hiddengem\system\CodeIgniter.php(326): CodeIgniter\CodeIgniter->handleRequest(NULL, Object(Config\Cache), false)
#17 C:\xampp8\htdocs\hiddengem\public\index.php(37): CodeIgniter\CodeIgniter->run()
#18 {main}
CRITICAL - 2022-04-22 04:20:53 --> require_once(): http:// wrapper is disabled in the server configuration by allow_url_include=0
#0 C:\xampp8\htdocs\hiddengem\app\Views\v_blog.php(28): CodeIgniter\Debug\Exceptions->errorHandler(2, 'require_once():...', 'C:\\xampp8\\htdoc...', 28)
#1 C:\xampp8\htdocs\hiddengem\app\Views\v_blog.php(28): require_once()
#2 C:\xampp8\htdocs\hiddengem\system\View\View.php(210): include('C:\\xampp8\\htdoc...')
#3 C:\xampp8\htdocs\hiddengem\system\View\View.php(213): CodeIgniter\View\View->CodeIgniter\View\{closure}()
#4 C:\xampp8\htdocs\hiddengem\system\Common.php(1089): CodeIgniter\View\View->render('v_blog', Array, true)
#5 C:\xampp8\htdocs\hiddengem\app\Views\layout\v_content.php(4): view('v_blog')
#6 C:\xampp8\htdocs\hiddengem\system\View\View.php(210): include('C:\\xampp8\\htdoc...')
#7 C:\xampp8\htdocs\hiddengem\system\View\View.php(213): CodeIgniter\View\View->CodeIgniter\View\{closure}()
#8 C:\xampp8\htdocs\hiddengem\system\Common.php(1089): CodeIgniter\View\View->render('layout/v_conten...', Array, true)
#9 C:\xampp8\htdocs\hiddengem\app\Views\layout\v_wrapper.php(5): view('layout/v_conten...')
#10 C:\xampp8\htdocs\hiddengem\system\View\View.php(210): include('C:\\xampp8\\htdoc...')
#11 C:\xampp8\htdocs\hiddengem\system\View\View.php(213): CodeIgniter\View\View->CodeIgniter\View\{closure}()
#12 C:\xampp8\htdocs\hiddengem\system\Common.php(1089): CodeIgniter\View\View->render('layout/v_wrappe...', Array, true)
#13 C:\xampp8\htdocs\hiddengem\app\Controllers\Blog.php(22): view('layout/v_wrappe...', Array)
#14 C:\xampp8\htdocs\hiddengem\system\CodeIgniter.php(832): App\Controllers\Blog->index()
#15 C:\xampp8\htdocs\hiddengem\system\CodeIgniter.php(419): CodeIgniter\CodeIgniter->runController(Object(App\Controllers\Blog))
#16 C:\xampp8\htdocs\hiddengem\system\CodeIgniter.php(326): CodeIgniter\CodeIgniter->handleRequest(NULL, Object(Config\Cache), false)
#17 C:\xampp8\htdocs\hiddengem\public\index.php(37): CodeIgniter\CodeIgniter->run()
#18 {main}
CRITICAL - 2022-04-22 04:22:01 --> require_once(./simple_html_dom.php): Failed to open stream: No such file or directory
#0 C:\xampp8\htdocs\hiddengem\app\Views\v_blog.php(28): CodeIgniter\Debug\Exceptions->errorHandler(2, 'require_once(./...', 'C:\\xampp8\\htdoc...', 28)
#1 C:\xampp8\htdocs\hiddengem\app\Views\v_blog.php(28): require_once()
#2 C:\xampp8\htdocs\hiddengem\system\View\View.php(210): include('C:\\xampp8\\htdoc...')
#3 C:\xampp8\htdocs\hiddengem\system\View\View.php(213): CodeIgniter\View\View->CodeIgniter\View\{closure}()
#4 C:\xampp8\htdocs\hiddengem\system\Common.php(1089): CodeIgniter\View\View->render('v_blog', Array, true)
#5 C:\xampp8\htdocs\hiddengem\app\Views\layout\v_content.php(4): view('v_blog')
#6 C:\xampp8\htdocs\hiddengem\system\View\View.php(210): include('C:\\xampp8\\htdoc...')
#7 C:\xampp8\htdocs\hiddengem\system\View\View.php(213): CodeIgniter\View\View->CodeIgniter\View\{closure}()
#8 C:\xampp8\htdocs\hiddengem\system\Common.php(1089): CodeIgniter\View\View->render('layout/v_conten...', Array, true)
#9 C:\xampp8\htdocs\hiddengem\app\Views\layout\v_wrapper.php(5): view('layout/v_conten...')
#10 C:\xampp8\htdocs\hiddengem\system\View\View.php(210): include('C:\\xampp8\\htdoc...')
#11 C:\xampp8\htdocs\hiddengem\system\View\View.php(213): CodeIgniter\View\View->CodeIgniter\View\{closure}()
#12 C:\xampp8\htdocs\hiddengem\system\Common.php(1089): CodeIgniter\View\View->render('layout/v_wrappe...', Array, true)
#13 C:\xampp8\htdocs\hiddengem\app\Controllers\Blog.php(22): view('layout/v_wrappe...', Array)
#14 C:\xampp8\htdocs\hiddengem\system\CodeIgniter.php(832): App\Controllers\Blog->index()
#15 C:\xampp8\htdocs\hiddengem\system\CodeIgniter.php(419): CodeIgniter\CodeIgniter->runController(Object(App\Controllers\Blog))
#16 C:\xampp8\htdocs\hiddengem\system\CodeIgniter.php(326): CodeIgniter\CodeIgniter->handleRequest(NULL, Object(Config\Cache), false)
#17 C:\xampp8\htdocs\hiddengem\public\index.php(37): CodeIgniter\CodeIgniter->run()
#18 {main}
CRITICAL - 2022-04-22 04:22:18 --> require(./simple_html_dom.php): Failed to open stream: No such file or directory
#0 C:\xampp8\htdocs\hiddengem\app\Views\v_blog.php(28): CodeIgniter\Debug\Exceptions->errorHandler(2, 'require(./simpl...', 'C:\\xampp8\\htdoc...', 28)
#1 C:\xampp8\htdocs\hiddengem\app\Views\v_blog.php(28): require()
#2 C:\xampp8\htdocs\hiddengem\system\View\View.php(210): include('C:\\xampp8\\htdoc...')
#3 C:\xampp8\htdocs\hiddengem\system\View\View.php(213): CodeIgniter\View\View->CodeIgniter\View\{closure}()
#4 C:\xampp8\htdocs\hiddengem\system\Common.php(1089): CodeIgniter\View\View->render('v_blog', Array, true)
#5 C:\xampp8\htdocs\hiddengem\app\Views\layout\v_content.php(4): view('v_blog')
#6 C:\xampp8\htdocs\hiddengem\system\View\View.php(210): include('C:\\xampp8\\htdoc...')
#7 C:\xampp8\htdocs\hiddengem\system\View\View.php(213): CodeIgniter\View\View->CodeIgniter\View\{closure}()
#8 C:\xampp8\htdocs\hiddengem\system\Common.php(1089): CodeIgniter\View\View->render('layout/v_conten...', Array, true)
#9 C:\xampp8\htdocs\hiddengem\app\Views\layout\v_wrapper.php(5): view('layout/v_conten...')
#10 C:\xampp8\htdocs\hiddengem\system\View\View.php(210): include('C:\\xampp8\\htdoc...')
#11 C:\xampp8\htdocs\hiddengem\system\View\View.php(213): CodeIgniter\View\View->CodeIgniter\View\{closure}()
#12 C:\xampp8\htdocs\hiddengem\system\Common.php(1089): CodeIgniter\View\View->render('layout/v_wrappe...', Array, true)
#13 C:\xampp8\htdocs\hiddengem\app\Controllers\Blog.php(22): view('layout/v_wrappe...', Array)
#14 C:\xampp8\htdocs\hiddengem\system\CodeIgniter.php(832): App\Controllers\Blog->index()
#15 C:\xampp8\htdocs\hiddengem\system\CodeIgniter.php(419): CodeIgniter\CodeIgniter->runController(Object(App\Controllers\Blog))
#16 C:\xampp8\htdocs\hiddengem\system\CodeIgniter.php(326): CodeIgniter\CodeIgniter->handleRequest(NULL, Object(Config\Cache), false)
#17 C:\xampp8\htdocs\hiddengem\public\index.php(37): CodeIgniter\CodeIgniter->run()
#18 {main}
CRITICAL - 2022-04-22 08:58:42 --> require_once(application/views/simple_html_dom.php): Failed to open stream: No such file or directory
#0 C:\xampp8\htdocs\hiddengem\app\Views\v_blog.php(28): CodeIgniter\Debug\Exceptions->errorHandler(2, 'require_once(ap...', 'C:\\xampp8\\htdoc...', 28)
#1 C:\xampp8\htdocs\hiddengem\app\Views\v_blog.php(28): require_once()
#2 C:\xampp8\htdocs\hiddengem\system\View\View.php(210): include('C:\\xampp8\\htdoc...')
#3 C:\xampp8\htdocs\hiddengem\system\View\View.php(213): CodeIgniter\View\View->CodeIgniter\View\{closure}()
#4 C:\xampp8\htdocs\hiddengem\system\Common.php(1089): CodeIgniter\View\View->render('v_blog', Array, true)
#5 C:\xampp8\htdocs\hiddengem\app\Views\layout\v_content.php(4): view('v_blog')
#6 C:\xampp8\htdocs\hiddengem\system\View\View.php(210): include('C:\\xampp8\\htdoc...')
#7 C:\xampp8\htdocs\hiddengem\system\View\View.php(213): CodeIgniter\View\View->CodeIgniter\View\{closure}()
#8 C:\xampp8\htdocs\hiddengem\system\Common.php(1089): CodeIgniter\View\View->render('layout/v_conten...', Array, true)
#9 C:\xampp8\htdocs\hiddengem\app\Views\layout\v_wrapper.php(5): view('layout/v_conten...')
#10 C:\xampp8\htdocs\hiddengem\system\View\View.php(210): include('C:\\xampp8\\htdoc...')
#11 C:\xampp8\htdocs\hiddengem\system\View\View.php(213): CodeIgniter\View\View->CodeIgniter\View\{closure}()
#12 C:\xampp8\htdocs\hiddengem\system\Common.php(1089): CodeIgniter\View\View->render('layout/v_wrappe...', Array, true)
#13 C:\xampp8\htdocs\hiddengem\app\Controllers\Blog.php(22): view('layout/v_wrappe...', Array)
#14 C:\xampp8\htdocs\hiddengem\system\CodeIgniter.php(832): App\Controllers\Blog->index()
#15 C:\xampp8\htdocs\hiddengem\system\CodeIgniter.php(419): CodeIgniter\CodeIgniter->runController(Object(App\Controllers\Blog))
#16 C:\xampp8\htdocs\hiddengem\system\CodeIgniter.php(326): CodeIgniter\CodeIgniter->handleRequest(NULL, Object(Config\Cache), false)
#17 C:\xampp8\htdocs\hiddengem\public\index.php(37): CodeIgniter\CodeIgniter->run()
#18 {main}
CRITICAL - 2022-04-22 08:59:17 --> require_once(app/views/simple_html_dom.php): Failed to open stream: No such file or directory
#0 C:\xampp8\htdocs\hiddengem\app\Views\v_blog.php(28): CodeIgniter\Debug\Exceptions->errorHandler(2, 'require_once(ap...', 'C:\\xampp8\\htdoc...', 28)
#1 C:\xampp8\htdocs\hiddengem\app\Views\v_blog.php(28): require_once()
#2 C:\xampp8\htdocs\hiddengem\system\View\View.php(210): include('C:\\xampp8\\htdoc...')
#3 C:\xampp8\htdocs\hiddengem\system\View\View.php(213): CodeIgniter\View\View->CodeIgniter\View\{closure}()
#4 C:\xampp8\htdocs\hiddengem\system\Common.php(1089): CodeIgniter\View\View->render('v_blog', Array, true)
#5 C:\xampp8\htdocs\hiddengem\app\Views\layout\v_content.php(4): view('v_blog')
#6 C:\xampp8\htdocs\hiddengem\system\View\View.php(210): include('C:\\xampp8\\htdoc...')
#7 C:\xampp8\htdocs\hiddengem\system\View\View.php(213): CodeIgniter\View\View->CodeIgniter\View\{closure}()
#8 C:\xampp8\htdocs\hiddengem\system\Common.php(1089): CodeIgniter\View\View->render('layout/v_conten...', Array, true)
#9 C:\xampp8\htdocs\hiddengem\app\Views\layout\v_wrapper.php(5): view('layout/v_conten...')
#10 C:\xampp8\htdocs\hiddengem\system\View\View.php(210): include('C:\\xampp8\\htdoc...')
#11 C:\xampp8\htdocs\hiddengem\system\View\View.php(213): CodeIgniter\View\View->CodeIgniter\View\{closure}()
#12 C:\xampp8\htdocs\hiddengem\system\Common.php(1089): CodeIgniter\View\View->render('layout/v_wrappe...', Array, true)
#13 C:\xampp8\htdocs\hiddengem\app\Controllers\Blog.php(22): view('layout/v_wrappe...', Array)
#14 C:\xampp8\htdocs\hiddengem\system\CodeIgniter.php(832): App\Controllers\Blog->index()
#15 C:\xampp8\htdocs\hiddengem\system\CodeIgniter.php(419): CodeIgniter\CodeIgniter->runController(Object(App\Controllers\Blog))
#16 C:\xampp8\htdocs\hiddengem\system\CodeIgniter.php(326): CodeIgniter\CodeIgniter->handleRequest(NULL, Object(Config\Cache), false)
#17 C:\xampp8\htdocs\hiddengem\public\index.php(37): CodeIgniter\CodeIgniter->run()
#18 {main}
CRITICAL - 2022-04-22 08:59:50 --> require_once(C:\xampp8\htdocs\hiddengem\app\Views\v_blog.php/simple_html_dom.php): Failed to open stream: No such file or directory
#0 C:\xampp8\htdocs\hiddengem\app\Views\v_blog.php(28): CodeIgniter\Debug\Exceptions->errorHandler(2, 'require_once(C:...', 'C:\\xampp8\\htdoc...', 28)
#1 C:\xampp8\htdocs\hiddengem\app\Views\v_blog.php(28): require_once()
#2 C:\xampp8\htdocs\hiddengem\system\View\View.php(210): include('C:\\xampp8\\htdoc...')
#3 C:\xampp8\htdocs\hiddengem\system\View\View.php(213): CodeIgniter\View\View->CodeIgniter\View\{closure}()
#4 C:\xampp8\htdocs\hiddengem\system\Common.php(1089): CodeIgniter\View\View->render('v_blog', Array, true)
#5 C:\xampp8\htdocs\hiddengem\app\Views\layout\v_content.php(4): view('v_blog')
#6 C:\xampp8\htdocs\hiddengem\system\View\View.php(210): include('C:\\xampp8\\htdoc...')
#7 C:\xampp8\htdocs\hiddengem\system\View\View.php(213): CodeIgniter\View\View->CodeIgniter\View\{closure}()
#8 C:\xampp8\htdocs\hiddengem\system\Common.php(1089): CodeIgniter\View\View->render('layout/v_conten...', Array, true)
#9 C:\xampp8\htdocs\hiddengem\app\Views\layout\v_wrapper.php(5): view('layout/v_conten...')
#10 C:\xampp8\htdocs\hiddengem\system\View\View.php(210): include('C:\\xampp8\\htdoc...')
#11 C:\xampp8\htdocs\hiddengem\system\View\View.php(213): CodeIgniter\View\View->CodeIgniter\View\{closure}()
#12 C:\xampp8\htdocs\hiddengem\system\Common.php(1089): CodeIgniter\View\View->render('layout/v_wrappe...', Array, true)
#13 C:\xampp8\htdocs\hiddengem\app\Controllers\Blog.php(22): view('layout/v_wrappe...', Array)
#14 C:\xampp8\htdocs\hiddengem\system\CodeIgniter.php(832): App\Controllers\Blog->index()
#15 C:\xampp8\htdocs\hiddengem\system\CodeIgniter.php(419): CodeIgniter\CodeIgniter->runController(Object(App\Controllers\Blog))
#16 C:\xampp8\htdocs\hiddengem\system\CodeIgniter.php(326): CodeIgniter\CodeIgniter->handleRequest(NULL, Object(Config\Cache), false)
#17 C:\xampp8\htdocs\hiddengem\public\index.php(37): CodeIgniter\CodeIgniter->run()
#18 {main}
CRITICAL - 2022-04-22 09:00:36 --> require_once(C:\xampp8\htdocs\hiddengem\app\Views\v_blog.phpsimple_html_dom.php): Failed to open stream: No such file or directory
#0 C:\xampp8\htdocs\hiddengem\app\Views\v_blog.php(28): CodeIgniter\Debug\Exceptions->errorHandler(2, 'require_once(C:...', 'C:\\xampp8\\htdoc...', 28)
#1 C:\xampp8\htdocs\hiddengem\app\Views\v_blog.php(28): require_once()
#2 C:\xampp8\htdocs\hiddengem\system\View\View.php(210): include('C:\\xampp8\\htdoc...')
#3 C:\xampp8\htdocs\hiddengem\system\View\View.php(213): CodeIgniter\View\View->CodeIgniter\View\{closure}()
#4 C:\xampp8\htdocs\hiddengem\system\Common.php(1089): CodeIgniter\View\View->render('v_blog', Array, true)
#5 C:\xampp8\htdocs\hiddengem\app\Views\layout\v_content.php(4): view('v_blog')
#6 C:\xampp8\htdocs\hiddengem\system\View\View.php(210): include('C:\\xampp8\\htdoc...')
#7 C:\xampp8\htdocs\hiddengem\system\View\View.php(213): CodeIgniter\View\View->CodeIgniter\View\{closure}()
#8 C:\xampp8\htdocs\hiddengem\system\Common.php(1089): CodeIgniter\View\View->render('layout/v_conten...', Array, true)
#9 C:\xampp8\htdocs\hiddengem\app\Views\layout\v_wrapper.php(5): view('layout/v_conten...')
#10 C:\xampp8\htdocs\hiddengem\system\View\View.php(210): include('C:\\xampp8\\htdoc...')
#11 C:\xampp8\htdocs\hiddengem\system\View\View.php(213): CodeIgniter\View\View->CodeIgniter\View\{closure}()
#12 C:\xampp8\htdocs\hiddengem\system\Common.php(1089): CodeIgniter\View\View->render('layout/v_wrappe...', Array, true)
#13 C:\xampp8\htdocs\hiddengem\app\Controllers\Blog.php(22): view('layout/v_wrappe...', Array)
#14 C:\xampp8\htdocs\hiddengem\system\CodeIgniter.php(832): App\Controllers\Blog->index()
#15 C:\xampp8\htdocs\hiddengem\system\CodeIgniter.php(419): CodeIgniter\CodeIgniter->runController(Object(App\Controllers\Blog))
#16 C:\xampp8\htdocs\hiddengem\system\CodeIgniter.php(326): CodeIgniter\CodeIgniter->handleRequest(NULL, Object(Config\Cache), false)
#17 C:\xampp8\htdocs\hiddengem\public\index.php(37): CodeIgniter\CodeIgniter->run()
#18 {main}
CRITICAL - 2022-04-22 09:01:04 --> require_once(C:\xampp8\htdocs\hiddengem\app\Viewssimple_html_dom.php): Failed to open stream: No such file or directory
#0 C:\xampp8\htdocs\hiddengem\app\Views\v_blog.php(28): CodeIgniter\Debug\Exceptions->errorHandler(2, 'require_once(C:...', 'C:\\xampp8\\htdoc...', 28)
#1 C:\xampp8\htdocs\hiddengem\app\Views\v_blog.php(28): require_once()
#2 C:\xampp8\htdocs\hiddengem\system\View\View.php(210): include('C:\\xampp8\\htdoc...')
#3 C:\xampp8\htdocs\hiddengem\system\View\View.php(213): CodeIgniter\View\View->CodeIgniter\View\{closure}()
#4 C:\xampp8\htdocs\hiddengem\system\Common.php(1089): CodeIgniter\View\View->render('v_blog', Array, true)
#5 C:\xampp8\htdocs\hiddengem\app\Views\layout\v_content.php(4): view('v_blog')
#6 C:\xampp8\htdocs\hiddengem\system\View\View.php(210): include('C:\\xampp8\\htdoc...')
#7 C:\xampp8\htdocs\hiddengem\system\View\View.php(213): CodeIgniter\View\View->CodeIgniter\View\{closure}()
#8 C:\xampp8\htdocs\hiddengem\system\Common.php(1089): CodeIgniter\View\View->render('layout/v_conten...', Array, true)
#9 C:\xampp8\htdocs\hiddengem\app\Views\layout\v_wrapper.php(5): view('layout/v_conten...')
#10 C:\xampp8\htdocs\hiddengem\system\View\View.php(210): include('C:\\xampp8\\htdoc...')
#11 C:\xampp8\htdocs\hiddengem\system\View\View.php(213): CodeIgniter\View\View->CodeIgniter\View\{closure}()
#12 C:\xampp8\htdocs\hiddengem\system\Common.php(1089): CodeIgniter\View\View->render('layout/v_wrappe...', Array, true)
#13 C:\xampp8\htdocs\hiddengem\app\Controllers\Blog.php(22): view('layout/v_wrappe...', Array)
#14 C:\xampp8\htdocs\hiddengem\system\CodeIgniter.php(832): App\Controllers\Blog->index()
#15 C:\xampp8\htdocs\hiddengem\system\CodeIgniter.php(419): CodeIgniter\CodeIgniter->runController(Object(App\Controllers\Blog))
#16 C:\xampp8\htdocs\hiddengem\system\CodeIgniter.php(326): CodeIgniter\CodeIgniter->handleRequest(NULL, Object(Config\Cache), false)
#17 C:\xampp8\htdocs\hiddengem\public\index.php(37): CodeIgniter\CodeIgniter->run()
#18 {main}
