CRITICAL - 2022-03-27 06:35:14 --> Call to undefined function form_open()
#0 C:\xampp8\htdocs\hiddengem\system\View\View.php(210): include()
#1 C:\xampp8\htdocs\hiddengem\system\View\View.php(213): CodeIgniter\View\View->CodeIgniter\View\{closure}()
#2 C:\xampp8\htdocs\hiddengem\system\Common.php(1089): CodeIgniter\View\View->render('v_profile', Array, true)
#3 C:\xampp8\htdocs\hiddengem\app\Views\layout\v_content.php(4): view('v_profile')
#4 C:\xampp8\htdocs\hiddengem\system\View\View.php(210): include('C:\\xampp8\\htdoc...')
#5 C:\xampp8\htdocs\hiddengem\system\View\View.php(213): CodeIgniter\View\View->CodeIgniter\View\{closure}()
#6 C:\xampp8\htdocs\hiddengem\system\Common.php(1089): CodeIgniter\View\View->render('layout/v_conten...', Array, true)
#7 C:\xampp8\htdocs\hiddengem\app\Views\layout\v_wrapper.php(5): view('layout/v_conten...')
#8 C:\xampp8\htdocs\hiddengem\system\View\View.php(210): include('C:\\xampp8\\htdoc...')
#9 C:\xampp8\htdocs\hiddengem\system\View\View.php(213): CodeIgniter\View\View->CodeIgniter\View\{closure}()
#10 C:\xampp8\htdocs\hiddengem\system\Common.php(1089): CodeIgniter\View\View->render('layout/v_wrappe...', Array, true)
#11 C:\xampp8\htdocs\hiddengem\app\Controllers\Profile.php(13): view('layout/v_wrappe...', Array)
#12 C:\xampp8\htdocs\hiddengem\system\CodeIgniter.php(832): App\Controllers\Profile->index()
#13 C:\xampp8\htdocs\hiddengem\system\CodeIgniter.php(419): CodeIgniter\CodeIgniter->runController(Object(App\Controllers\Profile))
#14 C:\xampp8\htdocs\hiddengem\system\CodeIgniter.php(326): CodeIgniter\CodeIgniter->handleRequest(NULL, Object(Config\Cache), false)
#15 C:\xampp8\htdocs\hiddengem\public\index.php(37): CodeIgniter\CodeIgniter->run()
#16 {main}
ERROR - 2022-03-27 06:47:17 --> Column 'judul_post' cannot be null
CRITICAL - 2022-03-27 06:47:17 --> Column 'judul_post' cannot be null
#0 C:\xampp8\htdocs\hiddengem\system\Database\MySQLi\Connection.php(292): mysqli->query('INSERT INTO `po...', 0)
#1 C:\xampp8\htdocs\hiddengem\system\Database\BaseConnection.php(670): CodeIgniter\Database\MySQLi\Connection->execute('INSERT INTO `po...')
#2 C:\xampp8\htdocs\hiddengem\system\Database\BaseConnection.php(598): CodeIgniter\Database\BaseConnection->simpleQuery('INSERT INTO `po...')
#3 C:\xampp8\htdocs\hiddengem\system\Database\BaseBuilder.php(1771): CodeIgniter\Database\BaseConnection->query('INSERT INTO `po...', Array, false)
#4 C:\xampp8\htdocs\hiddengem\app\Models\ProfileModel.php(11): CodeIgniter\Database\BaseBuilder->insert(Array)
#5 C:\xampp8\htdocs\hiddengem\app\Controllers\Profile.php(31): App\Models\ProfileModel->tambah_post(Array)
#6 C:\xampp8\htdocs\hiddengem\system\CodeIgniter.php(832): App\Controllers\Profile->tambah_post()
#7 C:\xampp8\htdocs\hiddengem\system\CodeIgniter.php(419): CodeIgniter\CodeIgniter->runController(Object(App\Controllers\Profile))
#8 C:\xampp8\htdocs\hiddengem\system\CodeIgniter.php(326): CodeIgniter\CodeIgniter->handleRequest(NULL, Object(Config\Cache), false)
#9 C:\xampp8\htdocs\hiddengem\public\index.php(37): CodeIgniter\CodeIgniter->run()
#10 {main}
ERROR - 2022-03-27 06:49:20 --> Column 'desc_post' cannot be null
CRITICAL - 2022-03-27 06:49:20 --> Column 'desc_post' cannot be null
#0 C:\xampp8\htdocs\hiddengem\system\Database\MySQLi\Connection.php(292): mysqli->query('INSERT INTO `po...', 0)
#1 C:\xampp8\htdocs\hiddengem\system\Database\BaseConnection.php(670): CodeIgniter\Database\MySQLi\Connection->execute('INSERT INTO `po...')
#2 C:\xampp8\htdocs\hiddengem\system\Database\BaseConnection.php(598): CodeIgniter\Database\BaseConnection->simpleQuery('INSERT INTO `po...')
#3 C:\xampp8\htdocs\hiddengem\system\Database\BaseBuilder.php(1771): CodeIgniter\Database\BaseConnection->query('INSERT INTO `po...', Array, false)
#4 C:\xampp8\htdocs\hiddengem\app\Models\ProfileModel.php(11): CodeIgniter\Database\BaseBuilder->insert(Array)
#5 C:\xampp8\htdocs\hiddengem\app\Controllers\Profile.php(31): App\Models\ProfileModel->tambah_post(Array)
#6 C:\xampp8\htdocs\hiddengem\system\CodeIgniter.php(832): App\Controllers\Profile->tambah_post()
#7 C:\xampp8\htdocs\hiddengem\system\CodeIgniter.php(419): CodeIgniter\CodeIgniter->runController(Object(App\Controllers\Profile))
#8 C:\xampp8\htdocs\hiddengem\system\CodeIgniter.php(326): CodeIgniter\CodeIgniter->handleRequest(NULL, Object(Config\Cache), false)
#9 C:\xampp8\htdocs\hiddengem\public\index.php(37): CodeIgniter\CodeIgniter->run()
#10 {main}
CRITICAL - 2022-03-27 07:04:29 --> Undefined property: App\Controllers\Explore::$ExploreModel
#0 C:\xampp8\htdocs\hiddengem\app\Controllers\Explore.php(14): CodeIgniter\Debug\Exceptions->errorHandler(2, 'Undefined prope...', 'C:\\xampp8\\htdoc...', 14)
#1 C:\xampp8\htdocs\hiddengem\system\CodeIgniter.php(832): App\Controllers\Explore->index()
#2 C:\xampp8\htdocs\hiddengem\system\CodeIgniter.php(419): CodeIgniter\CodeIgniter->runController(Object(App\Controllers\Explore))
#3 C:\xampp8\htdocs\hiddengem\system\CodeIgniter.php(326): CodeIgniter\CodeIgniter->handleRequest(NULL, Object(Config\Cache), false)
#4 C:\xampp8\htdocs\hiddengem\public\index.php(37): CodeIgniter\CodeIgniter->run()
#5 {main}
CRITICAL - 2022-03-27 07:05:07 --> You must set the database table to be used with your query.
#0 C:\xampp8\htdocs\hiddengem\system\Model.php(545): CodeIgniter\Database\BaseConnection->table(NULL)
#1 C:\xampp8\htdocs\hiddengem\system\Model.php(722): CodeIgniter\Model->builder()
#2 C:\xampp8\htdocs\hiddengem\app\Controllers\Explore.php(19): CodeIgniter\Model->__call('tampil_post', Array)
#3 C:\xampp8\htdocs\hiddengem\system\CodeIgniter.php(832): App\Controllers\Explore->index()
#4 C:\xampp8\htdocs\hiddengem\system\CodeIgniter.php(419): CodeIgniter\CodeIgniter->runController(Object(App\Controllers\Explore))
#5 C:\xampp8\htdocs\hiddengem\system\CodeIgniter.php(326): CodeIgniter\CodeIgniter->handleRequest(NULL, Object(Config\Cache), false)
#6 C:\xampp8\htdocs\hiddengem\public\index.php(37): CodeIgniter\CodeIgniter->run()
#7 {main}
CRITICAL - 2022-03-27 07:05:50 --> You must set the database table to be used with your query.
#0 C:\xampp8\htdocs\hiddengem\system\Model.php(545): CodeIgniter\Database\BaseConnection->table(NULL)
#1 C:\xampp8\htdocs\hiddengem\system\Model.php(722): CodeIgniter\Model->builder()
#2 C:\xampp8\htdocs\hiddengem\app\Controllers\Explore.php(19): CodeIgniter\Model->__call('tampil_post', Array)
#3 C:\xampp8\htdocs\hiddengem\system\CodeIgniter.php(832): App\Controllers\Explore->index()
#4 C:\xampp8\htdocs\hiddengem\system\CodeIgniter.php(419): CodeIgniter\CodeIgniter->runController(Object(App\Controllers\Explore))
#5 C:\xampp8\htdocs\hiddengem\system\CodeIgniter.php(326): CodeIgniter\CodeIgniter->handleRequest(NULL, Object(Config\Cache), false)
#6 C:\xampp8\htdocs\hiddengem\public\index.php(37): CodeIgniter\CodeIgniter->run()
#7 {main}
CRITICAL - 2022-03-27 07:07:56 --> Call to a member function getRandomName() on null
#0 C:\xampp8\htdocs\hiddengem\system\CodeIgniter.php(832): App\Controllers\Profile->tambah_post()
#1 C:\xampp8\htdocs\hiddengem\system\CodeIgniter.php(419): CodeIgniter\CodeIgniter->runController(Object(App\Controllers\Profile))
#2 C:\xampp8\htdocs\hiddengem\system\CodeIgniter.php(326): CodeIgniter\CodeIgniter->handleRequest(NULL, Object(Config\Cache), false)
#3 C:\xampp8\htdocs\hiddengem\public\index.php(37): CodeIgniter\CodeIgniter->run()
#4 {main}
CRITICAL - 2022-03-27 07:10:13 --> Call to a member function move() on null
#0 C:\xampp8\htdocs\hiddengem\system\CodeIgniter.php(832): App\Controllers\Profile->tambah_post()
#1 C:\xampp8\htdocs\hiddengem\system\CodeIgniter.php(419): CodeIgniter\CodeIgniter->runController(Object(App\Controllers\Profile))
#2 C:\xampp8\htdocs\hiddengem\system\CodeIgniter.php(326): CodeIgniter\CodeIgniter->handleRequest(NULL, Object(Config\Cache), false)
#3 C:\xampp8\htdocs\hiddengem\public\index.php(37): CodeIgniter\CodeIgniter->run()
#4 {main}
CRITICAL - 2022-03-27 07:10:23 --> Call to a member function move() on null
#0 C:\xampp8\htdocs\hiddengem\system\CodeIgniter.php(832): App\Controllers\Profile->tambah_post()
#1 C:\xampp8\htdocs\hiddengem\system\CodeIgniter.php(419): CodeIgniter\CodeIgniter->runController(Object(App\Controllers\Profile))
#2 C:\xampp8\htdocs\hiddengem\system\CodeIgniter.php(326): CodeIgniter\CodeIgniter->handleRequest(NULL, Object(Config\Cache), false)
#3 C:\xampp8\htdocs\hiddengem\public\index.php(37): CodeIgniter\CodeIgniter->run()
#4 {main}
CRITICAL - 2022-03-27 07:10:51 --> Call to a member function move() on null
#0 C:\xampp8\htdocs\hiddengem\system\CodeIgniter.php(832): App\Controllers\Profile->tambah_post()
#1 C:\xampp8\htdocs\hiddengem\system\CodeIgniter.php(419): CodeIgniter\CodeIgniter->runController(Object(App\Controllers\Profile))
#2 C:\xampp8\htdocs\hiddengem\system\CodeIgniter.php(326): CodeIgniter\CodeIgniter->handleRequest(NULL, Object(Config\Cache), false)
#3 C:\xampp8\htdocs\hiddengem\public\index.php(37): CodeIgniter\CodeIgniter->run()
#4 {main}
CRITICAL - 2022-03-27 07:10:59 --> Call to a member function move() on null
#0 C:\xampp8\htdocs\hiddengem\system\CodeIgniter.php(832): App\Controllers\Profile->tambah_post()
#1 C:\xampp8\htdocs\hiddengem\system\CodeIgniter.php(419): CodeIgniter\CodeIgniter->runController(Object(App\Controllers\Profile))
#2 C:\xampp8\htdocs\hiddengem\system\CodeIgniter.php(326): CodeIgniter\CodeIgniter->handleRequest(NULL, Object(Config\Cache), false)
#3 C:\xampp8\htdocs\hiddengem\public\index.php(37): CodeIgniter\CodeIgniter->run()
#4 {main}
CRITICAL - 2022-03-27 07:12:49 --> Call to a member function getRandomName() on null
#0 C:\xampp8\htdocs\hiddengem\system\CodeIgniter.php(832): App\Controllers\Profile->tambah_post()
#1 C:\xampp8\htdocs\hiddengem\system\CodeIgniter.php(419): CodeIgniter\CodeIgniter->runController(Object(App\Controllers\Profile))
#2 C:\xampp8\htdocs\hiddengem\system\CodeIgniter.php(326): CodeIgniter\CodeIgniter->handleRequest(NULL, Object(Config\Cache), false)
#3 C:\xampp8\htdocs\hiddengem\public\index.php(37): CodeIgniter\CodeIgniter->run()
#4 {main}
CRITICAL - 2022-03-27 07:13:54 --> Call to a member function getRandomName() on null
#0 C:\xampp8\htdocs\hiddengem\system\CodeIgniter.php(832): App\Controllers\Profile->tambah_post()
#1 C:\xampp8\htdocs\hiddengem\system\CodeIgniter.php(419): CodeIgniter\CodeIgniter->runController(Object(App\Controllers\Profile))
#2 C:\xampp8\htdocs\hiddengem\system\CodeIgniter.php(326): CodeIgniter\CodeIgniter->handleRequest(NULL, Object(Config\Cache), false)
#3 C:\xampp8\htdocs\hiddengem\public\index.php(37): CodeIgniter\CodeIgniter->run()
#4 {main}
CRITICAL - 2022-03-27 07:13:55 --> Call to a member function getRandomName() on null
#0 C:\xampp8\htdocs\hiddengem\system\CodeIgniter.php(832): App\Controllers\Profile->tambah_post()
#1 C:\xampp8\htdocs\hiddengem\system\CodeIgniter.php(419): CodeIgniter\CodeIgniter->runController(Object(App\Controllers\Profile))
#2 C:\xampp8\htdocs\hiddengem\system\CodeIgniter.php(326): CodeIgniter\CodeIgniter->handleRequest(NULL, Object(Config\Cache), false)
#3 C:\xampp8\htdocs\hiddengem\public\index.php(37): CodeIgniter\CodeIgniter->run()
#4 {main}
CRITICAL - 2022-03-27 07:13:59 --> Call to a member function getRandomName() on null
#0 C:\xampp8\htdocs\hiddengem\system\CodeIgniter.php(832): App\Controllers\Profile->tambah_post()
#1 C:\xampp8\htdocs\hiddengem\system\CodeIgniter.php(419): CodeIgniter\CodeIgniter->runController(Object(App\Controllers\Profile))
#2 C:\xampp8\htdocs\hiddengem\system\CodeIgniter.php(326): CodeIgniter\CodeIgniter->handleRequest(NULL, Object(Config\Cache), false)
#3 C:\xampp8\htdocs\hiddengem\public\index.php(37): CodeIgniter\CodeIgniter->run()
#4 {main}
CRITICAL - 2022-03-27 07:16:23 --> Call to a member function getRandomName() on null
#0 C:\xampp8\htdocs\hiddengem\system\CodeIgniter.php(832): App\Controllers\Profile->tambah_post()
#1 C:\xampp8\htdocs\hiddengem\system\CodeIgniter.php(419): CodeIgniter\CodeIgniter->runController(Object(App\Controllers\Profile))
#2 C:\xampp8\htdocs\hiddengem\system\CodeIgniter.php(326): CodeIgniter\CodeIgniter->handleRequest(NULL, Object(Config\Cache), false)
#3 C:\xampp8\htdocs\hiddengem\public\index.php(37): CodeIgniter\CodeIgniter->run()
#4 {main}
CRITICAL - 2022-03-27 07:16:25 --> Call to a member function getRandomName() on null
#0 C:\xampp8\htdocs\hiddengem\system\CodeIgniter.php(832): App\Controllers\Profile->tambah_post()
#1 C:\xampp8\htdocs\hiddengem\system\CodeIgniter.php(419): CodeIgniter\CodeIgniter->runController(Object(App\Controllers\Profile))
#2 C:\xampp8\htdocs\hiddengem\system\CodeIgniter.php(326): CodeIgniter\CodeIgniter->handleRequest(NULL, Object(Config\Cache), false)
#3 C:\xampp8\htdocs\hiddengem\public\index.php(37): CodeIgniter\CodeIgniter->run()
#4 {main}
CRITICAL - 2022-03-27 07:17:22 --> Call to a member function move() on null
#0 C:\xampp8\htdocs\hiddengem\system\CodeIgniter.php(832): App\Controllers\Profile->tambah_post()
#1 C:\xampp8\htdocs\hiddengem\system\CodeIgniter.php(419): CodeIgniter\CodeIgniter->runController(Object(App\Controllers\Profile))
#2 C:\xampp8\htdocs\hiddengem\system\CodeIgniter.php(326): CodeIgniter\CodeIgniter->handleRequest(NULL, Object(Config\Cache), false)
#3 C:\xampp8\htdocs\hiddengem\public\index.php(37): CodeIgniter\CodeIgniter->run()
#4 {main}
ERROR - 2022-03-27 07:17:37 --> Column 'foto_post' cannot be null
CRITICAL - 2022-03-27 07:17:37 --> Column 'foto_post' cannot be null
#0 C:\xampp8\htdocs\hiddengem\system\Database\MySQLi\Connection.php(292): mysqli->query('INSERT INTO `po...', 0)
#1 C:\xampp8\htdocs\hiddengem\system\Database\BaseConnection.php(670): CodeIgniter\Database\MySQLi\Connection->execute('INSERT INTO `po...')
#2 C:\xampp8\htdocs\hiddengem\system\Database\BaseConnection.php(598): CodeIgniter\Database\BaseConnection->simpleQuery('INSERT INTO `po...')
#3 C:\xampp8\htdocs\hiddengem\system\Database\BaseBuilder.php(1771): CodeIgniter\Database\BaseConnection->query('INSERT INTO `po...', Array, false)
#4 C:\xampp8\htdocs\hiddengem\app\Models\ProfileModel.php(11): CodeIgniter\Database\BaseBuilder->insert(Array)
#5 C:\xampp8\htdocs\hiddengem\app\Controllers\Profile.php(34): App\Models\ProfileModel->tambah_post(Array)
#6 C:\xampp8\htdocs\hiddengem\system\CodeIgniter.php(832): App\Controllers\Profile->tambah_post()
#7 C:\xampp8\htdocs\hiddengem\system\CodeIgniter.php(419): CodeIgniter\CodeIgniter->runController(Object(App\Controllers\Profile))
#8 C:\xampp8\htdocs\hiddengem\system\CodeIgniter.php(326): CodeIgniter\CodeIgniter->handleRequest(NULL, Object(Config\Cache), false)
#9 C:\xampp8\htdocs\hiddengem\public\index.php(37): CodeIgniter\CodeIgniter->run()
#10 {main}
ERROR - 2022-03-27 07:18:03 --> Column 'foto_post' cannot be null
CRITICAL - 2022-03-27 07:18:03 --> Column 'foto_post' cannot be null
#0 C:\xampp8\htdocs\hiddengem\system\Database\MySQLi\Connection.php(292): mysqli->query('INSERT INTO `po...', 0)
#1 C:\xampp8\htdocs\hiddengem\system\Database\BaseConnection.php(670): CodeIgniter\Database\MySQLi\Connection->execute('INSERT INTO `po...')
#2 C:\xampp8\htdocs\hiddengem\system\Database\BaseConnection.php(598): CodeIgniter\Database\BaseConnection->simpleQuery('INSERT INTO `po...')
#3 C:\xampp8\htdocs\hiddengem\system\Database\BaseBuilder.php(1771): CodeIgniter\Database\BaseConnection->query('INSERT INTO `po...', Array, false)
#4 C:\xampp8\htdocs\hiddengem\app\Models\ProfileModel.php(11): CodeIgniter\Database\BaseBuilder->insert(Array)
#5 C:\xampp8\htdocs\hiddengem\app\Controllers\Profile.php(34): App\Models\ProfileModel->tambah_post(Array)
#6 C:\xampp8\htdocs\hiddengem\system\CodeIgniter.php(832): App\Controllers\Profile->tambah_post()
#7 C:\xampp8\htdocs\hiddengem\system\CodeIgniter.php(419): CodeIgniter\CodeIgniter->runController(Object(App\Controllers\Profile))
#8 C:\xampp8\htdocs\hiddengem\system\CodeIgniter.php(326): CodeIgniter\CodeIgniter->handleRequest(NULL, Object(Config\Cache), false)
#9 C:\xampp8\htdocs\hiddengem\public\index.php(37): CodeIgniter\CodeIgniter->run()
#10 {main}
CRITICAL - 2022-03-27 07:20:24 --> Call to a member function getRandomName() on null
#0 C:\xampp8\htdocs\hiddengem\system\CodeIgniter.php(832): App\Controllers\Profile->tambah_post()
#1 C:\xampp8\htdocs\hiddengem\system\CodeIgniter.php(419): CodeIgniter\CodeIgniter->runController(Object(App\Controllers\Profile))
#2 C:\xampp8\htdocs\hiddengem\system\CodeIgniter.php(326): CodeIgniter\CodeIgniter->handleRequest(NULL, Object(Config\Cache), false)
#3 C:\xampp8\htdocs\hiddengem\public\index.php(37): CodeIgniter\CodeIgniter->run()
#4 {main}
CRITICAL - 2022-03-27 07:28:05 --> Undefined array key "id_usser"
#0 C:\xampp8\htdocs\hiddengem\app\Views\v_explore.php(6): CodeIgniter\Debug\Exceptions->errorHandler(2, 'Undefined array...', 'C:\\xampp8\\htdoc...', 6)
#1 C:\xampp8\htdocs\hiddengem\system\View\View.php(210): include('C:\\xampp8\\htdoc...')
#2 C:\xampp8\htdocs\hiddengem\system\View\View.php(213): CodeIgniter\View\View->CodeIgniter\View\{closure}()
#3 C:\xampp8\htdocs\hiddengem\system\Common.php(1089): CodeIgniter\View\View->render('v_explore', Array, true)
#4 C:\xampp8\htdocs\hiddengem\app\Views\layout\v_content.php(4): view('v_explore')
#5 C:\xampp8\htdocs\hiddengem\system\View\View.php(210): include('C:\\xampp8\\htdoc...')
#6 C:\xampp8\htdocs\hiddengem\system\View\View.php(213): CodeIgniter\View\View->CodeIgniter\View\{closure}()
#7 C:\xampp8\htdocs\hiddengem\system\Common.php(1089): CodeIgniter\View\View->render('layout/v_conten...', Array, true)
#8 C:\xampp8\htdocs\hiddengem\app\Views\layout\v_wrapper.php(5): view('layout/v_conten...')
#9 C:\xampp8\htdocs\hiddengem\system\View\View.php(210): include('C:\\xampp8\\htdoc...')
#10 C:\xampp8\htdocs\hiddengem\system\View\View.php(213): CodeIgniter\View\View->CodeIgniter\View\{closure}()
#11 C:\xampp8\htdocs\hiddengem\system\Common.php(1089): CodeIgniter\View\View->render('layout/v_wrappe...', Array, true)
#12 C:\xampp8\htdocs\hiddengem\app\Controllers\Explore.php(21): view('layout/v_wrappe...', Array)
#13 C:\xampp8\htdocs\hiddengem\system\CodeIgniter.php(832): App\Controllers\Explore->index()
#14 C:\xampp8\htdocs\hiddengem\system\CodeIgniter.php(419): CodeIgniter\CodeIgniter->runController(Object(App\Controllers\Explore))
#15 C:\xampp8\htdocs\hiddengem\system\CodeIgniter.php(326): CodeIgniter\CodeIgniter->handleRequest(NULL, Object(Config\Cache), false)
#16 C:\xampp8\htdocs\hiddengem\public\index.php(37): CodeIgniter\CodeIgniter->run()
#17 {main}
CRITICAL - 2022-03-27 07:29:12 --> Undefined array key "nama_users"
#0 C:\xampp8\htdocs\hiddengem\app\Views\v_explore.php(7): CodeIgniter\Debug\Exceptions->errorHandler(2, 'Undefined array...', 'C:\\xampp8\\htdoc...', 7)
#1 C:\xampp8\htdocs\hiddengem\system\View\View.php(210): include('C:\\xampp8\\htdoc...')
#2 C:\xampp8\htdocs\hiddengem\system\View\View.php(213): CodeIgniter\View\View->CodeIgniter\View\{closure}()
#3 C:\xampp8\htdocs\hiddengem\system\Common.php(1089): CodeIgniter\View\View->render('v_explore', Array, true)
#4 C:\xampp8\htdocs\hiddengem\app\Views\layout\v_content.php(4): view('v_explore')
#5 C:\xampp8\htdocs\hiddengem\system\View\View.php(210): include('C:\\xampp8\\htdoc...')
#6 C:\xampp8\htdocs\hiddengem\system\View\View.php(213): CodeIgniter\View\View->CodeIgniter\View\{closure}()
#7 C:\xampp8\htdocs\hiddengem\system\Common.php(1089): CodeIgniter\View\View->render('layout/v_conten...', Array, true)
#8 C:\xampp8\htdocs\hiddengem\app\Views\layout\v_wrapper.php(5): view('layout/v_conten...')
#9 C:\xampp8\htdocs\hiddengem\system\View\View.php(210): include('C:\\xampp8\\htdoc...')
#10 C:\xampp8\htdocs\hiddengem\system\View\View.php(213): CodeIgniter\View\View->CodeIgniter\View\{closure}()
#11 C:\xampp8\htdocs\hiddengem\system\Common.php(1089): CodeIgniter\View\View->render('layout/v_wrappe...', Array, true)
#12 C:\xampp8\htdocs\hiddengem\app\Controllers\Explore.php(21): view('layout/v_wrappe...', Array)
#13 C:\xampp8\htdocs\hiddengem\system\CodeIgniter.php(832): App\Controllers\Explore->index()
#14 C:\xampp8\htdocs\hiddengem\system\CodeIgniter.php(419): CodeIgniter\CodeIgniter->runController(Object(App\Controllers\Explore))
#15 C:\xampp8\htdocs\hiddengem\system\CodeIgniter.php(326): CodeIgniter\CodeIgniter->handleRequest(NULL, Object(Config\Cache), false)
#16 C:\xampp8\htdocs\hiddengem\public\index.php(37): CodeIgniter\CodeIgniter->run()
#17 {main}
ERROR - 2022-03-27 07:30:04 --> Unknown column 'id_post' in 'order clause'
CRITICAL - 2022-03-27 07:30:04 --> Unknown column 'id_post' in 'order clause'
#0 C:\xampp8\htdocs\hiddengem\system\Database\MySQLi\Connection.php(292): mysqli->query('SELECT *\nFROM `...', 0)
#1 C:\xampp8\htdocs\hiddengem\system\Database\BaseConnection.php(670): CodeIgniter\Database\MySQLi\Connection->execute('SELECT *\nFROM `...')
#2 C:\xampp8\htdocs\hiddengem\system\Database\BaseConnection.php(598): CodeIgniter\Database\BaseConnection->simpleQuery('SELECT *\nFROM `...')
#3 C:\xampp8\htdocs\hiddengem\system\Database\BaseBuilder.php(1455): CodeIgniter\Database\BaseConnection->query('SELECT *\nFROM `...', Array, false)
#4 C:\xampp8\htdocs\hiddengem\app\Models\ExploreModel.php(14): CodeIgniter\Database\BaseBuilder->get()
#5 C:\xampp8\htdocs\hiddengem\app\Controllers\Explore.php(19): App\Models\ExploreModel->tampil_post()
#6 C:\xampp8\htdocs\hiddengem\system\CodeIgniter.php(832): App\Controllers\Explore->index()
#7 C:\xampp8\htdocs\hiddengem\system\CodeIgniter.php(419): CodeIgniter\CodeIgniter->runController(Object(App\Controllers\Explore))
#8 C:\xampp8\htdocs\hiddengem\system\CodeIgniter.php(326): CodeIgniter\CodeIgniter->handleRequest(NULL, Object(Config\Cache), false)
#9 C:\xampp8\htdocs\hiddengem\public\index.php(37): CodeIgniter\CodeIgniter->run()
#10 {main}
CRITICAL - 2022-03-27 22:58:48 --> Undefined property: App\Controllers\Home::$load
#0 C:\xampp8\htdocs\hiddengem\app\Controllers\Home.php(9): CodeIgniter\Debug\Exceptions->errorHandler(2, 'Undefined prope...', 'C:\\xampp8\\htdoc...', 9)
#1 C:\xampp8\htdocs\hiddengem\system\CodeIgniter.php(832): App\Controllers\Home->index()
#2 C:\xampp8\htdocs\hiddengem\system\CodeIgniter.php(419): CodeIgniter\CodeIgniter->runController(Object(App\Controllers\Home))
#3 C:\xampp8\htdocs\hiddengem\system\CodeIgniter.php(326): CodeIgniter\CodeIgniter->handleRequest(NULL, Object(Config\Cache), false)
#4 C:\xampp8\htdocs\hiddengem\public\index.php(37): CodeIgniter\CodeIgniter->run()
#5 {main}
CRITICAL - 2022-03-27 23:07:46 --> Undefined array key "idpostingan"
#0 C:\xampp8\htdocs\hiddengem\app\Views\v_explore.php(24): CodeIgniter\Debug\Exceptions->errorHandler(2, 'Undefined array...', 'C:\\xampp8\\htdoc...', 24)
#1 C:\xampp8\htdocs\hiddengem\system\View\View.php(210): include('C:\\xampp8\\htdoc...')
#2 C:\xampp8\htdocs\hiddengem\system\View\View.php(213): CodeIgniter\View\View->CodeIgniter\View\{closure}()
#3 C:\xampp8\htdocs\hiddengem\system\Common.php(1089): CodeIgniter\View\View->render('v_explore', Array, true)
#4 C:\xampp8\htdocs\hiddengem\app\Views\layout\v_content.php(4): view('v_explore')
#5 C:\xampp8\htdocs\hiddengem\system\View\View.php(210): include('C:\\xampp8\\htdoc...')
#6 C:\xampp8\htdocs\hiddengem\system\View\View.php(213): CodeIgniter\View\View->CodeIgniter\View\{closure}()
#7 C:\xampp8\htdocs\hiddengem\system\Common.php(1089): CodeIgniter\View\View->render('layout/v_conten...', Array, true)
#8 C:\xampp8\htdocs\hiddengem\app\Views\layout\v_wrapper.php(5): view('layout/v_conten...')
#9 C:\xampp8\htdocs\hiddengem\system\View\View.php(210): include('C:\\xampp8\\htdoc...')
#10 C:\xampp8\htdocs\hiddengem\system\View\View.php(213): CodeIgniter\View\View->CodeIgniter\View\{closure}()
#11 C:\xampp8\htdocs\hiddengem\system\Common.php(1089): CodeIgniter\View\View->render('layout/v_wrappe...', Array, true)
#12 C:\xampp8\htdocs\hiddengem\app\Controllers\Explore.php(21): view('layout/v_wrappe...', Array)
#13 C:\xampp8\htdocs\hiddengem\system\CodeIgniter.php(832): App\Controllers\Explore->index()
#14 C:\xampp8\htdocs\hiddengem\system\CodeIgniter.php(419): CodeIgniter\CodeIgniter->runController(Object(App\Controllers\Explore))
#15 C:\xampp8\htdocs\hiddengem\system\CodeIgniter.php(326): CodeIgniter\CodeIgniter->handleRequest(NULL, Object(Config\Cache), false)
#16 C:\xampp8\htdocs\hiddengem\public\index.php(37): CodeIgniter\CodeIgniter->run()
#17 {main}
