CRITICAL - 2022-05-13 01:50:56 --> Undefined array key "id_post"
#0 C:\xampp8\htdocs\hiddengem\app\Views\v_profile.php(79): CodeIgniter\Debug\Exceptions->errorHandler(2, 'Undefined array...', 'C:\\xampp8\\htdoc...', 79)
#1 C:\xampp8\htdocs\hiddengem\system\View\View.php(210): include('C:\\xampp8\\htdoc...')
#2 C:\xampp8\htdocs\hiddengem\system\View\View.php(213): CodeIgniter\View\View->CodeIgniter\View\{closure}()
#3 C:\xampp8\htdocs\hiddengem\system\Common.php(1089): CodeIgniter\View\View->render('v_profile', Array, true)
#4 C:\xampp8\htdocs\hiddengem\app\Views\layout\v_content.php(4): view('v_profile')
#5 C:\xampp8\htdocs\hiddengem\system\View\View.php(210): include('C:\\xampp8\\htdoc...')
#6 C:\xampp8\htdocs\hiddengem\system\View\View.php(213): CodeIgniter\View\View->CodeIgniter\View\{closure}()
#7 C:\xampp8\htdocs\hiddengem\system\Common.php(1089): CodeIgniter\View\View->render('layout/v_conten...', Array, true)
#8 C:\xampp8\htdocs\hiddengem\app\Views\layout\v_wrapper.php(5): view('layout/v_conten...')
#9 C:\xampp8\htdocs\hiddengem\system\View\View.php(210): include('C:\\xampp8\\htdoc...')
#10 C:\xampp8\htdocs\hiddengem\system\View\View.php(213): CodeIgniter\View\View->CodeIgniter\View\{closure}()
#11 C:\xampp8\htdocs\hiddengem\system\Common.php(1089): CodeIgniter\View\View->render('layout/v_wrappe...', Array, true)
#12 C:\xampp8\htdocs\hiddengem\app\Controllers\Profile.php(26): view('layout/v_wrappe...', Array)
#13 C:\xampp8\htdocs\hiddengem\system\CodeIgniter.php(832): App\Controllers\Profile->index()
#14 C:\xampp8\htdocs\hiddengem\system\CodeIgniter.php(419): CodeIgniter\CodeIgniter->runController(Object(App\Controllers\Profile))
#15 C:\xampp8\htdocs\hiddengem\system\CodeIgniter.php(326): CodeIgniter\CodeIgniter->handleRequest(NULL, Object(Config\Cache), false)
#16 C:\xampp8\htdocs\hiddengem\public\index.php(37): CodeIgniter\CodeIgniter->run()
#17 {main}
CRITICAL - 2022-05-13 01:59:05 --> Too few arguments to function App\Controllers\Profile::delete_post(), 0 passed in C:\xampp8\htdocs\hiddengem\system\CodeIgniter.php on line 832 and exactly 1 expected
#0 C:\xampp8\htdocs\hiddengem\system\CodeIgniter.php(832): App\Controllers\Profile->delete_post()
#1 C:\xampp8\htdocs\hiddengem\system\CodeIgniter.php(419): CodeIgniter\CodeIgniter->runController(Object(App\Controllers\Profile))
#2 C:\xampp8\htdocs\hiddengem\system\CodeIgniter.php(326): CodeIgniter\CodeIgniter->handleRequest(NULL, Object(Config\Cache), false)
#3 C:\xampp8\htdocs\hiddengem\public\index.php(37): CodeIgniter\CodeIgniter->run()
#4 {main}
CRITICAL - 2022-05-13 02:02:22 --> Too few arguments to function App\Controllers\Profile::delete_post(), 0 passed in C:\xampp8\htdocs\hiddengem\system\CodeIgniter.php on line 832 and exactly 1 expected
#0 C:\xampp8\htdocs\hiddengem\system\CodeIgniter.php(832): App\Controllers\Profile->delete_post()
#1 C:\xampp8\htdocs\hiddengem\system\CodeIgniter.php(419): CodeIgniter\CodeIgniter->runController(Object(App\Controllers\Profile))
#2 C:\xampp8\htdocs\hiddengem\system\CodeIgniter.php(326): CodeIgniter\CodeIgniter->handleRequest(NULL, Object(Config\Cache), false)
#3 C:\xampp8\htdocs\hiddengem\public\index.php(37): CodeIgniter\CodeIgniter->run()
#4 {main}
CRITICAL - 2022-05-13 02:03:05 --> Undefined variable $judul_post
#0 C:\xampp8\htdocs\hiddengem\app\Views\v_profile.php(114): CodeIgniter\Debug\Exceptions->errorHandler(2, 'Undefined varia...', 'C:\\xampp8\\htdoc...', 114)
#1 C:\xampp8\htdocs\hiddengem\system\View\View.php(210): include('C:\\xampp8\\htdoc...')
#2 C:\xampp8\htdocs\hiddengem\system\View\View.php(213): CodeIgniter\View\View->CodeIgniter\View\{closure}()
#3 C:\xampp8\htdocs\hiddengem\system\Common.php(1089): CodeIgniter\View\View->render('v_profile', Array, true)
#4 C:\xampp8\htdocs\hiddengem\app\Views\layout\v_content.php(4): view('v_profile')
#5 C:\xampp8\htdocs\hiddengem\system\View\View.php(210): include('C:\\xampp8\\htdoc...')
#6 C:\xampp8\htdocs\hiddengem\system\View\View.php(213): CodeIgniter\View\View->CodeIgniter\View\{closure}()
#7 C:\xampp8\htdocs\hiddengem\system\Common.php(1089): CodeIgniter\View\View->render('layout/v_conten...', Array, true)
#8 C:\xampp8\htdocs\hiddengem\app\Views\layout\v_wrapper.php(5): view('layout/v_conten...')
#9 C:\xampp8\htdocs\hiddengem\system\View\View.php(210): include('C:\\xampp8\\htdoc...')
#10 C:\xampp8\htdocs\hiddengem\system\View\View.php(213): CodeIgniter\View\View->CodeIgniter\View\{closure}()
#11 C:\xampp8\htdocs\hiddengem\system\Common.php(1089): CodeIgniter\View\View->render('layout/v_wrappe...', Array, true)
#12 C:\xampp8\htdocs\hiddengem\app\Controllers\Profile.php(26): view('layout/v_wrappe...', Array)
#13 C:\xampp8\htdocs\hiddengem\system\CodeIgniter.php(832): App\Controllers\Profile->index()
#14 C:\xampp8\htdocs\hiddengem\system\CodeIgniter.php(419): CodeIgniter\CodeIgniter->runController(Object(App\Controllers\Profile))
#15 C:\xampp8\htdocs\hiddengem\system\CodeIgniter.php(326): CodeIgniter\CodeIgniter->handleRequest(NULL, Object(Config\Cache), false)
#16 C:\xampp8\htdocs\hiddengem\public\index.php(37): CodeIgniter\CodeIgniter->run()
#17 {main}
CRITICAL - 2022-05-13 02:03:11 --> Undefined variable $judul_postingan
#0 C:\xampp8\htdocs\hiddengem\app\Views\v_profile.php(114): CodeIgniter\Debug\Exceptions->errorHandler(2, 'Undefined varia...', 'C:\\xampp8\\htdoc...', 114)
#1 C:\xampp8\htdocs\hiddengem\system\View\View.php(210): include('C:\\xampp8\\htdoc...')
#2 C:\xampp8\htdocs\hiddengem\system\View\View.php(213): CodeIgniter\View\View->CodeIgniter\View\{closure}()
#3 C:\xampp8\htdocs\hiddengem\system\Common.php(1089): CodeIgniter\View\View->render('v_profile', Array, true)
#4 C:\xampp8\htdocs\hiddengem\app\Views\layout\v_content.php(4): view('v_profile')
#5 C:\xampp8\htdocs\hiddengem\system\View\View.php(210): include('C:\\xampp8\\htdoc...')
#6 C:\xampp8\htdocs\hiddengem\system\View\View.php(213): CodeIgniter\View\View->CodeIgniter\View\{closure}()
#7 C:\xampp8\htdocs\hiddengem\system\Common.php(1089): CodeIgniter\View\View->render('layout/v_conten...', Array, true)
#8 C:\xampp8\htdocs\hiddengem\app\Views\layout\v_wrapper.php(5): view('layout/v_conten...')
#9 C:\xampp8\htdocs\hiddengem\system\View\View.php(210): include('C:\\xampp8\\htdoc...')
#10 C:\xampp8\htdocs\hiddengem\system\View\View.php(213): CodeIgniter\View\View->CodeIgniter\View\{closure}()
#11 C:\xampp8\htdocs\hiddengem\system\Common.php(1089): CodeIgniter\View\View->render('layout/v_wrappe...', Array, true)
#12 C:\xampp8\htdocs\hiddengem\app\Controllers\Profile.php(26): view('layout/v_wrappe...', Array)
#13 C:\xampp8\htdocs\hiddengem\system\CodeIgniter.php(832): App\Controllers\Profile->index()
#14 C:\xampp8\htdocs\hiddengem\system\CodeIgniter.php(419): CodeIgniter\CodeIgniter->runController(Object(App\Controllers\Profile))
#15 C:\xampp8\htdocs\hiddengem\system\CodeIgniter.php(326): CodeIgniter\CodeIgniter->handleRequest(NULL, Object(Config\Cache), false)
#16 C:\xampp8\htdocs\hiddengem\public\index.php(37): CodeIgniter\CodeIgniter->run()
#17 {main}
CRITICAL - 2022-05-13 02:03:27 --> Undefined array key "judul_postingan"
#0 C:\xampp8\htdocs\hiddengem\app\Views\v_profile.php(114): CodeIgniter\Debug\Exceptions->errorHandler(2, 'Undefined array...', 'C:\\xampp8\\htdoc...', 114)
#1 C:\xampp8\htdocs\hiddengem\system\View\View.php(210): include('C:\\xampp8\\htdoc...')
#2 C:\xampp8\htdocs\hiddengem\system\View\View.php(213): CodeIgniter\View\View->CodeIgniter\View\{closure}()
#3 C:\xampp8\htdocs\hiddengem\system\Common.php(1089): CodeIgniter\View\View->render('v_profile', Array, true)
#4 C:\xampp8\htdocs\hiddengem\app\Views\layout\v_content.php(4): view('v_profile')
#5 C:\xampp8\htdocs\hiddengem\system\View\View.php(210): include('C:\\xampp8\\htdoc...')
#6 C:\xampp8\htdocs\hiddengem\system\View\View.php(213): CodeIgniter\View\View->CodeIgniter\View\{closure}()
#7 C:\xampp8\htdocs\hiddengem\system\Common.php(1089): CodeIgniter\View\View->render('layout/v_conten...', Array, true)
#8 C:\xampp8\htdocs\hiddengem\app\Views\layout\v_wrapper.php(5): view('layout/v_conten...')
#9 C:\xampp8\htdocs\hiddengem\system\View\View.php(210): include('C:\\xampp8\\htdoc...')
#10 C:\xampp8\htdocs\hiddengem\system\View\View.php(213): CodeIgniter\View\View->CodeIgniter\View\{closure}()
#11 C:\xampp8\htdocs\hiddengem\system\Common.php(1089): CodeIgniter\View\View->render('layout/v_wrappe...', Array, true)
#12 C:\xampp8\htdocs\hiddengem\app\Controllers\Profile.php(26): view('layout/v_wrappe...', Array)
#13 C:\xampp8\htdocs\hiddengem\system\CodeIgniter.php(832): App\Controllers\Profile->index()
#14 C:\xampp8\htdocs\hiddengem\system\CodeIgniter.php(419): CodeIgniter\CodeIgniter->runController(Object(App\Controllers\Profile))
#15 C:\xampp8\htdocs\hiddengem\system\CodeIgniter.php(326): CodeIgniter\CodeIgniter->handleRequest(NULL, Object(Config\Cache), false)
#16 C:\xampp8\htdocs\hiddengem\public\index.php(37): CodeIgniter\CodeIgniter->run()
#17 {main}
CRITICAL - 2022-05-13 02:53:22 --> Call to a member function getError() on null
#0 C:\xampp8\htdocs\hiddengem\system\CodeIgniter.php(832): App\Controllers\Profile->edit_post('12')
#1 C:\xampp8\htdocs\hiddengem\system\CodeIgniter.php(419): CodeIgniter\CodeIgniter->runController(Object(App\Controllers\Profile))
#2 C:\xampp8\htdocs\hiddengem\system\CodeIgniter.php(326): CodeIgniter\CodeIgniter->handleRequest(NULL, Object(Config\Cache), false)
#3 C:\xampp8\htdocs\hiddengem\public\index.php(37): CodeIgniter\CodeIgniter->run()
#4 {main}
CRITICAL - 2022-05-13 02:55:38 --> Call to a member function getError() on null
#0 C:\xampp8\htdocs\hiddengem\system\CodeIgniter.php(832): App\Controllers\Profile->edit_post('12')
#1 C:\xampp8\htdocs\hiddengem\system\CodeIgniter.php(419): CodeIgniter\CodeIgniter->runController(Object(App\Controllers\Profile))
#2 C:\xampp8\htdocs\hiddengem\system\CodeIgniter.php(326): CodeIgniter\CodeIgniter->handleRequest(NULL, Object(Config\Cache), false)
#3 C:\xampp8\htdocs\hiddengem\public\index.php(37): CodeIgniter\CodeIgniter->run()
#4 {main}
CRITICAL - 2022-05-13 02:55:52 --> Call to a member function getError() on null
#0 C:\xampp8\htdocs\hiddengem\system\CodeIgniter.php(832): App\Controllers\Profile->edit_post('12')
#1 C:\xampp8\htdocs\hiddengem\system\CodeIgniter.php(419): CodeIgniter\CodeIgniter->runController(Object(App\Controllers\Profile))
#2 C:\xampp8\htdocs\hiddengem\system\CodeIgniter.php(326): CodeIgniter\CodeIgniter->handleRequest(NULL, Object(Config\Cache), false)
#3 C:\xampp8\htdocs\hiddengem\public\index.php(37): CodeIgniter\CodeIgniter->run()
#4 {main}
CRITICAL - 2022-05-13 03:17:13 --> Undefined array key "foto_post"
#0 C:\xampp8\htdocs\hiddengem\app\Controllers\Profile.php(68): CodeIgniter\Debug\Exceptions->errorHandler(2, 'Undefined array...', 'C:\\xampp8\\htdoc...', 68)
#1 C:\xampp8\htdocs\hiddengem\system\CodeIgniter.php(832): App\Controllers\Profile->edit_post('12')
#2 C:\xampp8\htdocs\hiddengem\system\CodeIgniter.php(419): CodeIgniter\CodeIgniter->runController(Object(App\Controllers\Profile))
#3 C:\xampp8\htdocs\hiddengem\system\CodeIgniter.php(326): CodeIgniter\CodeIgniter->handleRequest(NULL, Object(Config\Cache), false)
#4 C:\xampp8\htdocs\hiddengem\public\index.php(37): CodeIgniter\CodeIgniter->run()
#5 {main}
CRITICAL - 2022-05-13 03:21:46 --> Undefined array key "foto_post"
#0 C:\xampp8\htdocs\hiddengem\app\Controllers\Profile.php(68): CodeIgniter\Debug\Exceptions->errorHandler(2, 'Undefined array...', 'C:\\xampp8\\htdoc...', 68)
#1 C:\xampp8\htdocs\hiddengem\system\CodeIgniter.php(832): App\Controllers\Profile->edit_post('12')
#2 C:\xampp8\htdocs\hiddengem\system\CodeIgniter.php(419): CodeIgniter\CodeIgniter->runController(Object(App\Controllers\Profile))
#3 C:\xampp8\htdocs\hiddengem\system\CodeIgniter.php(326): CodeIgniter\CodeIgniter->handleRequest(NULL, Object(Config\Cache), false)
#4 C:\xampp8\htdocs\hiddengem\public\index.php(37): CodeIgniter\CodeIgniter->run()
#5 {main}
