CRITICAL - 2022-03-13 22:28:11 --> Trying to access array offset on value of type null
#0 C:\xampp8\htdocs\hiddengem\app\Controllers\Login.php(28): CodeIgniter\Debug\Exceptions->errorHandler(2, 'Trying to acces...', 'C:\\xampp8\\htdoc...', 28)
#1 C:\xampp8\htdocs\hiddengem\system\CodeIgniter.php(832): App\Controllers\Login->cek_login()
#2 C:\xampp8\htdocs\hiddengem\system\CodeIgniter.php(419): CodeIgniter\CodeIgniter->runController(Object(App\Controllers\Login))
#3 C:\xampp8\htdocs\hiddengem\system\CodeIgniter.php(326): CodeIgniter\CodeIgniter->handleRequest(NULL, Object(Config\Cache), false)
#4 C:\xampp8\htdocs\hiddengem\public\index.php(37): CodeIgniter\CodeIgniter->run()
#5 {main}
CRITICAL - 2022-03-13 22:28:37 --> Trying to access array offset on value of type null
#0 C:\xampp8\htdocs\hiddengem\app\Controllers\Login.php(28): CodeIgniter\Debug\Exceptions->errorHandler(2, 'Trying to acces...', 'C:\\xampp8\\htdoc...', 28)
#1 C:\xampp8\htdocs\hiddengem\system\CodeIgniter.php(832): App\Controllers\Login->cek_login()
#2 C:\xampp8\htdocs\hiddengem\system\CodeIgniter.php(419): CodeIgniter\CodeIgniter->runController(Object(App\Controllers\Login))
#3 C:\xampp8\htdocs\hiddengem\system\CodeIgniter.php(326): CodeIgniter\CodeIgniter->handleRequest(NULL, Object(Config\Cache), false)
#4 C:\xampp8\htdocs\hiddengem\public\index.php(37): CodeIgniter\CodeIgniter->run()
#5 {main}
CRITICAL - 2022-03-13 22:30:43 --> Trying to access array offset on value of type null
#0 C:\xampp8\htdocs\hiddengem\app\Controllers\Login.php(28): CodeIgniter\Debug\Exceptions->errorHandler(2, 'Trying to acces...', 'C:\\xampp8\\htdoc...', 28)
#1 C:\xampp8\htdocs\hiddengem\system\CodeIgniter.php(832): App\Controllers\Login->cek_login()
#2 C:\xampp8\htdocs\hiddengem\system\CodeIgniter.php(419): CodeIgniter\CodeIgniter->runController(Object(App\Controllers\Login))
#3 C:\xampp8\htdocs\hiddengem\system\CodeIgniter.php(326): CodeIgniter\CodeIgniter->handleRequest(NULL, Object(Config\Cache), false)
#4 C:\xampp8\htdocs\hiddengem\public\index.php(37): CodeIgniter\CodeIgniter->run()
#5 {main}
CRITICAL - 2022-03-13 22:31:10 --> Trying to access array offset on value of type null
#0 C:\xampp8\htdocs\hiddengem\app\Controllers\Login.php(28): CodeIgniter\Debug\Exceptions->errorHandler(2, 'Trying to acces...', 'C:\\xampp8\\htdoc...', 28)
#1 C:\xampp8\htdocs\hiddengem\system\CodeIgniter.php(832): App\Controllers\Login->cek_login()
#2 C:\xampp8\htdocs\hiddengem\system\CodeIgniter.php(419): CodeIgniter\CodeIgniter->runController(Object(App\Controllers\Login))
#3 C:\xampp8\htdocs\hiddengem\system\CodeIgniter.php(326): CodeIgniter\CodeIgniter->handleRequest(NULL, Object(Config\Cache), false)
#4 C:\xampp8\htdocs\hiddengem\public\index.php(37): CodeIgniter\CodeIgniter->run()
#5 {main}
CRITICAL - 2022-03-13 22:40:29 --> Undefined variable $title
#0 C:\xampp8\htdocs\hiddengem\app\Views\v_login.php(7): CodeIgniter\Debug\Exceptions->errorHandler(2, 'Undefined varia...', 'C:\\xampp8\\htdoc...', 7)
#1 C:\xampp8\htdocs\hiddengem\system\View\View.php(210): include('C:\\xampp8\\htdoc...')
#2 C:\xampp8\htdocs\hiddengem\system\View\View.php(213): CodeIgniter\View\View->CodeIgniter\View\{closure}()
#3 C:\xampp8\htdocs\hiddengem\system\Common.php(1089): CodeIgniter\View\View->render('v_login', Array, true)
#4 C:\xampp8\htdocs\hiddengem\app\Controllers\Login.php(18): view('v_login')
#5 C:\xampp8\htdocs\hiddengem\system\CodeIgniter.php(832): App\Controllers\Login->index()
#6 C:\xampp8\htdocs\hiddengem\system\CodeIgniter.php(419): CodeIgniter\CodeIgniter->runController(Object(App\Controllers\Login))
#7 C:\xampp8\htdocs\hiddengem\system\CodeIgniter.php(326): CodeIgniter\CodeIgniter->handleRequest(NULL, Object(Config\Cache), false)
#8 C:\xampp8\htdocs\hiddengem\public\index.php(37): CodeIgniter\CodeIgniter->run()
#9 {main}
