CRITICAL - 2022-03-31 02:17:25 --> include_once(simple_html_dom.php): Failed to open stream: No such file or directory
#0 C:\xampp8\htdocs\hiddengem\app\Views\v_blog.php(7): CodeIgniter\Debug\Exceptions->errorHandler(2, 'include_once(si...', 'C:\\xampp8\\htdoc...', 7)
#1 C:\xampp8\htdocs\hiddengem\app\Views\v_blog.php(7): include_once()
#2 C:\xampp8\htdocs\hiddengem\system\View\View.php(210): include('C:\\xampp8\\htdoc...')
#3 C:\xampp8\htdocs\hiddengem\system\View\View.php(213): CodeIgniter\View\View->CodeIgniter\View\{closure}()
#4 C:\xampp8\htdocs\hiddengem\system\Common.php(1089): CodeIgniter\View\View->render('v_blog', Array, true)
#5 C:\xampp8\htdocs\hiddengem\app\Views\layout\v_content.php(4): view('v_blog')
#6 C:\xampp8\htdocs\hiddengem\system\View\View.php(210): include('C:\\xampp8\\htdoc...')
#7 C:\xampp8\htdocs\hiddengem\system\View\View.php(213): CodeIgniter\View\View->CodeIgniter\View\{closure}()
#8 C:\xampp8\htdocs\hiddengem\system\Common.php(1089): CodeIgniter\View\View->render('layout/v_conten...', Array, true)
#9 C:\xampp8\htdocs\hiddengem\app\Views\layout\v_wrapper.php(5): view('layout/v_conten...')
#10 C:\xampp8\htdocs\hiddengem\system\View\View.php(210): include('C:\\xampp8\\htdoc...')
#11 C:\xampp8\htdocs\hiddengem\system\View\View.php(213): CodeIgniter\View\View->CodeIgniter\View\{closure}()
#12 C:\xampp8\htdocs\hiddengem\system\Common.php(1089): CodeIgniter\View\View->render('layout/v_wrappe...', Array, true)
#13 C:\xampp8\htdocs\hiddengem\app\Controllers\Blog.php(13): view('layout/v_wrappe...', Array)
#14 C:\xampp8\htdocs\hiddengem\system\CodeIgniter.php(832): App\Controllers\Blog->index()
#15 C:\xampp8\htdocs\hiddengem\system\CodeIgniter.php(419): CodeIgniter\CodeIgniter->runController(Object(App\Controllers\Blog))
#16 C:\xampp8\htdocs\hiddengem\system\CodeIgniter.php(326): CodeIgniter\CodeIgniter->handleRequest(NULL, Object(Config\Cache), false)
#17 C:\xampp8\htdocs\hiddengem\public\index.php(37): CodeIgniter\CodeIgniter->run()
#18 {main}
CRITICAL - 2022-03-31 02:18:08 --> include_once(): http:// wrapper is disabled in the server configuration by allow_url_include=0
#0 C:\xampp8\htdocs\hiddengem\app\Views\v_blog.php(7): CodeIgniter\Debug\Exceptions->errorHandler(2, 'include_once():...', 'C:\\xampp8\\htdoc...', 7)
#1 C:\xampp8\htdocs\hiddengem\app\Views\v_blog.php(7): include_once()
#2 C:\xampp8\htdocs\hiddengem\system\View\View.php(210): include('C:\\xampp8\\htdoc...')
#3 C:\xampp8\htdocs\hiddengem\system\View\View.php(213): CodeIgniter\View\View->CodeIgniter\View\{closure}()
#4 C:\xampp8\htdocs\hiddengem\system\Common.php(1089): CodeIgniter\View\View->render('v_blog', Array, true)
#5 C:\xampp8\htdocs\hiddengem\app\Views\layout\v_content.php(4): view('v_blog')
#6 C:\xampp8\htdocs\hiddengem\system\View\View.php(210): include('C:\\xampp8\\htdoc...')
#7 C:\xampp8\htdocs\hiddengem\system\View\View.php(213): CodeIgniter\View\View->CodeIgniter\View\{closure}()
#8 C:\xampp8\htdocs\hiddengem\system\Common.php(1089): CodeIgniter\View\View->render('layout/v_conten...', Array, true)
#9 C:\xampp8\htdocs\hiddengem\app\Views\layout\v_wrapper.php(5): view('layout/v_conten...')
#10 C:\xampp8\htdocs\hiddengem\system\View\View.php(210): include('C:\\xampp8\\htdoc...')
#11 C:\xampp8\htdocs\hiddengem\system\View\View.php(213): CodeIgniter\View\View->CodeIgniter\View\{closure}()
#12 C:\xampp8\htdocs\hiddengem\system\Common.php(1089): CodeIgniter\View\View->render('layout/v_wrappe...', Array, true)
#13 C:\xampp8\htdocs\hiddengem\app\Controllers\Blog.php(13): view('layout/v_wrappe...', Array)
#14 C:\xampp8\htdocs\hiddengem\system\CodeIgniter.php(832): App\Controllers\Blog->index()
#15 C:\xampp8\htdocs\hiddengem\system\CodeIgniter.php(419): CodeIgniter\CodeIgniter->runController(Object(App\Controllers\Blog))
#16 C:\xampp8\htdocs\hiddengem\system\CodeIgniter.php(326): CodeIgniter\CodeIgniter->handleRequest(NULL, Object(Config\Cache), false)
#17 C:\xampp8\htdocs\hiddengem\public\index.php(37): CodeIgniter\CodeIgniter->run()
#18 {main}
CRITICAL - 2022-03-31 02:18:09 --> include_once(): http:// wrapper is disabled in the server configuration by allow_url_include=0
#0 C:\xampp8\htdocs\hiddengem\app\Views\v_blog.php(7): CodeIgniter\Debug\Exceptions->errorHandler(2, 'include_once():...', 'C:\\xampp8\\htdoc...', 7)
#1 C:\xampp8\htdocs\hiddengem\app\Views\v_blog.php(7): include_once()
#2 C:\xampp8\htdocs\hiddengem\system\View\View.php(210): include('C:\\xampp8\\htdoc...')
#3 C:\xampp8\htdocs\hiddengem\system\View\View.php(213): CodeIgniter\View\View->CodeIgniter\View\{closure}()
#4 C:\xampp8\htdocs\hiddengem\system\Common.php(1089): CodeIgniter\View\View->render('v_blog', Array, true)
#5 C:\xampp8\htdocs\hiddengem\app\Views\layout\v_content.php(4): view('v_blog')
#6 C:\xampp8\htdocs\hiddengem\system\View\View.php(210): include('C:\\xampp8\\htdoc...')
#7 C:\xampp8\htdocs\hiddengem\system\View\View.php(213): CodeIgniter\View\View->CodeIgniter\View\{closure}()
#8 C:\xampp8\htdocs\hiddengem\system\Common.php(1089): CodeIgniter\View\View->render('layout/v_conten...', Array, true)
#9 C:\xampp8\htdocs\hiddengem\app\Views\layout\v_wrapper.php(5): view('layout/v_conten...')
#10 C:\xampp8\htdocs\hiddengem\system\View\View.php(210): include('C:\\xampp8\\htdoc...')
#11 C:\xampp8\htdocs\hiddengem\system\View\View.php(213): CodeIgniter\View\View->CodeIgniter\View\{closure}()
#12 C:\xampp8\htdocs\hiddengem\system\Common.php(1089): CodeIgniter\View\View->render('layout/v_wrappe...', Array, true)
#13 C:\xampp8\htdocs\hiddengem\app\Controllers\Blog.php(13): view('layout/v_wrappe...', Array)
#14 C:\xampp8\htdocs\hiddengem\system\CodeIgniter.php(832): App\Controllers\Blog->index()
#15 C:\xampp8\htdocs\hiddengem\system\CodeIgniter.php(419): CodeIgniter\CodeIgniter->runController(Object(App\Controllers\Blog))
#16 C:\xampp8\htdocs\hiddengem\system\CodeIgniter.php(326): CodeIgniter\CodeIgniter->handleRequest(NULL, Object(Config\Cache), false)
#17 C:\xampp8\htdocs\hiddengem\public\index.php(37): CodeIgniter\CodeIgniter->run()
#18 {main}
CRITICAL - 2022-03-31 02:18:57 --> require_once(): http:// wrapper is disabled in the server configuration by allow_url_include=0
#0 C:\xampp8\htdocs\hiddengem\app\Views\v_blog.php(7): CodeIgniter\Debug\Exceptions->errorHandler(2, 'require_once():...', 'C:\\xampp8\\htdoc...', 7)
#1 C:\xampp8\htdocs\hiddengem\app\Views\v_blog.php(7): require_once()
#2 C:\xampp8\htdocs\hiddengem\system\View\View.php(210): include('C:\\xampp8\\htdoc...')
#3 C:\xampp8\htdocs\hiddengem\system\View\View.php(213): CodeIgniter\View\View->CodeIgniter\View\{closure}()
#4 C:\xampp8\htdocs\hiddengem\system\Common.php(1089): CodeIgniter\View\View->render('v_blog', Array, true)
#5 C:\xampp8\htdocs\hiddengem\app\Views\layout\v_content.php(4): view('v_blog')
#6 C:\xampp8\htdocs\hiddengem\system\View\View.php(210): include('C:\\xampp8\\htdoc...')
#7 C:\xampp8\htdocs\hiddengem\system\View\View.php(213): CodeIgniter\View\View->CodeIgniter\View\{closure}()
#8 C:\xampp8\htdocs\hiddengem\system\Common.php(1089): CodeIgniter\View\View->render('layout/v_conten...', Array, true)
#9 C:\xampp8\htdocs\hiddengem\app\Views\layout\v_wrapper.php(5): view('layout/v_conten...')
#10 C:\xampp8\htdocs\hiddengem\system\View\View.php(210): include('C:\\xampp8\\htdoc...')
#11 C:\xampp8\htdocs\hiddengem\system\View\View.php(213): CodeIgniter\View\View->CodeIgniter\View\{closure}()
#12 C:\xampp8\htdocs\hiddengem\system\Common.php(1089): CodeIgniter\View\View->render('layout/v_wrappe...', Array, true)
#13 C:\xampp8\htdocs\hiddengem\app\Controllers\Blog.php(13): view('layout/v_wrappe...', Array)
#14 C:\xampp8\htdocs\hiddengem\system\CodeIgniter.php(832): App\Controllers\Blog->index()
#15 C:\xampp8\htdocs\hiddengem\system\CodeIgniter.php(419): CodeIgniter\CodeIgniter->runController(Object(App\Controllers\Blog))
#16 C:\xampp8\htdocs\hiddengem\system\CodeIgniter.php(326): CodeIgniter\CodeIgniter->handleRequest(NULL, Object(Config\Cache), false)
#17 C:\xampp8\htdocs\hiddengem\public\index.php(37): CodeIgniter\CodeIgniter->run()
#18 {main}
CRITICAL - 2022-03-31 02:19:16 --> require_once(../../public/scrapper/simple_html_dom.php): Failed to open stream: No such file or directory
#0 C:\xampp8\htdocs\hiddengem\app\Views\v_blog.php(7): CodeIgniter\Debug\Exceptions->errorHandler(2, 'require_once(.....', 'C:\\xampp8\\htdoc...', 7)
#1 C:\xampp8\htdocs\hiddengem\app\Views\v_blog.php(7): require_once()
#2 C:\xampp8\htdocs\hiddengem\system\View\View.php(210): include('C:\\xampp8\\htdoc...')
#3 C:\xampp8\htdocs\hiddengem\system\View\View.php(213): CodeIgniter\View\View->CodeIgniter\View\{closure}()
#4 C:\xampp8\htdocs\hiddengem\system\Common.php(1089): CodeIgniter\View\View->render('v_blog', Array, true)
#5 C:\xampp8\htdocs\hiddengem\app\Views\layout\v_content.php(4): view('v_blog')
#6 C:\xampp8\htdocs\hiddengem\system\View\View.php(210): include('C:\\xampp8\\htdoc...')
#7 C:\xampp8\htdocs\hiddengem\system\View\View.php(213): CodeIgniter\View\View->CodeIgniter\View\{closure}()
#8 C:\xampp8\htdocs\hiddengem\system\Common.php(1089): CodeIgniter\View\View->render('layout/v_conten...', Array, true)
#9 C:\xampp8\htdocs\hiddengem\app\Views\layout\v_wrapper.php(5): view('layout/v_conten...')
#10 C:\xampp8\htdocs\hiddengem\system\View\View.php(210): include('C:\\xampp8\\htdoc...')
#11 C:\xampp8\htdocs\hiddengem\system\View\View.php(213): CodeIgniter\View\View->CodeIgniter\View\{closure}()
#12 C:\xampp8\htdocs\hiddengem\system\Common.php(1089): CodeIgniter\View\View->render('layout/v_wrappe...', Array, true)
#13 C:\xampp8\htdocs\hiddengem\app\Controllers\Blog.php(13): view('layout/v_wrappe...', Array)
#14 C:\xampp8\htdocs\hiddengem\system\CodeIgniter.php(832): App\Controllers\Blog->index()
#15 C:\xampp8\htdocs\hiddengem\system\CodeIgniter.php(419): CodeIgniter\CodeIgniter->runController(Object(App\Controllers\Blog))
#16 C:\xampp8\htdocs\hiddengem\system\CodeIgniter.php(326): CodeIgniter\CodeIgniter->handleRequest(NULL, Object(Config\Cache), false)
#17 C:\xampp8\htdocs\hiddengem\public\index.php(37): CodeIgniter\CodeIgniter->run()
#18 {main}
CRITICAL - 2022-03-31 02:19:27 --> require_once(public/scrapper/simple_html_dom.php): Failed to open stream: No such file or directory
#0 C:\xampp8\htdocs\hiddengem\app\Views\v_blog.php(7): CodeIgniter\Debug\Exceptions->errorHandler(2, 'require_once(pu...', 'C:\\xampp8\\htdoc...', 7)
#1 C:\xampp8\htdocs\hiddengem\app\Views\v_blog.php(7): require_once()
#2 C:\xampp8\htdocs\hiddengem\system\View\View.php(210): include('C:\\xampp8\\htdoc...')
#3 C:\xampp8\htdocs\hiddengem\system\View\View.php(213): CodeIgniter\View\View->CodeIgniter\View\{closure}()
#4 C:\xampp8\htdocs\hiddengem\system\Common.php(1089): CodeIgniter\View\View->render('v_blog', Array, true)
#5 C:\xampp8\htdocs\hiddengem\app\Views\layout\v_content.php(4): view('v_blog')
#6 C:\xampp8\htdocs\hiddengem\system\View\View.php(210): include('C:\\xampp8\\htdoc...')
#7 C:\xampp8\htdocs\hiddengem\system\View\View.php(213): CodeIgniter\View\View->CodeIgniter\View\{closure}()
#8 C:\xampp8\htdocs\hiddengem\system\Common.php(1089): CodeIgniter\View\View->render('layout/v_conten...', Array, true)
#9 C:\xampp8\htdocs\hiddengem\app\Views\layout\v_wrapper.php(5): view('layout/v_conten...')
#10 C:\xampp8\htdocs\hiddengem\system\View\View.php(210): include('C:\\xampp8\\htdoc...')
#11 C:\xampp8\htdocs\hiddengem\system\View\View.php(213): CodeIgniter\View\View->CodeIgniter\View\{closure}()
#12 C:\xampp8\htdocs\hiddengem\system\Common.php(1089): CodeIgniter\View\View->render('layout/v_wrappe...', Array, true)
#13 C:\xampp8\htdocs\hiddengem\app\Controllers\Blog.php(13): view('layout/v_wrappe...', Array)
#14 C:\xampp8\htdocs\hiddengem\system\CodeIgniter.php(832): App\Controllers\Blog->index()
#15 C:\xampp8\htdocs\hiddengem\system\CodeIgniter.php(419): CodeIgniter\CodeIgniter->runController(Object(App\Controllers\Blog))
#16 C:\xampp8\htdocs\hiddengem\system\CodeIgniter.php(326): CodeIgniter\CodeIgniter->handleRequest(NULL, Object(Config\Cache), false)
#17 C:\xampp8\htdocs\hiddengem\public\index.php(37): CodeIgniter\CodeIgniter->run()
#18 {main}
CRITICAL - 2022-03-31 02:19:39 --> require_once(): http:// wrapper is disabled in the server configuration by allow_url_include=0
#0 C:\xampp8\htdocs\hiddengem\app\Views\v_blog.php(7): CodeIgniter\Debug\Exceptions->errorHandler(2, 'require_once():...', 'C:\\xampp8\\htdoc...', 7)
#1 C:\xampp8\htdocs\hiddengem\app\Views\v_blog.php(7): require_once()
#2 C:\xampp8\htdocs\hiddengem\system\View\View.php(210): include('C:\\xampp8\\htdoc...')
#3 C:\xampp8\htdocs\hiddengem\system\View\View.php(213): CodeIgniter\View\View->CodeIgniter\View\{closure}()
#4 C:\xampp8\htdocs\hiddengem\system\Common.php(1089): CodeIgniter\View\View->render('v_blog', Array, true)
#5 C:\xampp8\htdocs\hiddengem\app\Views\layout\v_content.php(4): view('v_blog')
#6 C:\xampp8\htdocs\hiddengem\system\View\View.php(210): include('C:\\xampp8\\htdoc...')
#7 C:\xampp8\htdocs\hiddengem\system\View\View.php(213): CodeIgniter\View\View->CodeIgniter\View\{closure}()
#8 C:\xampp8\htdocs\hiddengem\system\Common.php(1089): CodeIgniter\View\View->render('layout/v_conten...', Array, true)
#9 C:\xampp8\htdocs\hiddengem\app\Views\layout\v_wrapper.php(5): view('layout/v_conten...')
#10 C:\xampp8\htdocs\hiddengem\system\View\View.php(210): include('C:\\xampp8\\htdoc...')
#11 C:\xampp8\htdocs\hiddengem\system\View\View.php(213): CodeIgniter\View\View->CodeIgniter\View\{closure}()
#12 C:\xampp8\htdocs\hiddengem\system\Common.php(1089): CodeIgniter\View\View->render('layout/v_wrappe...', Array, true)
#13 C:\xampp8\htdocs\hiddengem\app\Controllers\Blog.php(13): view('layout/v_wrappe...', Array)
#14 C:\xampp8\htdocs\hiddengem\system\CodeIgniter.php(832): App\Controllers\Blog->index()
#15 C:\xampp8\htdocs\hiddengem\system\CodeIgniter.php(419): CodeIgniter\CodeIgniter->runController(Object(App\Controllers\Blog))
#16 C:\xampp8\htdocs\hiddengem\system\CodeIgniter.php(326): CodeIgniter\CodeIgniter->handleRequest(NULL, Object(Config\Cache), false)
#17 C:\xampp8\htdocs\hiddengem\public\index.php(37): CodeIgniter\CodeIgniter->run()
#18 {main}
CRITICAL - 2022-03-31 02:20:03 --> require_once(): http:// wrapper is disabled in the server configuration by allow_url_include=0
#0 C:\xampp8\htdocs\hiddengem\app\Views\v_blog.php(7): CodeIgniter\Debug\Exceptions->errorHandler(2, 'require_once():...', 'C:\\xampp8\\htdoc...', 7)
#1 C:\xampp8\htdocs\hiddengem\app\Views\v_blog.php(7): require_once()
#2 C:\xampp8\htdocs\hiddengem\system\View\View.php(210): include('C:\\xampp8\\htdoc...')
#3 C:\xampp8\htdocs\hiddengem\system\View\View.php(213): CodeIgniter\View\View->CodeIgniter\View\{closure}()
#4 C:\xampp8\htdocs\hiddengem\system\Common.php(1089): CodeIgniter\View\View->render('v_blog', Array, true)
#5 C:\xampp8\htdocs\hiddengem\app\Views\layout\v_content.php(4): view('v_blog')
#6 C:\xampp8\htdocs\hiddengem\system\View\View.php(210): include('C:\\xampp8\\htdoc...')
#7 C:\xampp8\htdocs\hiddengem\system\View\View.php(213): CodeIgniter\View\View->CodeIgniter\View\{closure}()
#8 C:\xampp8\htdocs\hiddengem\system\Common.php(1089): CodeIgniter\View\View->render('layout/v_conten...', Array, true)
#9 C:\xampp8\htdocs\hiddengem\app\Views\layout\v_wrapper.php(5): view('layout/v_conten...')
#10 C:\xampp8\htdocs\hiddengem\system\View\View.php(210): include('C:\\xampp8\\htdoc...')
#11 C:\xampp8\htdocs\hiddengem\system\View\View.php(213): CodeIgniter\View\View->CodeIgniter\View\{closure}()
#12 C:\xampp8\htdocs\hiddengem\system\Common.php(1089): CodeIgniter\View\View->render('layout/v_wrappe...', Array, true)
#13 C:\xampp8\htdocs\hiddengem\app\Controllers\Blog.php(13): view('layout/v_wrappe...', Array)
#14 C:\xampp8\htdocs\hiddengem\system\CodeIgniter.php(832): App\Controllers\Blog->index()
#15 C:\xampp8\htdocs\hiddengem\system\CodeIgniter.php(419): CodeIgniter\CodeIgniter->runController(Object(App\Controllers\Blog))
#16 C:\xampp8\htdocs\hiddengem\system\CodeIgniter.php(326): CodeIgniter\CodeIgniter->handleRequest(NULL, Object(Config\Cache), false)
#17 C:\xampp8\htdocs\hiddengem\public\index.php(37): CodeIgniter\CodeIgniter->run()
#18 {main}
CRITICAL - 2022-03-31 02:21:03 --> require_once(C:\xampp8\htdocs\hiddengem\app\Views): Failed to open stream: Permission denied
#0 C:\xampp8\htdocs\hiddengem\app\Views\v_blog.php(7): CodeIgniter\Debug\Exceptions->errorHandler(2, 'require_once(C:...', 'C:\\xampp8\\htdoc...', 7)
#1 C:\xampp8\htdocs\hiddengem\app\Views\v_blog.php(7): require_once()
#2 C:\xampp8\htdocs\hiddengem\system\View\View.php(210): include('C:\\xampp8\\htdoc...')
#3 C:\xampp8\htdocs\hiddengem\system\View\View.php(213): CodeIgniter\View\View->CodeIgniter\View\{closure}()
#4 C:\xampp8\htdocs\hiddengem\system\Common.php(1089): CodeIgniter\View\View->render('v_blog', Array, true)
#5 C:\xampp8\htdocs\hiddengem\app\Views\layout\v_content.php(4): view('v_blog')
#6 C:\xampp8\htdocs\hiddengem\system\View\View.php(210): include('C:\\xampp8\\htdoc...')
#7 C:\xampp8\htdocs\hiddengem\system\View\View.php(213): CodeIgniter\View\View->CodeIgniter\View\{closure}()
#8 C:\xampp8\htdocs\hiddengem\system\Common.php(1089): CodeIgniter\View\View->render('layout/v_conten...', Array, true)
#9 C:\xampp8\htdocs\hiddengem\app\Views\layout\v_wrapper.php(5): view('layout/v_conten...')
#10 C:\xampp8\htdocs\hiddengem\system\View\View.php(210): include('C:\\xampp8\\htdoc...')
#11 C:\xampp8\htdocs\hiddengem\system\View\View.php(213): CodeIgniter\View\View->CodeIgniter\View\{closure}()
#12 C:\xampp8\htdocs\hiddengem\system\Common.php(1089): CodeIgniter\View\View->render('layout/v_wrappe...', Array, true)
#13 C:\xampp8\htdocs\hiddengem\app\Controllers\Blog.php(13): view('layout/v_wrappe...', Array)
#14 C:\xampp8\htdocs\hiddengem\system\CodeIgniter.php(832): App\Controllers\Blog->index()
#15 C:\xampp8\htdocs\hiddengem\system\CodeIgniter.php(419): CodeIgniter\CodeIgniter->runController(Object(App\Controllers\Blog))
#16 C:\xampp8\htdocs\hiddengem\system\CodeIgniter.php(326): CodeIgniter\CodeIgniter->handleRequest(NULL, Object(Config\Cache), false)
#17 C:\xampp8\htdocs\hiddengem\public\index.php(37): CodeIgniter\CodeIgniter->run()
#18 {main}
CRITICAL - 2022-03-31 02:21:45 --> Call to undefined function file_get_html()
#0 C:\xampp8\htdocs\hiddengem\system\View\View.php(210): include()
#1 C:\xampp8\htdocs\hiddengem\system\View\View.php(213): CodeIgniter\View\View->CodeIgniter\View\{closure}()
#2 C:\xampp8\htdocs\hiddengem\system\Common.php(1089): CodeIgniter\View\View->render('v_blog', Array, true)
#3 C:\xampp8\htdocs\hiddengem\app\Views\layout\v_content.php(4): view('v_blog')
#4 C:\xampp8\htdocs\hiddengem\system\View\View.php(210): include('C:\\xampp8\\htdoc...')
#5 C:\xampp8\htdocs\hiddengem\system\View\View.php(213): CodeIgniter\View\View->CodeIgniter\View\{closure}()
#6 C:\xampp8\htdocs\hiddengem\system\Common.php(1089): CodeIgniter\View\View->render('layout/v_conten...', Array, true)
#7 C:\xampp8\htdocs\hiddengem\app\Views\layout\v_wrapper.php(5): view('layout/v_conten...')
#8 C:\xampp8\htdocs\hiddengem\system\View\View.php(210): include('C:\\xampp8\\htdoc...')
#9 C:\xampp8\htdocs\hiddengem\system\View\View.php(213): CodeIgniter\View\View->CodeIgniter\View\{closure}()
#10 C:\xampp8\htdocs\hiddengem\system\Common.php(1089): CodeIgniter\View\View->render('layout/v_wrappe...', Array, true)
#11 C:\xampp8\htdocs\hiddengem\app\Controllers\Blog.php(13): view('layout/v_wrappe...', Array)
#12 C:\xampp8\htdocs\hiddengem\system\CodeIgniter.php(832): App\Controllers\Blog->index()
#13 C:\xampp8\htdocs\hiddengem\system\CodeIgniter.php(419): CodeIgniter\CodeIgniter->runController(Object(App\Controllers\Blog))
#14 C:\xampp8\htdocs\hiddengem\system\CodeIgniter.php(326): CodeIgniter\CodeIgniter->handleRequest(NULL, Object(Config\Cache), false)
#15 C:\xampp8\htdocs\hiddengem\public\index.php(37): CodeIgniter\CodeIgniter->run()
#16 {main}
